

================================================================
== Vitis HLS Report for 'MAC_Pipeline_VITIS_LOOP_56_2'
================================================================
* Date:           Wed Oct 30 15:12:57 2024

* Version:        2022.2 (Build 3670227 on Oct 13 2022)
* Project:        MAC
* Solution:       solution1 (Vivado IP Flow Target)
* Product family: artix7
* Target device:  xc7a35t-cpg236-1


================================================================
== Performance Estimates
================================================================
+ Timing: 
    * Summary: 
    +--------+----------+----------+------------+
    |  Clock |  Target  | Estimated| Uncertainty|
    +--------+----------+----------+------------+
    |ap_clk  |  10.00 ns|  6.073 ns|     2.70 ns|
    +--------+----------+----------+------------+

+ Latency: 
    * Summary: 
    +---------+---------+----------+----------+-----+-----+---------+
    |  Latency (cycles) |  Latency (absolute) |  Interval | Pipeline|
    |   min   |   max   |    min   |    max   | min | max |   Type  |
    +---------+---------+----------+----------+-----+-----+---------+
    |        ?|        ?|         ?|         ?|    ?|    ?|       no|
    +---------+---------+----------+----------+-----+-----+---------+

    + Detail: 
        * Instance: 
        N/A

        * Loop: 
        +-------------------+---------+---------+----------+-----------+-----------+------+----------+
        |                   |  Latency (cycles) | Iteration|  Initiation Interval  | Trip |          |
        |     Loop Name     |   min   |   max   |  Latency |  achieved |   target  | Count| Pipelined|
        +-------------------+---------+---------+----------+-----------+-----------+------+----------+
        |- VITIS_LOOP_56_2  |        ?|        ?|        18|         15|          1|     ?|       yes|
        +-------------------+---------+---------+----------+-----------+-----------+------+----------+



================================================================
== Utilization Estimates
================================================================
* Summary: 
+-----------------+---------+----+-------+-------+-----+
|       Name      | BRAM_18K| DSP|   FF  |  LUT  | URAM|
+-----------------+---------+----+-------+-------+-----+
|DSP              |        -|   -|      -|      -|    -|
|Expression       |        -|   -|      0|    120|    -|
|FIFO             |        -|   -|      -|      -|    -|
|Instance         |        -|   2|    306|    231|    -|
|Memory           |        0|   -|     32|      7|    -|
|Multiplexer      |        -|   -|      -|    267|    -|
|Register         |        -|   -|    499|      -|    -|
+-----------------+---------+----+-------+-------+-----+
|Total            |        0|   2|    837|    625|    0|
+-----------------+---------+----+-------+-------+-----+
|Available        |      100|  90|  41600|  20800|    0|
+-----------------+---------+----+-------+-------+-----+
|Utilization (%)  |        0|   2|      2|      3|    0|
+-----------------+---------+----+-------+-------+-----+

+ Detail: 
    * Instance: 
    +------------------------------------+--------------------------------+---------+----+-----+-----+-----+
    |              Instance              |             Module             | BRAM_18K| DSP|  FF | LUT | URAM|
    +------------------------------------+--------------------------------+---------+----+-----+-----+-----+
    |fadd_32ns_32ns_32_7_full_dsp_1_U11  |fadd_32ns_32ns_32_7_full_dsp_1  |        0|   2|  306|  231|    0|
    +------------------------------------+--------------------------------+---------+----+-----+-----+-----+
    |Total                               |                                |        0|   2|  306|  231|    0|
    +------------------------------------+--------------------------------+---------+----+-----+-----+-----+

    * DSP: 
    N/A

    * Memory: 
    +---------------+------------------------------------------------------+---------+----+----+-----+------+-----+------+-------------+
    |     Memory    |                        Module                        | BRAM_18K| FF | LUT| URAM| Words| Bits| Banks| W*Bits*Banks|
    +---------------+------------------------------------------------------+---------+----+----+-----+------+-----+------+-------------+
    |MAC_tanh_in_U  |MAC_Pipeline_VITIS_LOOP_56_2_MAC_tanh_in_ROM_AUTO_1R  |        0|  32|   7|    0|    13|   32|     1|          416|
    +---------------+------------------------------------------------------+---------+----+----+-----+------+-----+------+-------------+
    |Total          |                                                      |        0|  32|   7|    0|    13|   32|     1|          416|
    +---------------+------------------------------------------------------+---------+----+----+-----+------+-----+------+-------------+

    * FIFO: 
    N/A

    * Expression: 
    +-----------------------+----------+----+---+----+------------+------------+
    |     Variable Name     | Operation| DSP| FF| LUT| Bitwidth P0| Bitwidth P1|
    +-----------------------+----------+----+---+----+------------+------------+
    |add_ln56_fu_190_p2     |         +|   0|  0|  38|          31|           1|
    |and_ln58_fu_249_p2     |       and|   0|  0|   2|           1|           1|
    |icmp_ln56_fu_185_p2    |      icmp|   0|  0|  18|          32|          32|
    |icmp_ln58_1_fu_237_p2  |      icmp|   0|  0|  15|          23|           1|
    |icmp_ln58_fu_231_p2    |      icmp|   0|  0|  11|           8|           2|
    |or_ln58_fu_243_p2      |        or|   0|  0|   2|           1|           1|
    |select_ln67_fu_255_p3  |    select|   0|  0|  32|           1|          30|
    |ap_enable_pp0          |       xor|   0|  0|   2|           1|           2|
    +-----------------------+----------+----+---+----+------------+------------+
    |Total                  |          |   0|  0| 120|          98|          70|
    +-----------------------+----------+----+---+----+------------+------------+

    * Multiplexer: 
    +-----------------------------+----+-----------+-----+-----------+
    |             Name            | LUT| Input Size| Bits| Total Bits|
    +-----------------------------+----+-----------+-----+-----------+
    |ap_NS_fsm                    |  65|         16|    1|         16|
    |ap_done_int                  |   9|          2|    1|          2|
    |ap_enable_reg_pp0_iter0      |   9|          2|    1|          2|
    |ap_enable_reg_pp0_iter0_reg  |   9|          2|    1|          2|
    |ap_enable_reg_pp0_iter1      |   9|          2|    1|          2|
    |ap_sig_allocacmp_xold_load   |   9|          2|   32|         64|
    |ap_sig_allocacmp_y_load      |   9|          2|   32|         64|
    |grp_fu_115_opcode            |  13|          3|    2|          6|
    |grp_fu_115_p0                |  13|          3|   32|         96|
    |grp_fu_115_p1                |  13|          3|   32|         96|
    |grp_fu_123_p0                |  17|          4|   32|        128|
    |grp_fu_123_p1                |  21|          5|   32|        160|
    |grp_fu_128_p0                |  13|          3|   32|         96|
    |grp_fu_128_p1                |  13|          3|   32|         96|
    |i_fu_72                      |   9|          2|   31|         62|
    |pow_fu_68                    |   9|          2|   32|         64|
    |xold_fu_64                   |   9|          2|   32|         64|
    |y_fu_60                      |   9|          2|   32|         64|
    |z_fu_56                      |   9|          2|   32|         64|
    +-----------------------------+----+-----------+-----+-----------+
    |Total                        | 267|         62|  422|       1148|
    +-----------------------------+----+-----------+-----+-----------+

    * Register: 
    +-----------------------------+----+----+-----+-----------+
    |             Name            | FF | LUT| Bits| Const Bits|
    +-----------------------------+----+----+-----+-----------+
    |MAC_tanh_in_load_reg_369     |  32|   0|   32|          0|
    |ap_CS_fsm                    |  15|   0|   15|          0|
    |ap_done_reg                  |   1|   0|    1|          0|
    |ap_enable_reg_pp0_iter0_reg  |   1|   0|    1|          0|
    |ap_enable_reg_pp0_iter1      |   1|   0|    1|          0|
    |i_fu_72                      |  31|   0|   31|          0|
    |icmp_ln56_reg_340            |   1|   0|    1|          0|
    |mul7_reg_386                 |  32|   0|   32|          0|
    |pow_fu_68                    |  32|   0|   32|          0|
    |pow_load_reg_351             |  32|   0|   32|          0|
    |reg_137                      |  32|   0|   32|          0|
    |reg_143                      |  32|   0|   32|          0|
    |reg_149                      |  32|   0|   32|          0|
    |select_ln67_reg_363          |   1|   0|   32|         31|
    |xold_fu_64                   |  32|   0|   32|          0|
    |xold_load_reg_380            |  32|   0|   32|          0|
    |y_1_reg_391                  |  32|   0|   32|          0|
    |y_fu_60                      |  32|   0|   32|          0|
    |y_load_reg_374               |  32|   0|   32|          0|
    |z_fu_56                      |  32|   0|   32|          0|
    |z_load_reg_344               |  32|   0|   32|          0|
    +-----------------------------+----+----+-----+-----------+
    |Total                        | 499|   0|  530|         31|
    +-----------------------------+----+----+-----+-----------+



================================================================
== Interface
================================================================
* Summary: 
+---------------------+-----+-----+------------+------------------------------+--------------+
|      RTL Ports      | Dir | Bits|  Protocol  |         Source Object        |    C Type    |
+---------------------+-----+-----+------------+------------------------------+--------------+
|ap_clk               |   in|    1|  ap_ctrl_hs|  MAC_Pipeline_VITIS_LOOP_56_2|  return value|
|ap_rst               |   in|    1|  ap_ctrl_hs|  MAC_Pipeline_VITIS_LOOP_56_2|  return value|
|ap_start             |   in|    1|  ap_ctrl_hs|  MAC_Pipeline_VITIS_LOOP_56_2|  return value|
|ap_done              |  out|    1|  ap_ctrl_hs|  MAC_Pipeline_VITIS_LOOP_56_2|  return value|
|ap_idle              |  out|    1|  ap_ctrl_hs|  MAC_Pipeline_VITIS_LOOP_56_2|  return value|
|ap_ready             |  out|    1|  ap_ctrl_hs|  MAC_Pipeline_VITIS_LOOP_56_2|  return value|
|grp_fu_173_p_din0    |  out|   32|  ap_ctrl_hs|  MAC_Pipeline_VITIS_LOOP_56_2|  return value|
|grp_fu_173_p_din1    |  out|   32|  ap_ctrl_hs|  MAC_Pipeline_VITIS_LOOP_56_2|  return value|
|grp_fu_173_p_opcode  |  out|    2|  ap_ctrl_hs|  MAC_Pipeline_VITIS_LOOP_56_2|  return value|
|grp_fu_173_p_dout0   |   in|   32|  ap_ctrl_hs|  MAC_Pipeline_VITIS_LOOP_56_2|  return value|
|grp_fu_173_p_ce      |  out|    1|  ap_ctrl_hs|  MAC_Pipeline_VITIS_LOOP_56_2|  return value|
|grp_fu_161_p_din0    |  out|   32|  ap_ctrl_hs|  MAC_Pipeline_VITIS_LOOP_56_2|  return value|
|grp_fu_161_p_din1    |  out|   32|  ap_ctrl_hs|  MAC_Pipeline_VITIS_LOOP_56_2|  return value|
|grp_fu_161_p_dout0   |   in|   32|  ap_ctrl_hs|  MAC_Pipeline_VITIS_LOOP_56_2|  return value|
|grp_fu_161_p_ce      |  out|    1|  ap_ctrl_hs|  MAC_Pipeline_VITIS_LOOP_56_2|  return value|
|grp_fu_165_p_din0    |  out|   32|  ap_ctrl_hs|  MAC_Pipeline_VITIS_LOOP_56_2|  return value|
|grp_fu_165_p_din1    |  out|   32|  ap_ctrl_hs|  MAC_Pipeline_VITIS_LOOP_56_2|  return value|
|grp_fu_165_p_dout0   |   in|   32|  ap_ctrl_hs|  MAC_Pipeline_VITIS_LOOP_56_2|  return value|
|grp_fu_165_p_ce      |  out|    1|  ap_ctrl_hs|  MAC_Pipeline_VITIS_LOOP_56_2|  return value|
|grp_fu_169_p_din0    |  out|   32|  ap_ctrl_hs|  MAC_Pipeline_VITIS_LOOP_56_2|  return value|
|grp_fu_169_p_din1    |  out|   32|  ap_ctrl_hs|  MAC_Pipeline_VITIS_LOOP_56_2|  return value|
|grp_fu_169_p_opcode  |  out|    5|  ap_ctrl_hs|  MAC_Pipeline_VITIS_LOOP_56_2|  return value|
|grp_fu_169_p_dout0   |   in|    1|  ap_ctrl_hs|  MAC_Pipeline_VITIS_LOOP_56_2|  return value|
|grp_fu_169_p_ce      |  out|    1|  ap_ctrl_hs|  MAC_Pipeline_VITIS_LOOP_56_2|  return value|
|z_5_reload           |   in|   32|     ap_none|                    z_5_reload|        scalar|
|j                    |   in|   32|     ap_none|                             j|        scalar|
|x_2_out              |  out|   32|      ap_vld|                       x_2_out|       pointer|
|x_2_out_ap_vld       |  out|    1|      ap_vld|                       x_2_out|       pointer|
|y_out                |  out|   32|      ap_vld|                         y_out|       pointer|
|y_out_ap_vld         |  out|    1|      ap_vld|                         y_out|       pointer|
+---------------------+-----+-----+------------+------------------------------+--------------+

