

================================================================
== Vitis HLS Report for 'MAC'
================================================================
* Date:           Wed Oct 30 15:12:58 2024

* Version:        2022.2 (Build 3670227 on Oct 13 2022)
* Project:        MAC
* Solution:       solution1 (Vivado IP Flow Target)
* Product family: artix7
* Target device:  xc7a35t-cpg236-1


================================================================
== Performance Estimates
================================================================
+ Timing: 
    * Summary: 
    +--------+----------+----------+------------+
    |  Clock |  Target  | Estimated| Uncertainty|
    +--------+----------+----------+------------+
    |ap_clk  |  10.00 ns|  6.301 ns|     2.70 ns|
    +--------+----------+----------+------------+

+ Latency: 
    * Summary: 
    +---------+---------+----------+----------+-----+-----+---------+
    |  Latency (cycles) |  Latency (absolute) |  Interval | Pipeline|
    |   min   |   max   |    min   |    max   | min | max |   Type  |
    +---------+---------+----------+----------+-----+-----+---------+
    |        ?|        ?|         ?|         ?|    ?|    ?|       no|
    +---------+---------+----------+----------+-----+-----+---------+

    + Detail: 
        * Instance: 
        +----------------------------------------+------------------------------+---------+---------+----------+----------+-----+-----+---------+
        |                                        |                              |  Latency (cycles) |  Latency (absolute) |  Interval | Pipeline|
        |                Instance                |            Module            |   min   |   max   |    min   |    max   | min | max |   Type  |
        +----------------------------------------+------------------------------+---------+---------+----------+----------+-----+-----+---------+
        |grp_MAC_Pipeline_VITIS_LOOP_26_1_fu_74  |MAC_Pipeline_VITIS_LOOP_26_1  |        ?|        ?|         ?|         ?|    ?|    ?|       no|
        |grp_MAC_Pipeline_VITIS_LOOP_56_2_fu_87  |MAC_Pipeline_VITIS_LOOP_56_2  |        ?|        ?|         ?|         ?|    ?|    ?|       no|
        +----------------------------------------+------------------------------+---------+---------+----------+----------+-----+-----+---------+

        * Loop: 
        N/A



================================================================
== Utilization Estimates
================================================================
* Summary: 
+-----------------+---------+----+-------+-------+-----+
|       Name      | BRAM_18K| DSP|   FF  |  LUT  | URAM|
+-----------------+---------+----+-------+-------+-----+
|DSP              |        -|   -|      -|      -|    -|
|Expression       |        -|   -|      -|      -|    -|
|FIFO             |        -|   -|      -|      -|    -|
|Instance         |        0|  10|   1734|   1467|    -|
|Memory           |        -|   -|      -|      -|    -|
|Multiplexer      |        -|   -|      -|    288|    -|
|Register         |        -|   -|     22|      -|    -|
+-----------------+---------+----+-------+-------+-----+
|Total            |        0|  10|   1756|   1755|    0|
+-----------------+---------+----+-------+-------+-----+
|Available        |      100|  90|  41600|  20800|    0|
+-----------------+---------+----+-------+-------+-----+
|Utilization (%)  |        0|  11|      4|      8|    0|
+-----------------+---------+----+-------+-------+-----+

+ Detail: 
    * Instance: 
    +----------------------------------------+------------------------------------+---------+----+-----+-----+-----+
    |                Instance                |               Module               | BRAM_18K| DSP|  FF | LUT | URAM|
    +----------------------------------------+------------------------------------+---------+----+-----+-----+-----+
    |grp_MAC_Pipeline_VITIS_LOOP_26_1_fu_74  |MAC_Pipeline_VITIS_LOOP_26_1        |        0|   0|  305|  331|    0|
    |grp_MAC_Pipeline_VITIS_LOOP_56_2_fu_87  |MAC_Pipeline_VITIS_LOOP_56_2        |        0|   2|  837|  625|    0|
    |faddfsub_32ns_32ns_32_7_full_dsp_1_U25  |faddfsub_32ns_32ns_32_7_full_dsp_1  |        0|   2|  306|  231|    0|
    |fcmp_32ns_32ns_1_2_no_dsp_1_U24         |fcmp_32ns_32ns_1_2_no_dsp_1         |        0|   0|    0|    0|    0|
    |fdiv_32ns_32ns_32_16_no_dsp_1_U21       |fdiv_32ns_32ns_32_16_no_dsp_1       |        0|   0|    0|    0|    0|
    |fmul_32ns_32ns_32_4_max_dsp_1_U22       |fmul_32ns_32ns_32_4_max_dsp_1       |        0|   3|  143|  140|    0|
    |fmul_32ns_32ns_32_4_max_dsp_1_U23       |fmul_32ns_32ns_32_4_max_dsp_1       |        0|   3|  143|  140|    0|
    +----------------------------------------+------------------------------------+---------+----+-----+-----+-----+
    |Total                                   |                                    |        0|  10| 1734| 1467|    0|
    +----------------------------------------+------------------------------------+---------+----+-----+-----+-----+

    * DSP: 
    N/A

    * Memory: 
    N/A

    * FIFO: 
    N/A

    * Expression: 
    N/A

    * Multiplexer: 
    +-------------------+-----+-----------+-----+-----------+
    |        Name       | LUT | Input Size| Bits| Total Bits|
    +-------------------+-----+-----------+-----+-----------+
    |ap_NS_fsm          |  106|         21|    1|         21|
    |grp_fu_161_ce      |   13|          3|    1|          3|
    |grp_fu_161_p0      |   13|          3|   32|         96|
    |grp_fu_161_p1      |   13|          3|   32|         96|
    |grp_fu_165_ce      |   13|          3|    1|          3|
    |grp_fu_165_p0      |   13|          3|   32|         96|
    |grp_fu_165_p1      |   13|          3|   32|         96|
    |grp_fu_169_ce      |   13|          3|    1|          3|
    |grp_fu_169_opcode  |   13|          3|    5|         15|
    |grp_fu_169_p0      |   13|          3|   32|         96|
    |grp_fu_169_p1      |   13|          3|   32|         96|
    |grp_fu_173_ce      |   13|          3|    1|          3|
    |grp_fu_173_opcode  |   13|          3|    2|          6|
    |grp_fu_173_p0      |   13|          3|   32|         96|
    |grp_fu_173_p1      |   13|          3|   32|         96|
    +-------------------+-----+-----------+-----+-----------+
    |Total              |  288|         63|  268|        822|
    +-------------------+-----+-----------+-----+-----------+

    * Register: 
    +-----------------------------------------------------+----+----+-----+-----------+
    |                         Name                        | FF | LUT| Bits| Const Bits|
    +-----------------------------------------------------+----+----+-----+-----------+
    |ap_CS_fsm                                            |  20|   0|   20|          0|
    |grp_MAC_Pipeline_VITIS_LOOP_26_1_fu_74_ap_start_reg  |   1|   0|    1|          0|
    |grp_MAC_Pipeline_VITIS_LOOP_56_2_fu_87_ap_start_reg  |   1|   0|    1|          0|
    +-----------------------------------------------------+----+----+-----+-----------+
    |Total                                                |  22|   0|   22|          0|
    +-----------------------------------------------------+----+----+-----+-----------+



================================================================
== Interface
================================================================
* Summary: 
+-----------+-----+-----+------------+--------------+--------------+
| RTL Ports | Dir | Bits|  Protocol  | Source Object|    C Type    |
+-----------+-----+-----+------------+--------------+--------------+
|ap_clk     |   in|    1|  ap_ctrl_hs|           MAC|  return value|
|ap_rst     |   in|    1|  ap_ctrl_hs|           MAC|  return value|
|ap_start   |   in|    1|  ap_ctrl_hs|           MAC|  return value|
|ap_done    |  out|    1|  ap_ctrl_hs|           MAC|  return value|
|ap_idle    |  out|    1|  ap_ctrl_hs|           MAC|  return value|
|ap_ready   |  out|    1|  ap_ctrl_hs|           MAC|  return value|
|ap_return  |  out|   32|  ap_ctrl_hs|           MAC|  return value|
|a          |   in|   32|     ap_none|             a|        scalar|
|b          |   in|   32|     ap_none|             b|        scalar|
|c          |   in|   32|     ap_none|             c|        scalar|
|j          |   in|   32|     ap_none|             j|        scalar|
+-----------+-----+-----+------------+--------------+--------------+

