#-----------------------------------------------------------
# Vivado v2022.2 (64-bit)
# SW Build 3671981 on Fri Oct 14 05:00:03 MDT 2022
# IP Build 3669848 on Fri Oct 14 08:30:02 MDT 2022
# Start of session at: Mon Nov  4 00:27:16 2024
# Process ID: 14072
# Current directory: C:/Users/chait/OneDrive/Desktop/FPGA/Project/tanh/cordic_tanh/solution1/.autopilot/db/ip_tmp
# Command line: vivado.exe -notrace -log vivado.log -mode batch -source run_vivado_gen_ip.tcl
# Log file: C:/Users/chait/OneDrive/Desktop/FPGA/Project/tanh/cordic_tanh/solution1/.autopilot/db/ip_tmp/vivado.log
# Journal file: C:/Users/chait/OneDrive/Desktop/FPGA/Project/tanh/cordic_tanh/solution1/.autopilot/db/ip_tmp\vivado.jou
# Running On: LAPTOP-HO0MVFJA, OS: Windows, CPU Frequency: 2496 MHz, CPU Physical cores: 8, Host memory: 8241 MB
#-----------------------------------------------------------
source run_vivado_gen_ip.tcl -notrace
INFO: [ProjectBase 1-489] The host OS only allows 260 characters in a normal path. The project is stored in a path with more than 80 characters. If you experience issues with IP, Block Designs, or files not being found, please consider moving the project to a location with a shorter path. Alternately consider using the OS subst command to map part of the path to a drive letter.
Current project path is 'C:/Users/chait/OneDrive/Desktop/FPGA/Project/tanh/cordic_tanh/solution1/.autopilot/db/ip_tmp'
create_project: Time (s): cpu = 00:00:04 ; elapsed = 00:00:12 . Memory (MB): peak = 384.746 ; gain = 43.617
INFO: [IP_Flow 19-234] Refreshing IP repositories
INFO: [IP_Flow 19-1704] No user IP repositories specified
INFO: [IP_Flow 19-2313] Loaded Vivado IP repository 'C:/Xilinx/Vivado/2022.2/data/ip'.
WARNING: [IP_Flow 19-4832] The IP name 'tanh_custom_faddfsub_32ns_32ns_32_7_full_dsp_1_ip' you have specified is long. The Windows operating system has path length limitations. It is recommended you use shorter names to reduce the likelihood of issues.
INFO: [IP_Flow 19-1686] Generating 'Synthesis' target for IP 'tanh_custom_faddfsub_32ns_32ns_32_7_full_dsp_1_ip'...
INFO: [IP_Flow 19-1686] Generating 'Simulation' target for IP 'tanh_custom_faddfsub_32ns_32ns_32_7_full_dsp_1_ip'...
WARNING: [IP_Flow 19-4832] The IP name 'tanh_custom_fadd_32ns_32ns_32_7_full_dsp_1_ip' you have specified is long. The Windows operating system has path length limitations. It is recommended you use shorter names to reduce the likelihood of issues.
INFO: [IP_Flow 19-1686] Generating 'Synthesis' target for IP 'tanh_custom_fadd_32ns_32ns_32_7_full_dsp_1_ip'...
INFO: [IP_Flow 19-1686] Generating 'Simulation' target for IP 'tanh_custom_fadd_32ns_32ns_32_7_full_dsp_1_ip'...
WARNING: [IP_Flow 19-4832] The IP name 'tanh_custom_fcmp_32ns_32ns_1_2_no_dsp_1_ip' you have specified is long. The Windows operating system has path length limitations. It is recommended you use shorter names to reduce the likelihood of issues.
INFO: [IP_Flow 19-1686] Generating 'Synthesis' target for IP 'tanh_custom_fcmp_32ns_32ns_1_2_no_dsp_1_ip'...
INFO: [IP_Flow 19-1686] Generating 'Simulation' target for IP 'tanh_custom_fcmp_32ns_32ns_1_2_no_dsp_1_ip'...
WARNING: [IP_Flow 19-4832] The IP name 'tanh_custom_fdiv_32ns_32ns_32_16_no_dsp_1_ip' you have specified is long. The Windows operating system has path length limitations. It is recommended you use shorter names to reduce the likelihood of issues.
INFO: [IP_Flow 19-1686] Generating 'Synthesis' target for IP 'tanh_custom_fdiv_32ns_32ns_32_16_no_dsp_1_ip'...
INFO: [IP_Flow 19-1686] Generating 'Simulation' target for IP 'tanh_custom_fdiv_32ns_32ns_32_16_no_dsp_1_ip'...
WARNING: [IP_Flow 19-4832] The IP name 'tanh_custom_fmul_32ns_32ns_32_4_max_dsp_1_ip' you have specified is long. The Windows operating system has path length limitations. It is recommended you use shorter names to reduce the likelihood of issues.
INFO: [IP_Flow 19-1686] Generating 'Synthesis' target for IP 'tanh_custom_fmul_32ns_32ns_32_4_max_dsp_1_ip'...
INFO: [IP_Flow 19-1686] Generating 'Simulation' target for IP 'tanh_custom_fmul_32ns_32ns_32_4_max_dsp_1_ip'...
INFO: [Common 17-206] Exiting Vivado at Mon Nov  4 00:27:52 2024...
