INFO: [VRFC 10-2263] Analyzing Verilog file "C:/Users/chait/OneDrive/Desktop/FPGA/Project/tanh/hyperbolic_tan/hyperbolic_tan.ip_user_files/ipstatic/hdl/verilog/tanh_custom_fadd_32ns_32ns_32_7_full_dsp_1.v" into library xil_defaultlib
INFO: [VRFC 10-311] analyzing module tanh_custom_fadd_32ns_32ns_32_7_full_dsp_1
INFO: [VRFC 10-2263] Analyzing Verilog file "C:/Users/chait/OneDrive/Desktop/FPGA/Project/tanh/hyperbolic_tan/hyperbolic_tan.ip_user_files/ipstatic/hdl/verilog/tanh_custom_faddfsub_32ns_32ns_32_7_full_dsp_1.v" into library xil_defaultlib
INFO: [VRFC 10-311] analyzing module tanh_custom_faddfsub_32ns_32ns_32_7_full_dsp_1
INFO: [VRFC 10-2263] Analyzing Verilog file "C:/Users/chait/OneDrive/Desktop/FPGA/Project/tanh/hyperbolic_tan/hyperbolic_tan.ip_user_files/ipstatic/hdl/verilog/tanh_custom_fcmp_32ns_32ns_1_2_no_dsp_1.v" into library xil_defaultlib
INFO: [VRFC 10-311] analyzing module tanh_custom_fcmp_32ns_32ns_1_2_no_dsp_1
INFO: [VRFC 10-2263] Analyzing Verilog file "C:/Users/chait/OneDrive/Desktop/FPGA/Project/tanh/hyperbolic_tan/hyperbolic_tan.ip_user_files/ipstatic/hdl/verilog/tanh_custom_fdiv_32ns_32ns_32_16_no_dsp_1.v" into library xil_defaultlib
INFO: [VRFC 10-311] analyzing module tanh_custom_fdiv_32ns_32ns_32_16_no_dsp_1
INFO: [VRFC 10-2263] Analyzing Verilog file "C:/Users/chait/OneDrive/Desktop/FPGA/Project/tanh/hyperbolic_tan/hyperbolic_tan.ip_user_files/ipstatic/hdl/verilog/tanh_custom_flow_control_loop_pipe_sequential_init.v" into library xil_defaultlib
INFO: [VRFC 10-311] analyzing module tanh_custom_flow_control_loop_pipe_sequential_init
INFO: [VRFC 10-2263] Analyzing Verilog file "C:/Users/chait/OneDrive/Desktop/FPGA/Project/tanh/hyperbolic_tan/hyperbolic_tan.ip_user_files/ipstatic/hdl/verilog/tanh_custom_fmul_32ns_32ns_32_4_max_dsp_1.v" into library xil_defaultlib
INFO: [VRFC 10-311] analyzing module tanh_custom_fmul_32ns_32ns_32_4_max_dsp_1
INFO: [VRFC 10-2263] Analyzing Verilog file "C:/Users/chait/OneDrive/Desktop/FPGA/Project/tanh/hyperbolic_tan/hyperbolic_tan.ip_user_files/ipstatic/hdl/verilog/tanh_custom_tanh_custom_Pipeline_VITIS_LOOP_14_1.v" into library xil_defaultlib
INFO: [VRFC 10-311] analyzing module tanh_custom_tanh_custom_Pipeline_VITIS_LOOP_14_1
INFO: [VRFC 10-2263] Analyzing Verilog file "C:/Users/chait/OneDrive/Desktop/FPGA/Project/tanh/hyperbolic_tan/hyperbolic_tan.ip_user_files/ipstatic/hdl/verilog/tanh_custom_tanh_custom_Pipeline_VITIS_LOOP_14_1_tanh_custom_tanh_in_ROM_AUTO_1R.v" into library xil_defaultlib
INFO: [VRFC 10-311] analyzing module tanh_custom_tanh_custom_Pipeline_VITIS_LOOP_14_1_tanh_custom_tanh_in_ROM_AUTO_1R
INFO: [VRFC 10-2263] Analyzing Verilog file "C:/Users/chait/OneDrive/Desktop/FPGA/Project/tanh/hyperbolic_tan/hyperbolic_tan.ip_user_files/ipstatic/hdl/verilog/tanh_custom.v" into library xil_defaultlib
INFO: [VRFC 10-311] analyzing module tanh_custom
INFO: [VRFC 10-2263] Analyzing Verilog file "C:/Users/chait/OneDrive/Desktop/FPGA/Project/tanh/hyperbolic_tan/hyperbolic_tan.ip_user_files/ipstatic/hdl/ip/tanh_custom_faddfsub_32ns_32ns_32_7_full_dsp_1_ip.v" into library xil_defaultlib
INFO: [VRFC 10-311] analyzing module tanh_custom_faddfsub_32ns_32ns_32_7_full_dsp_1_ip
INFO: [VRFC 10-2263] Analyzing Verilog file "C:/Users/chait/OneDrive/Desktop/FPGA/Project/tanh/hyperbolic_tan/hyperbolic_tan.ip_user_files/ipstatic/hdl/ip/tanh_custom_fadd_32ns_32ns_32_7_full_dsp_1_ip.v" into library xil_defaultlib
INFO: [VRFC 10-311] analyzing module tanh_custom_fadd_32ns_32ns_32_7_full_dsp_1_ip
INFO: [VRFC 10-2263] Analyzing Verilog file "C:/Users/chait/OneDrive/Desktop/FPGA/Project/tanh/hyperbolic_tan/hyperbolic_tan.ip_user_files/ipstatic/hdl/ip/tanh_custom_fcmp_32ns_32ns_1_2_no_dsp_1_ip.v" into library xil_defaultlib
INFO: [VRFC 10-311] analyzing module tanh_custom_fcmp_32ns_32ns_1_2_no_dsp_1_ip
INFO: [VRFC 10-2263] Analyzing Verilog file "C:/Users/chait/OneDrive/Desktop/FPGA/Project/tanh/hyperbolic_tan/hyperbolic_tan.ip_user_files/ipstatic/hdl/ip/tanh_custom_fdiv_32ns_32ns_32_16_no_dsp_1_ip.v" into library xil_defaultlib
INFO: [VRFC 10-311] analyzing module tanh_custom_fdiv_32ns_32ns_32_16_no_dsp_1_ip
INFO: [VRFC 10-2263] Analyzing Verilog file "C:/Users/chait/OneDrive/Desktop/FPGA/Project/tanh/hyperbolic_tan/hyperbolic_tan.ip_user_files/ipstatic/hdl/ip/tanh_custom_fmul_32ns_32ns_32_4_max_dsp_1_ip.v" into library xil_defaultlib
INFO: [VRFC 10-311] analyzing module tanh_custom_fmul_32ns_32ns_32_4_max_dsp_1_ip
INFO: [VRFC 10-2263] Analyzing Verilog file "C:/Users/chait/OneDrive/Desktop/FPGA/Project/tanh/hyperbolic_tan/hyperbolic_tan.gen/sources_1/ip/tanh_custom_0/sim/tanh_custom_0.v" into library xil_defaultlib
INFO: [VRFC 10-311] analyzing module tanh_custom_0
INFO: [VRFC 10-2263] Analyzing Verilog file "C:/Users/chait/OneDrive/Desktop/FPGA/Project/tanh/hyperbolic_tan/hyperbolic_tan.srcs/sources_1/new/tanh.v" into library xil_defaultlib
INFO: [VRFC 10-311] analyzing module tanh
INFO: [VRFC 10-2263] Analyzing Verilog file "C:/Users/chait/OneDrive/Desktop/FPGA/Project/tanh/hyperbolic_tan/hyperbolic_tan.srcs/sim_1/new/testbench.v" into library xil_defaultlib
INFO: [VRFC 10-311] analyzing module testbench
