

================================================================
== Vitis HLS Report for 'neuron'
================================================================
* Date:           Fri Nov  8 14:24:53 2024

* Version:        2022.2 (Build 3670227 on Oct 13 2022)
* Project:        neuron
* Solution:       solution1 (Vivado IP Flow Target)
* Product family: artix7
* Target device:  xc7a35t-cpg236-1


================================================================
== Performance Estimates
================================================================
+ Timing: 
    * Summary: 
    +--------+----------+----------+------------+
    |  Clock |  Target  | Estimated| Uncertainty|
    +--------+----------+----------+------------+
    |ap_clk  |  10.00 ns|  7.097 ns|     2.70 ns|
    +--------+----------+----------+------------+

+ Latency: 
    * Summary: 
    +---------+---------+----------+----------+-----+-----+---------+
    |  Latency (cycles) |  Latency (absolute) |  Interval | Pipeline|
    |   min   |   max   |    min   |    max   | min | max |   Type  |
    +---------+---------+----------+----------+-----+-----+---------+
    |      110|      110|  1.100 us|  1.100 us|  111|  111|       no|
    +---------+---------+----------+----------+-----+-----+---------+

    + Detail: 
        * Instance: 
        +-------------------------------------------+---------------------------------+---------+---------+----------+----------+-----+-----+---------+
        |                                           |                                 |  Latency (cycles) |  Latency (absolute) |  Interval | Pipeline|
        |                  Instance                 |              Module             |   min   |   max   |    min   |    max   | min | max |   Type  |
        +-------------------------------------------+---------------------------------+---------+---------+----------+----------+-----+-----+---------+
        |grp_neuron_Pipeline_VITIS_LOOP_15_1_fu_54  |neuron_Pipeline_VITIS_LOOP_15_1  |       79|       79|  0.790 us|  0.790 us|   79|   79|       no|
        +-------------------------------------------+---------------------------------+---------+---------+----------+----------+-----+-----+---------+

        * Loop: 
        N/A



================================================================
== Utilization Estimates
================================================================
* Summary: 
+-----------------+---------+----+-------+-------+-----+
|       Name      | BRAM_18K| DSP|   FF  |  LUT  | URAM|
+-----------------+---------+----+-------+-------+-----+
|DSP              |        -|   -|      -|      -|    -|
|Expression       |        -|   -|      0|     50|    -|
|FIFO             |        -|   -|      -|      -|    -|
|Instance         |        0|  10|   1401|   1099|    -|
|Memory           |        -|   -|      -|      -|    -|
|Multiplexer      |        -|   -|      -|    265|    -|
|Register         |        -|   -|    130|      -|    -|
+-----------------+---------+----+-------+-------+-----+
|Total            |        0|  10|   1531|   1414|    0|
+-----------------+---------+----+-------+-------+-----+
|Available        |      100|  90|  41600|  20800|    0|
+-----------------+---------+----+-------+-------+-----+
|Utilization (%)  |        0|  11|      3|      6|    0|
+-----------------+---------+----+-------+-------+-----+

+ Detail: 
    * Instance: 
    +-------------------------------------------+------------------------------------+---------+----+-----+-----+-----+
    |                  Instance                 |               Module               | BRAM_18K| DSP|  FF | LUT | URAM|
    +-------------------------------------------+------------------------------------+---------+----+-----+-----+-----+
    |fadd_32ns_32ns_32_7_full_dsp_1_U13         |fadd_32ns_32ns_32_7_full_dsp_1      |        0|   2|  306|  231|    0|
    |faddfsub_32ns_32ns_32_7_full_dsp_1_U12     |faddfsub_32ns_32ns_32_7_full_dsp_1  |        0|   2|  306|  231|    0|
    |fdiv_32ns_32ns_32_16_no_dsp_1_U14          |fdiv_32ns_32ns_32_16_no_dsp_1       |        0|   0|    0|    0|    0|
    |grp_neuron_Pipeline_VITIS_LOOP_15_1_fu_54  |neuron_Pipeline_VITIS_LOOP_15_1     |        0|   6|  789|  637|    0|
    +-------------------------------------------+------------------------------------+---------+----+-----+-----+-----+
    |Total                                      |                                    |        0|  10| 1401| 1099|    0|
    +-------------------------------------------+------------------------------------+---------+----+-----+-----+-----+

    * DSP: 
    N/A

    * Memory: 
    N/A

    * FIFO: 
    N/A

    * Expression: 
    +--------------------+----------+----+---+----+------------+------------+
    |    Variable Name   | Operation| DSP| FF| LUT| Bitwidth P0| Bitwidth P1|
    +--------------------+----------+----+---+----+------------+------------+
    |icmp_ln38_fu_83_p2  |      icmp|   0|  0|  18|          32|           1|
    |ap_return           |    select|   0|  0|  32|           1|          32|
    +--------------------+----------+----+---+----+------------+------------+
    |Total               |          |   0|  0|  50|          33|          33|
    +--------------------+----------+----+---+----+------------+------------+

    * Multiplexer: 
    +------------------+-----+-----------+-----+-----------+
    |       Name       | LUT | Input Size| Bits| Total Bits|
    +------------------+-----+-----------+-----+-----------+
    |ap_NS_fsm         |  152|         33|    1|         33|
    |grp_fu_64_ce      |    9|          2|    1|          2|
    |grp_fu_64_opcode  |   13|          3|    2|          6|
    |grp_fu_64_p0      |   13|          3|   32|         96|
    |grp_fu_64_p1      |   17|          4|   32|        128|
    |grp_fu_69_ce      |    9|          2|    1|          2|
    |grp_fu_69_p0      |   13|          3|   32|         96|
    |grp_fu_69_p1      |   13|          3|   32|         96|
    |grp_fu_73_p0      |   13|          3|   32|         96|
    |grp_fu_73_p1      |   13|          3|   32|         96|
    +------------------+-----+-----------+-----+-----------+
    |Total             |  265|         59|  197|        651|
    +------------------+-----+-----------+-----+-----------+

    * Register: 
    +--------------------------------------------------------+----+----+-----+-----------+
    |                          Name                          | FF | LUT| Bits| Const Bits|
    +--------------------------------------------------------+----+----+-----+-----------+
    |add1_reg_133                                            |  32|   0|   32|          0|
    |ap_CS_fsm                                               |  32|   0|   32|          0|
    |grp_neuron_Pipeline_VITIS_LOOP_15_1_fu_54_ap_start_reg  |   1|   0|    1|          0|
    |icmp_ln38_reg_122                                       |   1|   0|    1|          0|
    |reg_77                                                  |  32|   0|   32|          0|
    |tan_hyperbolic_reg_138                                  |  32|   0|   32|          0|
    +--------------------------------------------------------+----+----+-----+-----------+
    |Total                                                   | 130|   0|  130|          0|
    +--------------------------------------------------------+----+----+-----+-----------+



================================================================
== Interface
================================================================
* Summary: 
+-----------+-----+-----+------------+--------------+--------------+
| RTL Ports | Dir | Bits|  Protocol  | Source Object|    C Type    |
+-----------+-----+-----+------------+--------------+--------------+
|ap_clk     |   in|    1|  ap_ctrl_hs|        neuron|  return value|
|ap_rst     |   in|    1|  ap_ctrl_hs|        neuron|  return value|
|ap_start   |   in|    1|  ap_ctrl_hs|        neuron|  return value|
|ap_done    |  out|    1|  ap_ctrl_hs|        neuron|  return value|
|ap_idle    |  out|    1|  ap_ctrl_hs|        neuron|  return value|
|ap_ready   |  out|    1|  ap_ctrl_hs|        neuron|  return value|
|ap_return  |  out|   32|  ap_ctrl_hs|        neuron|  return value|
|angle      |   in|   32|     ap_none|         angle|        scalar|
|sel        |   in|   32|     ap_none|           sel|        scalar|
+-----------+-----+-----+------------+--------------+--------------+

