#-----------------------------------------------------------
# xsim v2022.2 (64-bit)
# SW Build 3671981 on Fri Oct 14 05:00:03 MDT 2022
# IP Build 3669848 on Fri Oct 14 08:30:02 MDT 2022
# Start of session at: Wed Oct 30 08:50:29 2024
# Process ID: 12500
# Current directory: C:/Users/chait/OneDrive/Desktop/FPGA/Project/MAC/MAC/solution2/sim/verilog
# Command line: xsim.exe -mode tcl -source {xsim.dir/MAC/xsim_script.tcl}
# Log file: C:/Users/chait/OneDrive/Desktop/FPGA/Project/MAC/MAC/solution2/sim/verilog/xsim.log
# Journal file: C:/Users/chait/OneDrive/Desktop/FPGA/Project/MAC/MAC/solution2/sim/verilog\xsim.jou
# Running On: LAPTOP-HO0MVFJA, OS: Windows, CPU Frequency: 2496 MHz, CPU Physical cores: 8, Host memory: 8241 MB
#-----------------------------------------------------------
source xsim.dir/MAC/xsim_script.tcl
# xsim {MAC} -autoloadwcfg -tclbatch {MAC.tcl}
Time resolution is 1 ps
source MAC.tcl
## run all
////////////////////////////////////////////////////////////////////////////////////
// Inter-Transaction Progress: Completed Transaction / Total Transaction
// Intra-Transaction Progress: Measured Latency / Latency Estimation * 100%
//
// RTL Simulation : "Inter-Transaction Progress" ["Intra-Transaction Progress"] @ "Simulation Time"
////////////////////////////////////////////////////////////////////////////////////
// RTL Simulation : 0 / 5 [n/a] @ "125000"
Warning: OPMODE Input Warning : The OPMODE 0110X0X with CARRYINSEL  000 to DSP48E1 instance is invalid.
Time: 235 ns  Iteration: 8  Process: /apatb_MAC_top/AESL_inst_MAC/faddfsub_32ns_32ns_32_7_full_dsp_1_U1/MAC_faddfsub_32ns_32ns_32_7_full_dsp_1_ip_u/inst/i_synth/addsub_op/ADDSUB/dsp/OP/dsp48e1_body/ALIGN_ADD/DSP2/i_no_versal_es1_workaround/DSP/prcs_opmode_drc  File: C:/Xilinx/Vivado/2022.2/data/vhdl/src/unisims/primitive/DSP48E1.vhd
Warning: OPMODE Input Warning : The OPMODE 0110X0X with CARRYINSEL  000 to DSP48E1 instance is invalid.
Time: 275 ns  Iteration: 8  Process: /apatb_MAC_top/AESL_inst_MAC/faddfsub_32ns_32ns_32_7_full_dsp_1_U1/MAC_faddfsub_32ns_32ns_32_7_full_dsp_1_ip_u/inst/i_synth/addsub_op/ADDSUB/dsp/OP/dsp48e1_body/ALIGN_ADD/DSP2/i_no_versal_es1_workaround/DSP/prcs_opmode_drc  File: C:/Xilinx/Vivado/2022.2/data/vhdl/src/unisims/primitive/DSP48E1.vhd
Warning: OPMODE Input Warning : The OPMODE 0110X0X with CARRYINSEL  000 to DSP48E1 instance is invalid.
Time: 365 ns  Iteration: 8  Process: /apatb_MAC_top/AESL_inst_MAC/faddfsub_32ns_32ns_32_7_full_dsp_1_U1/MAC_faddfsub_32ns_32ns_32_7_full_dsp_1_ip_u/inst/i_synth/addsub_op/ADDSUB/dsp/OP/dsp48e1_body/ALIGN_ADD/DSP2/i_no_versal_es1_workaround/DSP/prcs_opmode_drc  File: C:/Xilinx/Vivado/2022.2/data/vhdl/src/unisims/primitive/DSP48E1.vhd
Warning: OPMODE Input Warning : The OPMODE 0110X0X with CARRYINSEL  000 to DSP48E1 instance is invalid.
Time: 405 ns  Iteration: 8  Process: /apatb_MAC_top/AESL_inst_MAC/faddfsub_32ns_32ns_32_7_full_dsp_1_U1/MAC_faddfsub_32ns_32ns_32_7_full_dsp_1_ip_u/inst/i_synth/addsub_op/ADDSUB/dsp/OP/dsp48e1_body/ALIGN_ADD/DSP2/i_no_versal_es1_workaround/DSP/prcs_opmode_drc  File: C:/Xilinx/Vivado/2022.2/data/vhdl/src/unisims/primitive/DSP48E1.vhd
Warning: OPMODE Input Warning : The OPMODE 0110X0X with CARRYINSEL  000 to DSP48E1 instance is invalid.
Time: 495 ns  Iteration: 8  Process: /apatb_MAC_top/AESL_inst_MAC/faddfsub_32ns_32ns_32_7_full_dsp_1_U1/MAC_faddfsub_32ns_32ns_32_7_full_dsp_1_ip_u/inst/i_synth/addsub_op/ADDSUB/dsp/OP/dsp48e1_body/ALIGN_ADD/DSP2/i_no_versal_es1_workaround/DSP/prcs_opmode_drc  File: C:/Xilinx/Vivado/2022.2/data/vhdl/src/unisims/primitive/DSP48E1.vhd
Warning: OPMODE Input Warning : The OPMODE 0110X0X with CARRYINSEL  000 to DSP48E1 instance is invalid.
Time: 535 ns  Iteration: 8  Process: /apatb_MAC_top/AESL_inst_MAC/faddfsub_32ns_32ns_32_7_full_dsp_1_U1/MAC_faddfsub_32ns_32ns_32_7_full_dsp_1_ip_u/inst/i_synth/addsub_op/ADDSUB/dsp/OP/dsp48e1_body/ALIGN_ADD/DSP2/i_no_versal_es1_workaround/DSP/prcs_opmode_drc  File: C:/Xilinx/Vivado/2022.2/data/vhdl/src/unisims/primitive/DSP48E1.vhd
Warning: OPMODE Input Warning : The OPMODE 0110X0X with CARRYINSEL  000 to DSP48E1 instance is invalid.
Time: 625 ns  Iteration: 8  Process: /apatb_MAC_top/AESL_inst_MAC/faddfsub_32ns_32ns_32_7_full_dsp_1_U1/MAC_faddfsub_32ns_32ns_32_7_full_dsp_1_ip_u/inst/i_synth/addsub_op/ADDSUB/dsp/OP/dsp48e1_body/ALIGN_ADD/DSP2/i_no_versal_es1_workaround/DSP/prcs_opmode_drc  File: C:/Xilinx/Vivado/2022.2/data/vhdl/src/unisims/primitive/DSP48E1.vhd
Warning: OPMODE Input Warning : The OPMODE 0110X0X with CARRYINSEL  000 to DSP48E1 instance is invalid.
Time: 665 ns  Iteration: 8  Process: /apatb_MAC_top/AESL_inst_MAC/faddfsub_32ns_32ns_32_7_full_dsp_1_U1/MAC_faddfsub_32ns_32ns_32_7_full_dsp_1_ip_u/inst/i_synth/addsub_op/ADDSUB/dsp/OP/dsp48e1_body/ALIGN_ADD/DSP2/i_no_versal_es1_workaround/DSP/prcs_opmode_drc  File: C:/Xilinx/Vivado/2022.2/data/vhdl/src/unisims/primitive/DSP48E1.vhd
Warning: OPMODE Input Warning : The OPMODE 0110X0X with CARRYINSEL  000 to DSP48E1 instance is invalid.
Time: 755 ns  Iteration: 8  Process: /apatb_MAC_top/AESL_inst_MAC/faddfsub_32ns_32ns_32_7_full_dsp_1_U1/MAC_faddfsub_32ns_32ns_32_7_full_dsp_1_ip_u/inst/i_synth/addsub_op/ADDSUB/dsp/OP/dsp48e1_body/ALIGN_ADD/DSP2/i_no_versal_es1_workaround/DSP/prcs_opmode_drc  File: C:/Xilinx/Vivado/2022.2/data/vhdl/src/unisims/primitive/DSP48E1.vhd
Warning: OPMODE Input Warning : The OPMODE 0110X0X with CARRYINSEL  000 to DSP48E1 instance is invalid.
Time: 795 ns  Iteration: 8  Process: /apatb_MAC_top/AESL_inst_MAC/faddfsub_32ns_32ns_32_7_full_dsp_1_U1/MAC_faddfsub_32ns_32ns_32_7_full_dsp_1_ip_u/inst/i_synth/addsub_op/ADDSUB/dsp/OP/dsp48e1_body/ALIGN_ADD/DSP2/i_no_versal_es1_workaround/DSP/prcs_opmode_drc  File: C:/Xilinx/Vivado/2022.2/data/vhdl/src/unisims/primitive/DSP48E1.vhd
// RTL Simulation : 1 / 5 [n/a] @ "835000"
Warning: OPMODE Input Warning : The OPMODE 0110X0X with CARRYINSEL  000 to DSP48E1 instance is invalid.
Time: 935 ns  Iteration: 8  Process: /apatb_MAC_top/AESL_inst_MAC/faddfsub_32ns_32ns_32_7_full_dsp_1_U1/MAC_faddfsub_32ns_32ns_32_7_full_dsp_1_ip_u/inst/i_synth/addsub_op/ADDSUB/dsp/OP/dsp48e1_body/ALIGN_ADD/DSP2/i_no_versal_es1_workaround/DSP/prcs_opmode_drc  File: C:/Xilinx/Vivado/2022.2/data/vhdl/src/unisims/primitive/DSP48E1.vhd
Warning: OPMODE Input Warning : The OPMODE 0110X0X with CARRYINSEL  000 to DSP48E1 instance is invalid.
Time: 975 ns  Iteration: 8  Process: /apatb_MAC_top/AESL_inst_MAC/faddfsub_32ns_32ns_32_7_full_dsp_1_U1/MAC_faddfsub_32ns_32ns_32_7_full_dsp_1_ip_u/inst/i_synth/addsub_op/ADDSUB/dsp/OP/dsp48e1_body/ALIGN_ADD/DSP2/i_no_versal_es1_workaround/DSP/prcs_opmode_drc  File: C:/Xilinx/Vivado/2022.2/data/vhdl/src/unisims/primitive/DSP48E1.vhd
Warning: OPMODE Input Warning : The OPMODE 0110X0X with CARRYINSEL  000 to DSP48E1 instance is invalid.
Time: 1065 ns  Iteration: 8  Process: /apatb_MAC_top/AESL_inst_MAC/faddfsub_32ns_32ns_32_7_full_dsp_1_U1/MAC_faddfsub_32ns_32ns_32_7_full_dsp_1_ip_u/inst/i_synth/addsub_op/ADDSUB/dsp/OP/dsp48e1_body/ALIGN_ADD/DSP2/i_no_versal_es1_workaround/DSP/prcs_opmode_drc  File: C:/Xilinx/Vivado/2022.2/data/vhdl/src/unisims/primitive/DSP48E1.vhd
Warning: OPMODE Input Warning : The OPMODE 0110X0X with CARRYINSEL  000 to DSP48E1 instance is invalid.
Time: 1105 ns  Iteration: 8  Process: /apatb_MAC_top/AESL_inst_MAC/faddfsub_32ns_32ns_32_7_full_dsp_1_U1/MAC_faddfsub_32ns_32ns_32_7_full_dsp_1_ip_u/inst/i_synth/addsub_op/ADDSUB/dsp/OP/dsp48e1_body/ALIGN_ADD/DSP2/i_no_versal_es1_workaround/DSP/prcs_opmode_drc  File: C:/Xilinx/Vivado/2022.2/data/vhdl/src/unisims/primitive/DSP48E1.vhd
Warning: OPMODE Input Warning : The OPMODE 0110X0X with CARRYINSEL  000 to DSP48E1 instance is invalid.
Time: 1195 ns  Iteration: 8  Process: /apatb_MAC_top/AESL_inst_MAC/faddfsub_32ns_32ns_32_7_full_dsp_1_U1/MAC_faddfsub_32ns_32ns_32_7_full_dsp_1_ip_u/inst/i_synth/addsub_op/ADDSUB/dsp/OP/dsp48e1_body/ALIGN_ADD/DSP2/i_no_versal_es1_workaround/DSP/prcs_opmode_drc  File: C:/Xilinx/Vivado/2022.2/data/vhdl/src/unisims/primitive/DSP48E1.vhd
Warning: OPMODE Input Warning : The OPMODE 0110X0X with CARRYINSEL  000 to DSP48E1 instance is invalid.
Time: 1235 ns  Iteration: 8  Process: /apatb_MAC_top/AESL_inst_MAC/faddfsub_32ns_32ns_32_7_full_dsp_1_U1/MAC_faddfsub_32ns_32ns_32_7_full_dsp_1_ip_u/inst/i_synth/addsub_op/ADDSUB/dsp/OP/dsp48e1_body/ALIGN_ADD/DSP2/i_no_versal_es1_workaround/DSP/prcs_opmode_drc  File: C:/Xilinx/Vivado/2022.2/data/vhdl/src/unisims/primitive/DSP48E1.vhd
Warning: OPMODE Input Warning : The OPMODE 0110X0X with CARRYINSEL  000 to DSP48E1 instance is invalid.
Time: 1325 ns  Iteration: 8  Process: /apatb_MAC_top/AESL_inst_MAC/faddfsub_32ns_32ns_32_7_full_dsp_1_U1/MAC_faddfsub_32ns_32ns_32_7_full_dsp_1_ip_u/inst/i_synth/addsub_op/ADDSUB/dsp/OP/dsp48e1_body/ALIGN_ADD/DSP2/i_no_versal_es1_workaround/DSP/prcs_opmode_drc  File: C:/Xilinx/Vivado/2022.2/data/vhdl/src/unisims/primitive/DSP48E1.vhd
Warning: OPMODE Input Warning : The OPMODE 0110X0X with CARRYINSEL  000 to DSP48E1 instance is invalid.
Time: 1365 ns  Iteration: 8  Process: /apatb_MAC_top/AESL_inst_MAC/faddfsub_32ns_32ns_32_7_full_dsp_1_U1/MAC_faddfsub_32ns_32ns_32_7_full_dsp_1_ip_u/inst/i_synth/addsub_op/ADDSUB/dsp/OP/dsp48e1_body/ALIGN_ADD/DSP2/i_no_versal_es1_workaround/DSP/prcs_opmode_drc  File: C:/Xilinx/Vivado/2022.2/data/vhdl/src/unisims/primitive/DSP48E1.vhd
Warning: OPMODE Input Warning : The OPMODE 0110X0X with CARRYINSEL  000 to DSP48E1 instance is invalid.
Time: 1455 ns  Iteration: 8  Process: /apatb_MAC_top/AESL_inst_MAC/faddfsub_32ns_32ns_32_7_full_dsp_1_U1/MAC_faddfsub_32ns_32ns_32_7_full_dsp_1_ip_u/inst/i_synth/addsub_op/ADDSUB/dsp/OP/dsp48e1_body/ALIGN_ADD/DSP2/i_no_versal_es1_workaround/DSP/prcs_opmode_drc  File: C:/Xilinx/Vivado/2022.2/data/vhdl/src/unisims/primitive/DSP48E1.vhd
Warning: OPMODE Input Warning : The OPMODE 0110X0X with CARRYINSEL  000 to DSP48E1 instance is invalid.
Time: 1495 ns  Iteration: 8  Process: /apatb_MAC_top/AESL_inst_MAC/faddfsub_32ns_32ns_32_7_full_dsp_1_U1/MAC_faddfsub_32ns_32ns_32_7_full_dsp_1_ip_u/inst/i_synth/addsub_op/ADDSUB/dsp/OP/dsp48e1_body/ALIGN_ADD/DSP2/i_no_versal_es1_workaround/DSP/prcs_opmode_drc  File: C:/Xilinx/Vivado/2022.2/data/vhdl/src/unisims/primitive/DSP48E1.vhd
// RTL Simulation : 2 / 5 [n/a] @ "1535000"
Warning: OPMODE Input Warning : The OPMODE 0110X0X with CARRYINSEL  000 to DSP48E1 instance is invalid.
Time: 1635 ns  Iteration: 8  Process: /apatb_MAC_top/AESL_inst_MAC/faddfsub_32ns_32ns_32_7_full_dsp_1_U1/MAC_faddfsub_32ns_32ns_32_7_full_dsp_1_ip_u/inst/i_synth/addsub_op/ADDSUB/dsp/OP/dsp48e1_body/ALIGN_ADD/DSP2/i_no_versal_es1_workaround/DSP/prcs_opmode_drc  File: C:/Xilinx/Vivado/2022.2/data/vhdl/src/unisims/primitive/DSP48E1.vhd
Warning: OPMODE Input Warning : The OPMODE 0110X0X with CARRYINSEL  000 to DSP48E1 instance is invalid.
Time: 1675 ns  Iteration: 8  Process: /apatb_MAC_top/AESL_inst_MAC/faddfsub_32ns_32ns_32_7_full_dsp_1_U1/MAC_faddfsub_32ns_32ns_32_7_full_dsp_1_ip_u/inst/i_synth/addsub_op/ADDSUB/dsp/OP/dsp48e1_body/ALIGN_ADD/DSP2/i_no_versal_es1_workaround/DSP/prcs_opmode_drc  File: C:/Xilinx/Vivado/2022.2/data/vhdl/src/unisims/primitive/DSP48E1.vhd
Warning: OPMODE Input Warning : The OPMODE 0110X0X with CARRYINSEL  000 to DSP48E1 instance is invalid.
Time: 1765 ns  Iteration: 8  Process: /apatb_MAC_top/AESL_inst_MAC/faddfsub_32ns_32ns_32_7_full_dsp_1_U1/MAC_faddfsub_32ns_32ns_32_7_full_dsp_1_ip_u/inst/i_synth/addsub_op/ADDSUB/dsp/OP/dsp48e1_body/ALIGN_ADD/DSP2/i_no_versal_es1_workaround/DSP/prcs_opmode_drc  File: C:/Xilinx/Vivado/2022.2/data/vhdl/src/unisims/primitive/DSP48E1.vhd
Warning: OPMODE Input Warning : The OPMODE 0110X0X with CARRYINSEL  000 to DSP48E1 instance is invalid.
Time: 1805 ns  Iteration: 8  Process: /apatb_MAC_top/AESL_inst_MAC/faddfsub_32ns_32ns_32_7_full_dsp_1_U1/MAC_faddfsub_32ns_32ns_32_7_full_dsp_1_ip_u/inst/i_synth/addsub_op/ADDSUB/dsp/OP/dsp48e1_body/ALIGN_ADD/DSP2/i_no_versal_es1_workaround/DSP/prcs_opmode_drc  File: C:/Xilinx/Vivado/2022.2/data/vhdl/src/unisims/primitive/DSP48E1.vhd
Warning: OPMODE Input Warning : The OPMODE 0110X0X with CARRYINSEL  000 to DSP48E1 instance is invalid.
Time: 1895 ns  Iteration: 8  Process: /apatb_MAC_top/AESL_inst_MAC/faddfsub_32ns_32ns_32_7_full_dsp_1_U1/MAC_faddfsub_32ns_32ns_32_7_full_dsp_1_ip_u/inst/i_synth/addsub_op/ADDSUB/dsp/OP/dsp48e1_body/ALIGN_ADD/DSP2/i_no_versal_es1_workaround/DSP/prcs_opmode_drc  File: C:/Xilinx/Vivado/2022.2/data/vhdl/src/unisims/primitive/DSP48E1.vhd
Warning: OPMODE Input Warning : The OPMODE 0110X0X with CARRYINSEL  000 to DSP48E1 instance is invalid.
Time: 1935 ns  Iteration: 8  Process: /apatb_MAC_top/AESL_inst_MAC/faddfsub_32ns_32ns_32_7_full_dsp_1_U1/MAC_faddfsub_32ns_32ns_32_7_full_dsp_1_ip_u/inst/i_synth/addsub_op/ADDSUB/dsp/OP/dsp48e1_body/ALIGN_ADD/DSP2/i_no_versal_es1_workaround/DSP/prcs_opmode_drc  File: C:/Xilinx/Vivado/2022.2/data/vhdl/src/unisims/primitive/DSP48E1.vhd
Warning: OPMODE Input Warning : The OPMODE 0110X0X with CARRYINSEL  000 to DSP48E1 instance is invalid.
Time: 2025 ns  Iteration: 8  Process: /apatb_MAC_top/AESL_inst_MAC/faddfsub_32ns_32ns_32_7_full_dsp_1_U1/MAC_faddfsub_32ns_32ns_32_7_full_dsp_1_ip_u/inst/i_synth/addsub_op/ADDSUB/dsp/OP/dsp48e1_body/ALIGN_ADD/DSP2/i_no_versal_es1_workaround/DSP/prcs_opmode_drc  File: C:/Xilinx/Vivado/2022.2/data/vhdl/src/unisims/primitive/DSP48E1.vhd
Warning: OPMODE Input Warning : The OPMODE 0110X0X with CARRYINSEL  000 to DSP48E1 instance is invalid.
Time: 2065 ns  Iteration: 8  Process: /apatb_MAC_top/AESL_inst_MAC/faddfsub_32ns_32ns_32_7_full_dsp_1_U1/MAC_faddfsub_32ns_32ns_32_7_full_dsp_1_ip_u/inst/i_synth/addsub_op/ADDSUB/dsp/OP/dsp48e1_body/ALIGN_ADD/DSP2/i_no_versal_es1_workaround/DSP/prcs_opmode_drc  File: C:/Xilinx/Vivado/2022.2/data/vhdl/src/unisims/primitive/DSP48E1.vhd
Warning: OPMODE Input Warning : The OPMODE 0110X0X with CARRYINSEL  000 to DSP48E1 instance is invalid.
Time: 2155 ns  Iteration: 8  Process: /apatb_MAC_top/AESL_inst_MAC/faddfsub_32ns_32ns_32_7_full_dsp_1_U1/MAC_faddfsub_32ns_32ns_32_7_full_dsp_1_ip_u/inst/i_synth/addsub_op/ADDSUB/dsp/OP/dsp48e1_body/ALIGN_ADD/DSP2/i_no_versal_es1_workaround/DSP/prcs_opmode_drc  File: C:/Xilinx/Vivado/2022.2/data/vhdl/src/unisims/primitive/DSP48E1.vhd
Warning: OPMODE Input Warning : The OPMODE 0110X0X with CARRYINSEL  000 to DSP48E1 instance is invalid.
Time: 2195 ns  Iteration: 8  Process: /apatb_MAC_top/AESL_inst_MAC/faddfsub_32ns_32ns_32_7_full_dsp_1_U1/MAC_faddfsub_32ns_32ns_32_7_full_dsp_1_ip_u/inst/i_synth/addsub_op/ADDSUB/dsp/OP/dsp48e1_body/ALIGN_ADD/DSP2/i_no_versal_es1_workaround/DSP/prcs_opmode_drc  File: C:/Xilinx/Vivado/2022.2/data/vhdl/src/unisims/primitive/DSP48E1.vhd
// RTL Simulation : 3 / 5 [n/a] @ "2235000"
Warning: OPMODE Input Warning : The OPMODE 0110X0X with CARRYINSEL  000 to DSP48E1 instance is invalid.
Time: 2335 ns  Iteration: 8  Process: /apatb_MAC_top/AESL_inst_MAC/faddfsub_32ns_32ns_32_7_full_dsp_1_U1/MAC_faddfsub_32ns_32ns_32_7_full_dsp_1_ip_u/inst/i_synth/addsub_op/ADDSUB/dsp/OP/dsp48e1_body/ALIGN_ADD/DSP2/i_no_versal_es1_workaround/DSP/prcs_opmode_drc  File: C:/Xilinx/Vivado/2022.2/data/vhdl/src/unisims/primitive/DSP48E1.vhd
Warning: OPMODE Input Warning : The OPMODE 0110X0X with CARRYINSEL  000 to DSP48E1 instance is invalid.
Time: 2375 ns  Iteration: 8  Process: /apatb_MAC_top/AESL_inst_MAC/faddfsub_32ns_32ns_32_7_full_dsp_1_U1/MAC_faddfsub_32ns_32ns_32_7_full_dsp_1_ip_u/inst/i_synth/addsub_op/ADDSUB/dsp/OP/dsp48e1_body/ALIGN_ADD/DSP2/i_no_versal_es1_workaround/DSP/prcs_opmode_drc  File: C:/Xilinx/Vivado/2022.2/data/vhdl/src/unisims/primitive/DSP48E1.vhd
Warning: OPMODE Input Warning : The OPMODE 0110X0X with CARRYINSEL  000 to DSP48E1 instance is invalid.
Time: 2465 ns  Iteration: 8  Process: /apatb_MAC_top/AESL_inst_MAC/faddfsub_32ns_32ns_32_7_full_dsp_1_U1/MAC_faddfsub_32ns_32ns_32_7_full_dsp_1_ip_u/inst/i_synth/addsub_op/ADDSUB/dsp/OP/dsp48e1_body/ALIGN_ADD/DSP2/i_no_versal_es1_workaround/DSP/prcs_opmode_drc  File: C:/Xilinx/Vivado/2022.2/data/vhdl/src/unisims/primitive/DSP48E1.vhd
Warning: OPMODE Input Warning : The OPMODE 0110X0X with CARRYINSEL  000 to DSP48E1 instance is invalid.
Time: 2505 ns  Iteration: 8  Process: /apatb_MAC_top/AESL_inst_MAC/faddfsub_32ns_32ns_32_7_full_dsp_1_U1/MAC_faddfsub_32ns_32ns_32_7_full_dsp_1_ip_u/inst/i_synth/addsub_op/ADDSUB/dsp/OP/dsp48e1_body/ALIGN_ADD/DSP2/i_no_versal_es1_workaround/DSP/prcs_opmode_drc  File: C:/Xilinx/Vivado/2022.2/data/vhdl/src/unisims/primitive/DSP48E1.vhd
Warning: OPMODE Input Warning : The OPMODE 0110X0X with CARRYINSEL  000 to DSP48E1 instance is invalid.
Time: 2595 ns  Iteration: 8  Process: /apatb_MAC_top/AESL_inst_MAC/faddfsub_32ns_32ns_32_7_full_dsp_1_U1/MAC_faddfsub_32ns_32ns_32_7_full_dsp_1_ip_u/inst/i_synth/addsub_op/ADDSUB/dsp/OP/dsp48e1_body/ALIGN_ADD/DSP2/i_no_versal_es1_workaround/DSP/prcs_opmode_drc  File: C:/Xilinx/Vivado/2022.2/data/vhdl/src/unisims/primitive/DSP48E1.vhd
Warning: OPMODE Input Warning : The OPMODE 0110X0X with CARRYINSEL  000 to DSP48E1 instance is invalid.
Time: 2635 ns  Iteration: 8  Process: /apatb_MAC_top/AESL_inst_MAC/faddfsub_32ns_32ns_32_7_full_dsp_1_U1/MAC_faddfsub_32ns_32ns_32_7_full_dsp_1_ip_u/inst/i_synth/addsub_op/ADDSUB/dsp/OP/dsp48e1_body/ALIGN_ADD/DSP2/i_no_versal_es1_workaround/DSP/prcs_opmode_drc  File: C:/Xilinx/Vivado/2022.2/data/vhdl/src/unisims/primitive/DSP48E1.vhd
Warning: OPMODE Input Warning : The OPMODE 0110X0X with CARRYINSEL  000 to DSP48E1 instance is invalid.
Time: 2725 ns  Iteration: 8  Process: /apatb_MAC_top/AESL_inst_MAC/faddfsub_32ns_32ns_32_7_full_dsp_1_U1/MAC_faddfsub_32ns_32ns_32_7_full_dsp_1_ip_u/inst/i_synth/addsub_op/ADDSUB/dsp/OP/dsp48e1_body/ALIGN_ADD/DSP2/i_no_versal_es1_workaround/DSP/prcs_opmode_drc  File: C:/Xilinx/Vivado/2022.2/data/vhdl/src/unisims/primitive/DSP48E1.vhd
Warning: OPMODE Input Warning : The OPMODE 0110X0X with CARRYINSEL  000 to DSP48E1 instance is invalid.
Time: 2765 ns  Iteration: 8  Process: /apatb_MAC_top/AESL_inst_MAC/faddfsub_32ns_32ns_32_7_full_dsp_1_U1/MAC_faddfsub_32ns_32ns_32_7_full_dsp_1_ip_u/inst/i_synth/addsub_op/ADDSUB/dsp/OP/dsp48e1_body/ALIGN_ADD/DSP2/i_no_versal_es1_workaround/DSP/prcs_opmode_drc  File: C:/Xilinx/Vivado/2022.2/data/vhdl/src/unisims/primitive/DSP48E1.vhd
Warning: OPMODE Input Warning : The OPMODE 0110X0X with CARRYINSEL  000 to DSP48E1 instance is invalid.
Time: 2855 ns  Iteration: 8  Process: /apatb_MAC_top/AESL_inst_MAC/faddfsub_32ns_32ns_32_7_full_dsp_1_U1/MAC_faddfsub_32ns_32ns_32_7_full_dsp_1_ip_u/inst/i_synth/addsub_op/ADDSUB/dsp/OP/dsp48e1_body/ALIGN_ADD/DSP2/i_no_versal_es1_workaround/DSP/prcs_opmode_drc  File: C:/Xilinx/Vivado/2022.2/data/vhdl/src/unisims/primitive/DSP48E1.vhd
Warning: OPMODE Input Warning : The OPMODE 0110X0X with CARRYINSEL  000 to DSP48E1 instance is invalid.
Time: 2895 ns  Iteration: 8  Process: /apatb_MAC_top/AESL_inst_MAC/faddfsub_32ns_32ns_32_7_full_dsp_1_U1/MAC_faddfsub_32ns_32ns_32_7_full_dsp_1_ip_u/inst/i_synth/addsub_op/ADDSUB/dsp/OP/dsp48e1_body/ALIGN_ADD/DSP2/i_no_versal_es1_workaround/DSP/prcs_opmode_drc  File: C:/Xilinx/Vivado/2022.2/data/vhdl/src/unisims/primitive/DSP48E1.vhd
// RTL Simulation : 4 / 5 [n/a] @ "2935000"
Warning: OPMODE Input Warning : The OPMODE 0110X0X with CARRYINSEL  000 to DSP48E1 instance is invalid.
Time: 3035 ns  Iteration: 8  Process: /apatb_MAC_top/AESL_inst_MAC/faddfsub_32ns_32ns_32_7_full_dsp_1_U1/MAC_faddfsub_32ns_32ns_32_7_full_dsp_1_ip_u/inst/i_synth/addsub_op/ADDSUB/dsp/OP/dsp48e1_body/ALIGN_ADD/DSP2/i_no_versal_es1_workaround/DSP/prcs_opmode_drc  File: C:/Xilinx/Vivado/2022.2/data/vhdl/src/unisims/primitive/DSP48E1.vhd
Warning: OPMODE Input Warning : The OPMODE 0110X0X with CARRYINSEL  000 to DSP48E1 instance is invalid.
Time: 3075 ns  Iteration: 8  Process: /apatb_MAC_top/AESL_inst_MAC/faddfsub_32ns_32ns_32_7_full_dsp_1_U1/MAC_faddfsub_32ns_32ns_32_7_full_dsp_1_ip_u/inst/i_synth/addsub_op/ADDSUB/dsp/OP/dsp48e1_body/ALIGN_ADD/DSP2/i_no_versal_es1_workaround/DSP/prcs_opmode_drc  File: C:/Xilinx/Vivado/2022.2/data/vhdl/src/unisims/primitive/DSP48E1.vhd
Warning: OPMODE Input Warning : The OPMODE 0110X0X with CARRYINSEL  000 to DSP48E1 instance is invalid.
Time: 3165 ns  Iteration: 8  Process: /apatb_MAC_top/AESL_inst_MAC/faddfsub_32ns_32ns_32_7_full_dsp_1_U1/MAC_faddfsub_32ns_32ns_32_7_full_dsp_1_ip_u/inst/i_synth/addsub_op/ADDSUB/dsp/OP/dsp48e1_body/ALIGN_ADD/DSP2/i_no_versal_es1_workaround/DSP/prcs_opmode_drc  File: C:/Xilinx/Vivado/2022.2/data/vhdl/src/unisims/primitive/DSP48E1.vhd
Warning: OPMODE Input Warning : The OPMODE 0110X0X with CARRYINSEL  000 to DSP48E1 instance is invalid.
Time: 3205 ns  Iteration: 8  Process: /apatb_MAC_top/AESL_inst_MAC/faddfsub_32ns_32ns_32_7_full_dsp_1_U1/MAC_faddfsub_32ns_32ns_32_7_full_dsp_1_ip_u/inst/i_synth/addsub_op/ADDSUB/dsp/OP/dsp48e1_body/ALIGN_ADD/DSP2/i_no_versal_es1_workaround/DSP/prcs_opmode_drc  File: C:/Xilinx/Vivado/2022.2/data/vhdl/src/unisims/primitive/DSP48E1.vhd
Warning: OPMODE Input Warning : The OPMODE 0110X0X with CARRYINSEL  000 to DSP48E1 instance is invalid.
Time: 3295 ns  Iteration: 8  Process: /apatb_MAC_top/AESL_inst_MAC/faddfsub_32ns_32ns_32_7_full_dsp_1_U1/MAC_faddfsub_32ns_32ns_32_7_full_dsp_1_ip_u/inst/i_synth/addsub_op/ADDSUB/dsp/OP/dsp48e1_body/ALIGN_ADD/DSP2/i_no_versal_es1_workaround/DSP/prcs_opmode_drc  File: C:/Xilinx/Vivado/2022.2/data/vhdl/src/unisims/primitive/DSP48E1.vhd
Warning: OPMODE Input Warning : The OPMODE 0110X0X with CARRYINSEL  000 to DSP48E1 instance is invalid.
Time: 3335 ns  Iteration: 8  Process: /apatb_MAC_top/AESL_inst_MAC/faddfsub_32ns_32ns_32_7_full_dsp_1_U1/MAC_faddfsub_32ns_32ns_32_7_full_dsp_1_ip_u/inst/i_synth/addsub_op/ADDSUB/dsp/OP/dsp48e1_body/ALIGN_ADD/DSP2/i_no_versal_es1_workaround/DSP/prcs_opmode_drc  File: C:/Xilinx/Vivado/2022.2/data/vhdl/src/unisims/primitive/DSP48E1.vhd
Warning: OPMODE Input Warning : The OPMODE 0110X0X with CARRYINSEL  000 to DSP48E1 instance is invalid.
Time: 3425 ns  Iteration: 8  Process: /apatb_MAC_top/AESL_inst_MAC/faddfsub_32ns_32ns_32_7_full_dsp_1_U1/MAC_faddfsub_32ns_32ns_32_7_full_dsp_1_ip_u/inst/i_synth/addsub_op/ADDSUB/dsp/OP/dsp48e1_body/ALIGN_ADD/DSP2/i_no_versal_es1_workaround/DSP/prcs_opmode_drc  File: C:/Xilinx/Vivado/2022.2/data/vhdl/src/unisims/primitive/DSP48E1.vhd
Warning: OPMODE Input Warning : The OPMODE 0110X0X with CARRYINSEL  000 to DSP48E1 instance is invalid.
Time: 3465 ns  Iteration: 8  Process: /apatb_MAC_top/AESL_inst_MAC/faddfsub_32ns_32ns_32_7_full_dsp_1_U1/MAC_faddfsub_32ns_32ns_32_7_full_dsp_1_ip_u/inst/i_synth/addsub_op/ADDSUB/dsp/OP/dsp48e1_body/ALIGN_ADD/DSP2/i_no_versal_es1_workaround/DSP/prcs_opmode_drc  File: C:/Xilinx/Vivado/2022.2/data/vhdl/src/unisims/primitive/DSP48E1.vhd
Warning: OPMODE Input Warning : The OPMODE 0110X0X with CARRYINSEL  000 to DSP48E1 instance is invalid.
Time: 3555 ns  Iteration: 8  Process: /apatb_MAC_top/AESL_inst_MAC/faddfsub_32ns_32ns_32_7_full_dsp_1_U1/MAC_faddfsub_32ns_32ns_32_7_full_dsp_1_ip_u/inst/i_synth/addsub_op/ADDSUB/dsp/OP/dsp48e1_body/ALIGN_ADD/DSP2/i_no_versal_es1_workaround/DSP/prcs_opmode_drc  File: C:/Xilinx/Vivado/2022.2/data/vhdl/src/unisims/primitive/DSP48E1.vhd
Warning: OPMODE Input Warning : The OPMODE 0110X0X with CARRYINSEL  000 to DSP48E1 instance is invalid.
Time: 3595 ns  Iteration: 8  Process: /apatb_MAC_top/AESL_inst_MAC/faddfsub_32ns_32ns_32_7_full_dsp_1_U1/MAC_faddfsub_32ns_32ns_32_7_full_dsp_1_ip_u/inst/i_synth/addsub_op/ADDSUB/dsp/OP/dsp48e1_body/ALIGN_ADD/DSP2/i_no_versal_es1_workaround/DSP/prcs_opmode_drc  File: C:/Xilinx/Vivado/2022.2/data/vhdl/src/unisims/primitive/DSP48E1.vhd
// RTL Simulation : 5 / 5 [n/a] @ "3635000"
////////////////////////////////////////////////////////////////////////////////////
$finish called at time : 3695 ns : File "C:/Users/chait/OneDrive/Desktop/FPGA/Project/MAC/MAC/solution2/sim/verilog/MAC.autotb.v" Line 440
## quit
INFO: [Common 17-206] Exiting xsim at Wed Oct 30 08:50:31 2024...
