

================================================================
== Vitis HLS Report for 'neuron_Pipeline_VITIS_LOOP_15_1'
================================================================
* Date:           Fri Nov  8 14:24:50 2024

* Version:        2022.2 (Build 3670227 on Oct 13 2022)
* Project:        neuron
* Solution:       solution1 (Vivado IP Flow Target)
* Product family: artix7
* Target device:  xc7a35t-cpg236-1


================================================================
== Performance Estimates
================================================================
+ Timing: 
    * Summary: 
    +--------+----------+----------+------------+
    |  Clock |  Target  | Estimated| Uncertainty|
    +--------+----------+----------+------------+
    |ap_clk  |  10.00 ns|  6.073 ns|     2.70 ns|
    +--------+----------+----------+------------+

+ Latency: 
    * Summary: 
    +---------+---------+----------+----------+-----+-----+---------+
    |  Latency (cycles) |  Latency (absolute) |  Interval | Pipeline|
    |   min   |   max   |    min   |    max   | min | max |   Type  |
    +---------+---------+----------+----------+-----+-----+---------+
    |       79|       79|  0.790 us|  0.790 us|   79|   79|       no|
    +---------+---------+----------+----------+-----+-----+---------+

    + Detail: 
        * Instance: 
        N/A

        * Loop: 
        +-------------------+---------+---------+----------+-----------+-----------+------+----------+
        |                   |  Latency (cycles) | Iteration|  Initiation Interval  | Trip |          |
        |     Loop Name     |   min   |   max   |  Latency |  achieved |   target  | Count| Pipelined|
        +-------------------+---------+---------+----------+-----------+-----------+------+----------+
        |- VITIS_LOOP_15_1  |       77|       77|        18|         15|          1|     5|       yes|
        +-------------------+---------+---------+----------+-----------+-----------+------+----------+

============================================================
+ Verbose Summary: Synthesis Manager
============================================================
InlineROM: 1
ExposeGlobal: 0
============================================================
+ Verbose Summary: CDFG Model
============================================================
IsTopModel: 0
ResetActiveHigh: 1
IsCombinational: 0
IsDatapathOnly: 0
HasWiredReturn: 1
HasMFsm: 2
HasVarLatency: 1
IsPipeline: 0
IsRtlPipelined: 0
IsInstanceOverlapped: 0
IsDontTouch: 0
HasImplIP: 0
IsGatedGlobalClock: 0

+ Individual pipeline summary: 
  * Pipeline-0: initiation interval (II) = 15, depth = 19


============================================================
+ Verbose Summary: Schedule
============================================================
* Number of FSM states : 19
* Pipeline : 1
  Pipeline-0 : II = 15, D = 19, States = { 1 2 3 4 5 6 7 8 9 10 11 12 13 14 15 16 17 18 19 }
* Dataflow Pipeline: 0

* FSM state transitions: 
1 --> 2 
2 --> 3 
3 --> 4 
4 --> 5 
5 --> 6 
6 --> 7 
7 --> 8 
8 --> 9 
9 --> 10 
10 --> 11 
11 --> 12 
12 --> 13 
13 --> 14 
14 --> 15 
15 --> 16 
16 --> 17 
17 --> 18 
18 --> 19 
19 --> 

* FSM state operations: 

State 1 <SV = 0> <Delay = 1.61>
ST_1 : Operation 21 [1/1] (0.00ns)   --->   "%y = alloca i32 1"   --->   Operation 21 'alloca' 'y' <Predicate = true> <Delay = 0.00>
ST_1 : Operation 22 [1/1] (0.00ns)   --->   "%xold = alloca i32 1"   --->   Operation 22 'alloca' 'xold' <Predicate = true> <Delay = 0.00>
ST_1 : Operation 23 [1/1] (0.00ns)   --->   "%z = alloca i32 1"   --->   Operation 23 'alloca' 'z' <Predicate = true> <Delay = 0.00>
ST_1 : Operation 24 [1/1] (0.00ns)   --->   "%pow = alloca i32 1"   --->   Operation 24 'alloca' 'pow' <Predicate = true> <Delay = 0.00>
ST_1 : Operation 25 [1/1] (0.00ns)   --->   "%i = alloca i32 1"   --->   Operation 25 'alloca' 'i' <Predicate = true> <Delay = 0.00>
ST_1 : Operation 26 [1/1] (0.00ns)   --->   "%angle_read = read i32 @_ssdm_op_Read.ap_auto.float, i32 %angle"   --->   Operation 26 'read' 'angle_read' <Predicate = true> <Delay = 0.00>
ST_1 : Operation 27 [1/1] (1.61ns)   --->   "%store_ln0 = store i3 0, i3 %i"   --->   Operation 27 'store' 'store_ln0' <Predicate = true> <Delay = 1.61>
ST_1 : Operation 28 [1/1] (1.61ns)   --->   "%store_ln0 = store i32 0.5, i32 %pow"   --->   Operation 28 'store' 'store_ln0' <Predicate = true> <Delay = 1.61>
ST_1 : Operation 29 [1/1] (1.61ns)   --->   "%store_ln0 = store i32 %angle_read, i32 %z"   --->   Operation 29 'store' 'store_ln0' <Predicate = true> <Delay = 1.61>
ST_1 : Operation 30 [1/1] (1.61ns)   --->   "%store_ln0 = store i32 1.2705, i32 %xold"   --->   Operation 30 'store' 'store_ln0' <Predicate = true> <Delay = 1.61>
ST_1 : Operation 31 [1/1] (1.61ns)   --->   "%store_ln0 = store i32 0, i32 %y"   --->   Operation 31 'store' 'store_ln0' <Predicate = true> <Delay = 1.61>
ST_1 : Operation 32 [1/1] (0.00ns)   --->   "%br_ln0 = br void %for.body"   --->   Operation 32 'br' 'br_ln0' <Predicate = true> <Delay = 0.00>

State 2 <SV = 1> <Delay = 5.78>
ST_2 : Operation 33 [1/1] (0.00ns)   --->   "%i_1 = load i3 %i" [tanh_sigmoid.c:15]   --->   Operation 33 'load' 'i_1' <Predicate = true> <Delay = 0.00>
ST_2 : Operation 34 [1/1] (0.00ns)   --->   "%specpipeline_ln0 = specpipeline void @_ssdm_op_SpecPipeline, i32 4294967295, i32 0, i32 1, i32 0, void @p_str"   --->   Operation 34 'specpipeline' 'specpipeline_ln0' <Predicate = true> <Delay = 0.00>
ST_2 : Operation 35 [1/1] (1.18ns)   --->   "%icmp_ln15 = icmp_eq  i3 %i_1, i3 5" [tanh_sigmoid.c:15]   --->   Operation 35 'icmp' 'icmp_ln15' <Predicate = true> <Delay = 1.18> <CoreInst = "Cmp">   --->   Core 9 'Cmp' <Latency = 0> <II = 1> <Delay = 1.18> <FuncUnit> <Opcode : 'icmp'> <InPorts = 2> <OutPorts = 1>
ST_2 : Operation 36 [1/1] (0.00ns)   --->   "%empty = speclooptripcount i32 @_ssdm_op_SpecLoopTripCount, i64 5, i64 5, i64 5"   --->   Operation 36 'speclooptripcount' 'empty' <Predicate = true> <Delay = 0.00>
ST_2 : Operation 37 [1/1] (1.68ns)   --->   "%add_ln15 = add i3 %i_1, i3 1" [tanh_sigmoid.c:15]   --->   Operation 37 'add' 'add_ln15' <Predicate = true> <Delay = 1.68> <CoreInst = "Adder">   --->   Core 1 'Adder' <Latency = 0> <II = 1> <Delay = 1.68> <FuncUnit> <Opcode : 'add' 'sub'> <InPorts = 2> <OutPorts = 1>
ST_2 : Operation 38 [1/1] (0.00ns)   --->   "%br_ln15 = br i1 %icmp_ln15, void %for.body.split, void %for.end.exitStub" [tanh_sigmoid.c:15]   --->   Operation 38 'br' 'br_ln15' <Predicate = true> <Delay = 0.00>
ST_2 : Operation 39 [1/1] (0.00ns)   --->   "%z_load = load i32 %z" [tanh_sigmoid.c:28]   --->   Operation 39 'load' 'z_load' <Predicate = (!icmp_ln15)> <Delay = 0.00>
ST_2 : Operation 40 [1/1] (0.00ns)   --->   "%pow_load = load i32 %pow" [tanh_sigmoid.c:30]   --->   Operation 40 'load' 'pow_load' <Predicate = (!icmp_ln15)> <Delay = 0.00>
ST_2 : Operation 41 [1/1] (0.00ns)   --->   "%i_cast = zext i3 %i_1" [tanh_sigmoid.c:15]   --->   Operation 41 'zext' 'i_cast' <Predicate = (!icmp_ln15)> <Delay = 0.00>
ST_2 : Operation 42 [2/2] (5.09ns)   --->   "%tmp_1 = fcmp_ogt  i32 %z_load, i32 0" [tanh_sigmoid.c:17]   --->   Operation 42 'fcmp' 'tmp_1' <Predicate = (!icmp_ln15)> <Delay = 5.09> <CoreInst = "FCompare">   --->   Core 19 'FCompare' <Latency = 1> <II = 1> <Delay = 5.09> <FuncUnit> <Opcode : 'fcmp'> <InPorts = 2> <OutPorts = 1>
ST_2 : Operation 43 [1/1] (0.00ns)   --->   "%neuron_tanh_in_addr = getelementptr i32 %neuron_tanh_in, i64 0, i64 %i_cast" [tanh_sigmoid.c:28]   --->   Operation 43 'getelementptr' 'neuron_tanh_in_addr' <Predicate = (!icmp_ln15)> <Delay = 0.00>
ST_2 : Operation 44 [2/2] (2.15ns)   --->   "%neuron_tanh_in_load = load i4 %neuron_tanh_in_addr" [tanh_sigmoid.c:28]   --->   Operation 44 'load' 'neuron_tanh_in_load' <Predicate = (!icmp_ln15)> <Delay = 2.15> <CoreInst = "ROM">   --->   Core 95 'ROM' <Latency = 1> <II = 1> <Delay = 2.15> <Storage> <Opcode : 'load'> <Ports = 0> <Width = 32> <Depth = 13> <ROM>
ST_2 : Operation 45 [4/4] (5.78ns)   --->   "%pow_1 = fmul i32 %pow_load, i32 0.5" [tanh_sigmoid.c:30]   --->   Operation 45 'fmul' 'pow_1' <Predicate = (!icmp_ln15)> <Delay = 5.78> <CoreInst = "FMul_maxdsp">   --->   Core 30 'FMul_maxdsp' <Latency = 3> <II = 1> <Delay = 5.78> <FuncUnit> <Opcode : 'fmul'> <InPorts = 2> <OutPorts = 1>
ST_2 : Operation 46 [1/1] (1.61ns)   --->   "%store_ln15 = store i3 %add_ln15, i3 %i" [tanh_sigmoid.c:15]   --->   Operation 46 'store' 'store_ln15' <Predicate = (!icmp_ln15)> <Delay = 1.61>

State 3 <SV = 2> <Delay = 6.07>
ST_3 : Operation 47 [1/1] (0.00ns)   --->   "%bitcast_ln17 = bitcast i32 %z_load" [tanh_sigmoid.c:17]   --->   Operation 47 'bitcast' 'bitcast_ln17' <Predicate = (!icmp_ln15)> <Delay = 0.00>
ST_3 : Operation 48 [1/1] (0.00ns)   --->   "%tmp = partselect i8 @_ssdm_op_PartSelect.i8.i32.i32.i32, i32 %bitcast_ln17, i32 23, i32 30" [tanh_sigmoid.c:17]   --->   Operation 48 'partselect' 'tmp' <Predicate = (!icmp_ln15)> <Delay = 0.00>
ST_3 : Operation 49 [1/1] (0.00ns)   --->   "%trunc_ln17 = trunc i32 %bitcast_ln17" [tanh_sigmoid.c:17]   --->   Operation 49 'trunc' 'trunc_ln17' <Predicate = (!icmp_ln15)> <Delay = 0.00>
ST_3 : Operation 50 [1/1] (1.47ns)   --->   "%icmp_ln17 = icmp_ne  i8 %tmp, i8 255" [tanh_sigmoid.c:17]   --->   Operation 50 'icmp' 'icmp_ln17' <Predicate = (!icmp_ln15)> <Delay = 1.47> <CoreInst = "Cmp">   --->   Core 9 'Cmp' <Latency = 0> <II = 1> <Delay = 1.47> <FuncUnit> <Opcode : 'icmp'> <InPorts = 2> <OutPorts = 1>
ST_3 : Operation 51 [1/1] (2.40ns)   --->   "%icmp_ln17_1 = icmp_eq  i23 %trunc_ln17, i23 0" [tanh_sigmoid.c:17]   --->   Operation 51 'icmp' 'icmp_ln17_1' <Predicate = (!icmp_ln15)> <Delay = 2.40> <CoreInst = "Cmp">   --->   Core 9 'Cmp' <Latency = 0> <II = 1> <Delay = 2.40> <FuncUnit> <Opcode : 'icmp'> <InPorts = 2> <OutPorts = 1>
ST_3 : Operation 52 [1/1] (0.00ns) (grouped into LUT with out node d)   --->   "%or_ln17 = or i1 %icmp_ln17_1, i1 %icmp_ln17" [tanh_sigmoid.c:17]   --->   Operation 52 'or' 'or_ln17' <Predicate = (!icmp_ln15)> <Delay = 0.00> <CoreInst = "LogicGate">   --->   Core 74 'LogicGate' <Latency = 0> <II = 1> <Delay = 0.97> <FuncUnit> <Opcode : 'and' 'or' 'xor'> <InPorts = 2> <OutPorts = 1>
ST_3 : Operation 53 [1/2] (5.09ns)   --->   "%tmp_1 = fcmp_ogt  i32 %z_load, i32 0" [tanh_sigmoid.c:17]   --->   Operation 53 'fcmp' 'tmp_1' <Predicate = (!icmp_ln15)> <Delay = 5.09> <CoreInst = "FCompare">   --->   Core 19 'FCompare' <Latency = 1> <II = 1> <Delay = 5.09> <FuncUnit> <Opcode : 'fcmp'> <InPorts = 2> <OutPorts = 1>
ST_3 : Operation 54 [1/1] (0.00ns) (grouped into LUT with out node d)   --->   "%and_ln17 = and i1 %or_ln17, i1 %tmp_1" [tanh_sigmoid.c:17]   --->   Operation 54 'and' 'and_ln17' <Predicate = (!icmp_ln15)> <Delay = 0.00> <CoreInst = "LogicGate">   --->   Core 74 'LogicGate' <Latency = 0> <II = 1> <Delay = 0.97> <FuncUnit> <Opcode : 'and' 'or' 'xor'> <InPorts = 2> <OutPorts = 1>
ST_3 : Operation 55 [1/1] (0.97ns) (out node of the LUT)   --->   "%d = select i1 %and_ln17, i32 1, i32 -1" [tanh_sigmoid.c:17]   --->   Operation 55 'select' 'd' <Predicate = (!icmp_ln15)> <Delay = 0.97> <CoreInst = "Sel">   --->   Core 73 'Sel' <Latency = 0> <II = 1> <Delay = 0.79> <FuncUnit> <Opcode : 'select'> <InPorts = 3> <OutPorts = 1>
ST_3 : Operation 56 [1/2] (2.15ns)   --->   "%neuron_tanh_in_load = load i4 %neuron_tanh_in_addr" [tanh_sigmoid.c:28]   --->   Operation 56 'load' 'neuron_tanh_in_load' <Predicate = (!icmp_ln15)> <Delay = 2.15> <CoreInst = "ROM">   --->   Core 95 'ROM' <Latency = 1> <II = 1> <Delay = 2.15> <Storage> <Opcode : 'load'> <Ports = 0> <Width = 32> <Depth = 13> <ROM>
ST_3 : Operation 57 [3/4] (5.78ns)   --->   "%pow_1 = fmul i32 %pow_load, i32 0.5" [tanh_sigmoid.c:30]   --->   Operation 57 'fmul' 'pow_1' <Predicate = (!icmp_ln15)> <Delay = 5.78> <CoreInst = "FMul_maxdsp">   --->   Core 30 'FMul_maxdsp' <Latency = 3> <II = 1> <Delay = 5.78> <FuncUnit> <Opcode : 'fmul'> <InPorts = 2> <OutPorts = 1>

State 4 <SV = 3> <Delay = 5.78>
ST_4 : Operation 58 [1/1] (0.00ns)   --->   "%y_load = load i32 %y" [tanh_sigmoid.c:27]   --->   Operation 58 'load' 'y_load' <Predicate = (!icmp_ln15)> <Delay = 0.00>
ST_4 : Operation 59 [1/1] (0.00ns)   --->   "%xold_load_1 = load i32 %xold" [tanh_sigmoid.c:27]   --->   Operation 59 'load' 'xold_load_1' <Predicate = (!icmp_ln15)> <Delay = 0.00>
ST_4 : Operation 60 [4/4] (5.78ns)   --->   "%mul = fmul i32 %d, i32 %y_load" [tanh_sigmoid.c:26]   --->   Operation 60 'fmul' 'mul' <Predicate = (!icmp_ln15)> <Delay = 5.78> <CoreInst = "FMul_maxdsp">   --->   Core 30 'FMul_maxdsp' <Latency = 3> <II = 1> <Delay = 5.78> <FuncUnit> <Opcode : 'fmul'> <InPorts = 2> <OutPorts = 1>
ST_4 : Operation 61 [4/4] (5.78ns)   --->   "%mul3 = fmul i32 %d, i32 %xold_load_1" [tanh_sigmoid.c:27]   --->   Operation 61 'fmul' 'mul3' <Predicate = (!icmp_ln15)> <Delay = 5.78> <CoreInst = "FMul_maxdsp">   --->   Core 30 'FMul_maxdsp' <Latency = 3> <II = 1> <Delay = 5.78> <FuncUnit> <Opcode : 'fmul'> <InPorts = 2> <OutPorts = 1>
ST_4 : Operation 62 [2/4] (5.78ns)   --->   "%pow_1 = fmul i32 %pow_load, i32 0.5" [tanh_sigmoid.c:30]   --->   Operation 62 'fmul' 'pow_1' <Predicate = (!icmp_ln15)> <Delay = 5.78> <CoreInst = "FMul_maxdsp">   --->   Core 30 'FMul_maxdsp' <Latency = 3> <II = 1> <Delay = 5.78> <FuncUnit> <Opcode : 'fmul'> <InPorts = 2> <OutPorts = 1>
ST_4 : Operation 109 [1/1] (0.00ns)   --->   "%y_load_1 = load i32 %y"   --->   Operation 109 'load' 'y_load_1' <Predicate = (icmp_ln15)> <Delay = 0.00>
ST_4 : Operation 110 [1/1] (0.00ns)   --->   "%xold_load = load i32 %xold"   --->   Operation 110 'load' 'xold_load' <Predicate = (icmp_ln15)> <Delay = 0.00>
ST_4 : Operation 111 [1/1] (0.00ns)   --->   "%write_ln0 = write void @_ssdm_op_Write.ap_auto.floatP0A, i32 %x_2_out, i32 %xold_load"   --->   Operation 111 'write' 'write_ln0' <Predicate = (icmp_ln15)> <Delay = 0.00>
ST_4 : Operation 112 [1/1] (0.00ns)   --->   "%write_ln0 = write void @_ssdm_op_Write.ap_auto.floatP0A, i32 %y_out, i32 %y_load_1"   --->   Operation 112 'write' 'write_ln0' <Predicate = (icmp_ln15)> <Delay = 0.00>
ST_4 : Operation 113 [1/1] (0.00ns)   --->   "%ret_ln0 = ret"   --->   Operation 113 'ret' 'ret_ln0' <Predicate = (icmp_ln15)> <Delay = 0.00>

State 5 <SV = 4> <Delay = 5.78>
ST_5 : Operation 63 [3/4] (5.78ns)   --->   "%mul = fmul i32 %d, i32 %y_load" [tanh_sigmoid.c:26]   --->   Operation 63 'fmul' 'mul' <Predicate = (!icmp_ln15)> <Delay = 5.78> <CoreInst = "FMul_maxdsp">   --->   Core 30 'FMul_maxdsp' <Latency = 3> <II = 1> <Delay = 5.78> <FuncUnit> <Opcode : 'fmul'> <InPorts = 2> <OutPorts = 1>
ST_5 : Operation 64 [3/4] (5.78ns)   --->   "%mul3 = fmul i32 %d, i32 %xold_load_1" [tanh_sigmoid.c:27]   --->   Operation 64 'fmul' 'mul3' <Predicate = (!icmp_ln15)> <Delay = 5.78> <CoreInst = "FMul_maxdsp">   --->   Core 30 'FMul_maxdsp' <Latency = 3> <II = 1> <Delay = 5.78> <FuncUnit> <Opcode : 'fmul'> <InPorts = 2> <OutPorts = 1>
ST_5 : Operation 65 [4/4] (5.78ns)   --->   "%mul6 = fmul i32 %d, i32 %neuron_tanh_in_load" [tanh_sigmoid.c:28]   --->   Operation 65 'fmul' 'mul6' <Predicate = (!icmp_ln15)> <Delay = 5.78> <CoreInst = "FMul_maxdsp">   --->   Core 30 'FMul_maxdsp' <Latency = 3> <II = 1> <Delay = 5.78> <FuncUnit> <Opcode : 'fmul'> <InPorts = 2> <OutPorts = 1>
ST_5 : Operation 66 [1/4] (5.78ns)   --->   "%pow_1 = fmul i32 %pow_load, i32 0.5" [tanh_sigmoid.c:30]   --->   Operation 66 'fmul' 'pow_1' <Predicate = (!icmp_ln15)> <Delay = 5.78> <CoreInst = "FMul_maxdsp">   --->   Core 30 'FMul_maxdsp' <Latency = 3> <II = 1> <Delay = 5.78> <FuncUnit> <Opcode : 'fmul'> <InPorts = 2> <OutPorts = 1>

State 6 <SV = 5> <Delay = 5.78>
ST_6 : Operation 67 [2/4] (5.78ns)   --->   "%mul = fmul i32 %d, i32 %y_load" [tanh_sigmoid.c:26]   --->   Operation 67 'fmul' 'mul' <Predicate = (!icmp_ln15)> <Delay = 5.78> <CoreInst = "FMul_maxdsp">   --->   Core 30 'FMul_maxdsp' <Latency = 3> <II = 1> <Delay = 5.78> <FuncUnit> <Opcode : 'fmul'> <InPorts = 2> <OutPorts = 1>
ST_6 : Operation 68 [2/4] (5.78ns)   --->   "%mul3 = fmul i32 %d, i32 %xold_load_1" [tanh_sigmoid.c:27]   --->   Operation 68 'fmul' 'mul3' <Predicate = (!icmp_ln15)> <Delay = 5.78> <CoreInst = "FMul_maxdsp">   --->   Core 30 'FMul_maxdsp' <Latency = 3> <II = 1> <Delay = 5.78> <FuncUnit> <Opcode : 'fmul'> <InPorts = 2> <OutPorts = 1>
ST_6 : Operation 69 [3/4] (5.78ns)   --->   "%mul6 = fmul i32 %d, i32 %neuron_tanh_in_load" [tanh_sigmoid.c:28]   --->   Operation 69 'fmul' 'mul6' <Predicate = (!icmp_ln15)> <Delay = 5.78> <CoreInst = "FMul_maxdsp">   --->   Core 30 'FMul_maxdsp' <Latency = 3> <II = 1> <Delay = 5.78> <FuncUnit> <Opcode : 'fmul'> <InPorts = 2> <OutPorts = 1>
ST_6 : Operation 70 [1/1] (1.61ns)   --->   "%store_ln15 = store i32 %pow_1, i32 %pow" [tanh_sigmoid.c:15]   --->   Operation 70 'store' 'store_ln15' <Predicate = (!icmp_ln15)> <Delay = 1.61>

State 7 <SV = 6> <Delay = 5.78>
ST_7 : Operation 71 [1/4] (5.78ns)   --->   "%mul = fmul i32 %d, i32 %y_load" [tanh_sigmoid.c:26]   --->   Operation 71 'fmul' 'mul' <Predicate = (!icmp_ln15)> <Delay = 5.78> <CoreInst = "FMul_maxdsp">   --->   Core 30 'FMul_maxdsp' <Latency = 3> <II = 1> <Delay = 5.78> <FuncUnit> <Opcode : 'fmul'> <InPorts = 2> <OutPorts = 1>
ST_7 : Operation 72 [1/4] (5.78ns)   --->   "%mul3 = fmul i32 %d, i32 %xold_load_1" [tanh_sigmoid.c:27]   --->   Operation 72 'fmul' 'mul3' <Predicate = (!icmp_ln15)> <Delay = 5.78> <CoreInst = "FMul_maxdsp">   --->   Core 30 'FMul_maxdsp' <Latency = 3> <II = 1> <Delay = 5.78> <FuncUnit> <Opcode : 'fmul'> <InPorts = 2> <OutPorts = 1>
ST_7 : Operation 73 [2/4] (5.78ns)   --->   "%mul6 = fmul i32 %d, i32 %neuron_tanh_in_load" [tanh_sigmoid.c:28]   --->   Operation 73 'fmul' 'mul6' <Predicate = (!icmp_ln15)> <Delay = 5.78> <CoreInst = "FMul_maxdsp">   --->   Core 30 'FMul_maxdsp' <Latency = 3> <II = 1> <Delay = 5.78> <FuncUnit> <Opcode : 'fmul'> <InPorts = 2> <OutPorts = 1>

State 8 <SV = 7> <Delay = 5.78>
ST_8 : Operation 74 [4/4] (5.78ns)   --->   "%mul2 = fmul i32 %mul, i32 %pow_load" [tanh_sigmoid.c:26]   --->   Operation 74 'fmul' 'mul2' <Predicate = (!icmp_ln15)> <Delay = 5.78> <CoreInst = "FMul_maxdsp">   --->   Core 30 'FMul_maxdsp' <Latency = 3> <II = 1> <Delay = 5.78> <FuncUnit> <Opcode : 'fmul'> <InPorts = 2> <OutPorts = 1>
ST_8 : Operation 75 [4/4] (5.78ns)   --->   "%mul4 = fmul i32 %mul3, i32 %pow_load" [tanh_sigmoid.c:27]   --->   Operation 75 'fmul' 'mul4' <Predicate = (!icmp_ln15)> <Delay = 5.78> <CoreInst = "FMul_maxdsp">   --->   Core 30 'FMul_maxdsp' <Latency = 3> <II = 1> <Delay = 5.78> <FuncUnit> <Opcode : 'fmul'> <InPorts = 2> <OutPorts = 1>
ST_8 : Operation 76 [1/4] (5.78ns)   --->   "%mul6 = fmul i32 %d, i32 %neuron_tanh_in_load" [tanh_sigmoid.c:28]   --->   Operation 76 'fmul' 'mul6' <Predicate = (!icmp_ln15)> <Delay = 5.78> <CoreInst = "FMul_maxdsp">   --->   Core 30 'FMul_maxdsp' <Latency = 3> <II = 1> <Delay = 5.78> <FuncUnit> <Opcode : 'fmul'> <InPorts = 2> <OutPorts = 1>

State 9 <SV = 8> <Delay = 5.92>
ST_9 : Operation 77 [3/4] (5.78ns)   --->   "%mul2 = fmul i32 %mul, i32 %pow_load" [tanh_sigmoid.c:26]   --->   Operation 77 'fmul' 'mul2' <Predicate = (!icmp_ln15)> <Delay = 5.78> <CoreInst = "FMul_maxdsp">   --->   Core 30 'FMul_maxdsp' <Latency = 3> <II = 1> <Delay = 5.78> <FuncUnit> <Opcode : 'fmul'> <InPorts = 2> <OutPorts = 1>
ST_9 : Operation 78 [3/4] (5.78ns)   --->   "%mul4 = fmul i32 %mul3, i32 %pow_load" [tanh_sigmoid.c:27]   --->   Operation 78 'fmul' 'mul4' <Predicate = (!icmp_ln15)> <Delay = 5.78> <CoreInst = "FMul_maxdsp">   --->   Core 30 'FMul_maxdsp' <Latency = 3> <II = 1> <Delay = 5.78> <FuncUnit> <Opcode : 'fmul'> <InPorts = 2> <OutPorts = 1>
ST_9 : Operation 79 [7/7] (5.92ns)   --->   "%z_1 = fsub i32 %z_load, i32 %mul6" [tanh_sigmoid.c:28]   --->   Operation 79 'fsub' 'z_1' <Predicate = (!icmp_ln15)> <Delay = 5.92> <CoreInst = "FAddSub_fulldsp">   --->   Core 18 'FAddSub_fulldsp' <Latency = 6> <II = 1> <Delay = 5.92> <FuncUnit> <Opcode : 'fadd' 'fsub'> <InPorts = 2> <OutPorts = 1>

State 10 <SV = 9> <Delay = 5.92>
ST_10 : Operation 80 [2/4] (5.78ns)   --->   "%mul2 = fmul i32 %mul, i32 %pow_load" [tanh_sigmoid.c:26]   --->   Operation 80 'fmul' 'mul2' <Predicate = (!icmp_ln15)> <Delay = 5.78> <CoreInst = "FMul_maxdsp">   --->   Core 30 'FMul_maxdsp' <Latency = 3> <II = 1> <Delay = 5.78> <FuncUnit> <Opcode : 'fmul'> <InPorts = 2> <OutPorts = 1>
ST_10 : Operation 81 [2/4] (5.78ns)   --->   "%mul4 = fmul i32 %mul3, i32 %pow_load" [tanh_sigmoid.c:27]   --->   Operation 81 'fmul' 'mul4' <Predicate = (!icmp_ln15)> <Delay = 5.78> <CoreInst = "FMul_maxdsp">   --->   Core 30 'FMul_maxdsp' <Latency = 3> <II = 1> <Delay = 5.78> <FuncUnit> <Opcode : 'fmul'> <InPorts = 2> <OutPorts = 1>
ST_10 : Operation 82 [6/7] (5.92ns)   --->   "%z_1 = fsub i32 %z_load, i32 %mul6" [tanh_sigmoid.c:28]   --->   Operation 82 'fsub' 'z_1' <Predicate = (!icmp_ln15)> <Delay = 5.92> <CoreInst = "FAddSub_fulldsp">   --->   Core 18 'FAddSub_fulldsp' <Latency = 6> <II = 1> <Delay = 5.92> <FuncUnit> <Opcode : 'fadd' 'fsub'> <InPorts = 2> <OutPorts = 1>

State 11 <SV = 10> <Delay = 5.92>
ST_11 : Operation 83 [1/4] (5.78ns)   --->   "%mul2 = fmul i32 %mul, i32 %pow_load" [tanh_sigmoid.c:26]   --->   Operation 83 'fmul' 'mul2' <Predicate = (!icmp_ln15)> <Delay = 5.78> <CoreInst = "FMul_maxdsp">   --->   Core 30 'FMul_maxdsp' <Latency = 3> <II = 1> <Delay = 5.78> <FuncUnit> <Opcode : 'fmul'> <InPorts = 2> <OutPorts = 1>
ST_11 : Operation 84 [1/4] (5.78ns)   --->   "%mul4 = fmul i32 %mul3, i32 %pow_load" [tanh_sigmoid.c:27]   --->   Operation 84 'fmul' 'mul4' <Predicate = (!icmp_ln15)> <Delay = 5.78> <CoreInst = "FMul_maxdsp">   --->   Core 30 'FMul_maxdsp' <Latency = 3> <II = 1> <Delay = 5.78> <FuncUnit> <Opcode : 'fmul'> <InPorts = 2> <OutPorts = 1>
ST_11 : Operation 85 [5/7] (5.92ns)   --->   "%z_1 = fsub i32 %z_load, i32 %mul6" [tanh_sigmoid.c:28]   --->   Operation 85 'fsub' 'z_1' <Predicate = (!icmp_ln15)> <Delay = 5.92> <CoreInst = "FAddSub_fulldsp">   --->   Core 18 'FAddSub_fulldsp' <Latency = 6> <II = 1> <Delay = 5.92> <FuncUnit> <Opcode : 'fadd' 'fsub'> <InPorts = 2> <OutPorts = 1>

State 12 <SV = 11> <Delay = 5.92>
ST_12 : Operation 86 [7/7] (5.92ns)   --->   "%x = fadd i32 %xold_load_1, i32 %mul2" [tanh_sigmoid.c:26]   --->   Operation 86 'fadd' 'x' <Predicate = (!icmp_ln15)> <Delay = 5.92> <CoreInst = "FAddSub_fulldsp">   --->   Core 18 'FAddSub_fulldsp' <Latency = 6> <II = 1> <Delay = 5.92> <FuncUnit> <Opcode : 'fadd' 'fsub'> <InPorts = 2> <OutPorts = 1>
ST_12 : Operation 87 [7/7] (5.92ns)   --->   "%y_1 = fadd i32 %y_load, i32 %mul4" [tanh_sigmoid.c:27]   --->   Operation 87 'fadd' 'y_1' <Predicate = (!icmp_ln15)> <Delay = 5.92> <CoreInst = "FAddSub_fulldsp">   --->   Core 18 'FAddSub_fulldsp' <Latency = 6> <II = 1> <Delay = 5.92> <FuncUnit> <Opcode : 'fadd' 'fsub'> <InPorts = 2> <OutPorts = 1>
ST_12 : Operation 88 [4/7] (5.92ns)   --->   "%z_1 = fsub i32 %z_load, i32 %mul6" [tanh_sigmoid.c:28]   --->   Operation 88 'fsub' 'z_1' <Predicate = (!icmp_ln15)> <Delay = 5.92> <CoreInst = "FAddSub_fulldsp">   --->   Core 18 'FAddSub_fulldsp' <Latency = 6> <II = 1> <Delay = 5.92> <FuncUnit> <Opcode : 'fadd' 'fsub'> <InPorts = 2> <OutPorts = 1>

State 13 <SV = 12> <Delay = 5.92>
ST_13 : Operation 89 [6/7] (5.92ns)   --->   "%x = fadd i32 %xold_load_1, i32 %mul2" [tanh_sigmoid.c:26]   --->   Operation 89 'fadd' 'x' <Predicate = (!icmp_ln15)> <Delay = 5.92> <CoreInst = "FAddSub_fulldsp">   --->   Core 18 'FAddSub_fulldsp' <Latency = 6> <II = 1> <Delay = 5.92> <FuncUnit> <Opcode : 'fadd' 'fsub'> <InPorts = 2> <OutPorts = 1>
ST_13 : Operation 90 [6/7] (5.92ns)   --->   "%y_1 = fadd i32 %y_load, i32 %mul4" [tanh_sigmoid.c:27]   --->   Operation 90 'fadd' 'y_1' <Predicate = (!icmp_ln15)> <Delay = 5.92> <CoreInst = "FAddSub_fulldsp">   --->   Core 18 'FAddSub_fulldsp' <Latency = 6> <II = 1> <Delay = 5.92> <FuncUnit> <Opcode : 'fadd' 'fsub'> <InPorts = 2> <OutPorts = 1>
ST_13 : Operation 91 [3/7] (5.92ns)   --->   "%z_1 = fsub i32 %z_load, i32 %mul6" [tanh_sigmoid.c:28]   --->   Operation 91 'fsub' 'z_1' <Predicate = (!icmp_ln15)> <Delay = 5.92> <CoreInst = "FAddSub_fulldsp">   --->   Core 18 'FAddSub_fulldsp' <Latency = 6> <II = 1> <Delay = 5.92> <FuncUnit> <Opcode : 'fadd' 'fsub'> <InPorts = 2> <OutPorts = 1>

State 14 <SV = 13> <Delay = 5.92>
ST_14 : Operation 92 [5/7] (5.92ns)   --->   "%x = fadd i32 %xold_load_1, i32 %mul2" [tanh_sigmoid.c:26]   --->   Operation 92 'fadd' 'x' <Predicate = (!icmp_ln15)> <Delay = 5.92> <CoreInst = "FAddSub_fulldsp">   --->   Core 18 'FAddSub_fulldsp' <Latency = 6> <II = 1> <Delay = 5.92> <FuncUnit> <Opcode : 'fadd' 'fsub'> <InPorts = 2> <OutPorts = 1>
ST_14 : Operation 93 [5/7] (5.92ns)   --->   "%y_1 = fadd i32 %y_load, i32 %mul4" [tanh_sigmoid.c:27]   --->   Operation 93 'fadd' 'y_1' <Predicate = (!icmp_ln15)> <Delay = 5.92> <CoreInst = "FAddSub_fulldsp">   --->   Core 18 'FAddSub_fulldsp' <Latency = 6> <II = 1> <Delay = 5.92> <FuncUnit> <Opcode : 'fadd' 'fsub'> <InPorts = 2> <OutPorts = 1>
ST_14 : Operation 94 [2/7] (5.92ns)   --->   "%z_1 = fsub i32 %z_load, i32 %mul6" [tanh_sigmoid.c:28]   --->   Operation 94 'fsub' 'z_1' <Predicate = (!icmp_ln15)> <Delay = 5.92> <CoreInst = "FAddSub_fulldsp">   --->   Core 18 'FAddSub_fulldsp' <Latency = 6> <II = 1> <Delay = 5.92> <FuncUnit> <Opcode : 'fadd' 'fsub'> <InPorts = 2> <OutPorts = 1>

State 15 <SV = 14> <Delay = 5.92>
ST_15 : Operation 95 [4/7] (5.92ns)   --->   "%x = fadd i32 %xold_load_1, i32 %mul2" [tanh_sigmoid.c:26]   --->   Operation 95 'fadd' 'x' <Predicate = (!icmp_ln15)> <Delay = 5.92> <CoreInst = "FAddSub_fulldsp">   --->   Core 18 'FAddSub_fulldsp' <Latency = 6> <II = 1> <Delay = 5.92> <FuncUnit> <Opcode : 'fadd' 'fsub'> <InPorts = 2> <OutPorts = 1>
ST_15 : Operation 96 [4/7] (5.92ns)   --->   "%y_1 = fadd i32 %y_load, i32 %mul4" [tanh_sigmoid.c:27]   --->   Operation 96 'fadd' 'y_1' <Predicate = (!icmp_ln15)> <Delay = 5.92> <CoreInst = "FAddSub_fulldsp">   --->   Core 18 'FAddSub_fulldsp' <Latency = 6> <II = 1> <Delay = 5.92> <FuncUnit> <Opcode : 'fadd' 'fsub'> <InPorts = 2> <OutPorts = 1>
ST_15 : Operation 97 [1/7] (5.92ns)   --->   "%z_1 = fsub i32 %z_load, i32 %mul6" [tanh_sigmoid.c:28]   --->   Operation 97 'fsub' 'z_1' <Predicate = (!icmp_ln15)> <Delay = 5.92> <CoreInst = "FAddSub_fulldsp">   --->   Core 18 'FAddSub_fulldsp' <Latency = 6> <II = 1> <Delay = 5.92> <FuncUnit> <Opcode : 'fadd' 'fsub'> <InPorts = 2> <OutPorts = 1>

State 16 <SV = 15> <Delay = 5.92>
ST_16 : Operation 98 [3/7] (5.92ns)   --->   "%x = fadd i32 %xold_load_1, i32 %mul2" [tanh_sigmoid.c:26]   --->   Operation 98 'fadd' 'x' <Predicate = (!icmp_ln15)> <Delay = 5.92> <CoreInst = "FAddSub_fulldsp">   --->   Core 18 'FAddSub_fulldsp' <Latency = 6> <II = 1> <Delay = 5.92> <FuncUnit> <Opcode : 'fadd' 'fsub'> <InPorts = 2> <OutPorts = 1>
ST_16 : Operation 99 [3/7] (5.92ns)   --->   "%y_1 = fadd i32 %y_load, i32 %mul4" [tanh_sigmoid.c:27]   --->   Operation 99 'fadd' 'y_1' <Predicate = (!icmp_ln15)> <Delay = 5.92> <CoreInst = "FAddSub_fulldsp">   --->   Core 18 'FAddSub_fulldsp' <Latency = 6> <II = 1> <Delay = 5.92> <FuncUnit> <Opcode : 'fadd' 'fsub'> <InPorts = 2> <OutPorts = 1>
ST_16 : Operation 100 [1/1] (1.61ns)   --->   "%store_ln15 = store i32 %z_1, i32 %z" [tanh_sigmoid.c:15]   --->   Operation 100 'store' 'store_ln15' <Predicate = (!icmp_ln15)> <Delay = 1.61>

State 17 <SV = 16> <Delay = 5.92>
ST_17 : Operation 101 [2/7] (5.92ns)   --->   "%x = fadd i32 %xold_load_1, i32 %mul2" [tanh_sigmoid.c:26]   --->   Operation 101 'fadd' 'x' <Predicate = true> <Delay = 5.92> <CoreInst = "FAddSub_fulldsp">   --->   Core 18 'FAddSub_fulldsp' <Latency = 6> <II = 1> <Delay = 5.92> <FuncUnit> <Opcode : 'fadd' 'fsub'> <InPorts = 2> <OutPorts = 1>
ST_17 : Operation 102 [2/7] (5.92ns)   --->   "%y_1 = fadd i32 %y_load, i32 %mul4" [tanh_sigmoid.c:27]   --->   Operation 102 'fadd' 'y_1' <Predicate = true> <Delay = 5.92> <CoreInst = "FAddSub_fulldsp">   --->   Core 18 'FAddSub_fulldsp' <Latency = 6> <II = 1> <Delay = 5.92> <FuncUnit> <Opcode : 'fadd' 'fsub'> <InPorts = 2> <OutPorts = 1>

State 18 <SV = 17> <Delay = 5.92>
ST_18 : Operation 103 [1/7] (5.92ns)   --->   "%x = fadd i32 %xold_load_1, i32 %mul2" [tanh_sigmoid.c:26]   --->   Operation 103 'fadd' 'x' <Predicate = true> <Delay = 5.92> <CoreInst = "FAddSub_fulldsp">   --->   Core 18 'FAddSub_fulldsp' <Latency = 6> <II = 1> <Delay = 5.92> <FuncUnit> <Opcode : 'fadd' 'fsub'> <InPorts = 2> <OutPorts = 1>
ST_18 : Operation 104 [1/7] (5.92ns)   --->   "%y_1 = fadd i32 %y_load, i32 %mul4" [tanh_sigmoid.c:27]   --->   Operation 104 'fadd' 'y_1' <Predicate = true> <Delay = 5.92> <CoreInst = "FAddSub_fulldsp">   --->   Core 18 'FAddSub_fulldsp' <Latency = 6> <II = 1> <Delay = 5.92> <FuncUnit> <Opcode : 'fadd' 'fsub'> <InPorts = 2> <OutPorts = 1>

State 19 <SV = 18> <Delay = 1.61>
ST_19 : Operation 105 [1/1] (0.00ns)   --->   "%specloopname_ln8 = specloopname void @_ssdm_op_SpecLoopName, void @empty_2" [tanh_sigmoid.c:8]   --->   Operation 105 'specloopname' 'specloopname_ln8' <Predicate = true> <Delay = 0.00>
ST_19 : Operation 106 [1/1] (1.61ns)   --->   "%store_ln15 = store i32 %x, i32 %xold" [tanh_sigmoid.c:15]   --->   Operation 106 'store' 'store_ln15' <Predicate = true> <Delay = 1.61>
ST_19 : Operation 107 [1/1] (1.61ns)   --->   "%store_ln15 = store i32 %y_1, i32 %y" [tanh_sigmoid.c:15]   --->   Operation 107 'store' 'store_ln15' <Predicate = true> <Delay = 1.61>
ST_19 : Operation 108 [1/1] (0.00ns)   --->   "%br_ln15 = br void %for.body" [tanh_sigmoid.c:15]   --->   Operation 108 'br' 'br_ln15' <Predicate = true> <Delay = 0.00>


============================================================
+ Verbose Summary: Timing violations
============================================================
Target clock period: 10ns, clock uncertainty: 2.7ns.

 <State 1>: 1.61ns
The critical path consists of the following:
	'alloca' operation ('i') [9]  (0 ns)
	'store' operation ('store_ln0') of constant 0 on local variable 'i' [11]  (1.61 ns)

 <State 2>: 5.78ns
The critical path consists of the following:
	'load' operation ('pow_load', tanh_sigmoid.c:30) on local variable 'pow' [28]  (0 ns)
	'fmul' operation ('pow', tanh_sigmoid.c:30) [50]  (5.78 ns)

 <State 3>: 6.07ns
The critical path consists of the following:
	'fcmp' operation ('tmp_1', tanh_sigmoid.c:17) [37]  (5.09 ns)
	'and' operation ('and_ln17', tanh_sigmoid.c:17) [38]  (0 ns)
	'select' operation ('d', tanh_sigmoid.c:17) [39]  (0.978 ns)

 <State 4>: 5.78ns
The critical path consists of the following:
	'load' operation ('y_load', tanh_sigmoid.c:27) on local variable 'y' [25]  (0 ns)
	'fmul' operation ('mul', tanh_sigmoid.c:26) [40]  (5.78 ns)

 <State 5>: 5.78ns
The critical path consists of the following:
	'fmul' operation ('mul', tanh_sigmoid.c:26) [40]  (5.78 ns)

 <State 6>: 5.78ns
The critical path consists of the following:
	'fmul' operation ('mul', tanh_sigmoid.c:26) [40]  (5.78 ns)

 <State 7>: 5.78ns
The critical path consists of the following:
	'fmul' operation ('mul', tanh_sigmoid.c:26) [40]  (5.78 ns)

 <State 8>: 5.78ns
The critical path consists of the following:
	'fmul' operation ('mul2', tanh_sigmoid.c:26) [41]  (5.78 ns)

 <State 9>: 5.93ns
The critical path consists of the following:
	'fsub' operation ('z', tanh_sigmoid.c:28) [49]  (5.93 ns)

 <State 10>: 5.93ns
The critical path consists of the following:
	'fsub' operation ('z', tanh_sigmoid.c:28) [49]  (5.93 ns)

 <State 11>: 5.93ns
The critical path consists of the following:
	'fsub' operation ('z', tanh_sigmoid.c:28) [49]  (5.93 ns)

 <State 12>: 5.93ns
The critical path consists of the following:
	'fadd' operation ('x', tanh_sigmoid.c:26) [42]  (5.93 ns)

 <State 13>: 5.93ns
The critical path consists of the following:
	'fadd' operation ('x', tanh_sigmoid.c:26) [42]  (5.93 ns)

 <State 14>: 5.93ns
The critical path consists of the following:
	'fadd' operation ('x', tanh_sigmoid.c:26) [42]  (5.93 ns)

 <State 15>: 5.93ns
The critical path consists of the following:
	'fadd' operation ('x', tanh_sigmoid.c:26) [42]  (5.93 ns)

 <State 16>: 5.93ns
The critical path consists of the following:
	'fadd' operation ('x', tanh_sigmoid.c:26) [42]  (5.93 ns)

 <State 17>: 5.93ns
The critical path consists of the following:
	'fadd' operation ('x', tanh_sigmoid.c:26) [42]  (5.93 ns)

 <State 18>: 5.93ns
The critical path consists of the following:
	'fadd' operation ('x', tanh_sigmoid.c:26) [42]  (5.93 ns)

 <State 19>: 1.61ns
The critical path consists of the following:
	'store' operation ('store_ln15', tanh_sigmoid.c:15) of variable 'x', tanh_sigmoid.c:26 on local variable 'xold' [54]  (1.61 ns)


============================================================
+ Verbose Summary: Binding
============================================================
N/A
* FSMD analyzer results:
  - Output states:
 - Input state : 
  - Chain level:
	State 1
	State 2
	State 3
	State 4
	State 5
	State 6
	State 7
	State 8
	State 9
	State 10
	State 11
	State 12
	State 13
	State 14
	State 15
	State 16
	State 17
	State 18
	State 19


============================================================
+ Verbose Summary: Datapath Resource usage 
============================================================
N/A
