

================================================================
== Synthesis Summary Report of 'tanh_custom'
================================================================
+ General Information: 
    * Date:           Mon Nov  4 00:24:20 2024
    * Version:        2022.2 (Build 3670227 on Oct 13 2022)
    * Project:        cordic_tanh
    * Solution:       solution1 (Vivado IP Flow Target)
    * Product family: artix7
    * Target device:  xc7a35t-cpg236-1
    

+ Performance & Resource Estimates: 
    
    PS: '+' for module; 'o' for loop; '*' for dataflow
    +-----------------------------------------+------+------+---------+---------+----------+---------+------+----------+------+----------+-----------+-----------+-----+
    |                 Modules                 | Issue|      | Latency | Latency | Iteration|         | Trip |          |      |          |           |           |     |
    |                 & Loops                 | Type | Slack| (cycles)|   (ns)  |  Latency | Interval| Count| Pipelined| BRAM |    DSP   |     FF    |    LUT    | URAM|
    +-----------------------------------------+------+------+---------+---------+----------+---------+------+----------+------+----------+-----------+-----------+-----+
    |+ tanh_custom                            |     -|  1.00|       96|  960.000|         -|       97|     -|        no|     -|  10 (11%)|  1420 (3%)|  1192 (5%)|    -|
    | + tanh_custom_Pipeline_VITIS_LOOP_14_1  |     -|  1.23|       79|  790.000|         -|       79|     -|        no|     -|  10 (11%)|  1401 (3%)|  1099 (5%)|    -|
    |  o VITIS_LOOP_14_1                      |    II|  7.30|       77|  770.000|        18|       15|     5|       yes|     -|         -|          -|          -|    -|
    +-----------------------------------------+------+------+---------+---------+----------+---------+------+----------+------+----------+-----------+-----------+-----+


================================================================
== HW Interfaces
================================================================
* Other Ports
+-----------+---------+----------+
| Interface | Mode    | Bitwidth |
+-----------+---------+----------+
| angle     | ap_none | 32       |
| ap_return |         | 32       |
+-----------+---------+----------+

* TOP LEVEL CONTROL
+-----------+------------+-----------------------------------+
| Interface | Type       | Ports                             |
+-----------+------------+-----------------------------------+
| ap_clk    | clock      | ap_clk                            |
| ap_rst    | reset      | ap_rst                            |
| ap_ctrl   | ap_ctrl_hs | ap_done ap_idle ap_ready ap_start |
+-----------+------------+-----------------------------------+


================================================================
== SW I/O Information
================================================================
* Top Function Arguments
+----------+-----------+----------+
| Argument | Direction | Datatype |
+----------+-----------+----------+
| angle    | in        | float    |
| return   | out       | float    |
+----------+-----------+----------+

* SW-to-HW Mapping
+----------+--------------+---------+
| Argument | HW Interface | HW Type |
+----------+--------------+---------+
| angle    | angle        | port    |
| return   | ap_return    | port    |
+----------+--------------+---------+


================================================================
== Bind Op Report
================================================================
+------------------------------------------+-----+--------+----------------+------+---------+---------+
| Name                                     | DSP | Pragma | Variable       | Op   | Impl    | Latency |
+------------------------------------------+-----+--------+----------------+------+---------+---------+
| + tanh_custom                            | 10  |        |                |      |         |         |
|   fdiv_32ns_32ns_32_16_no_dsp_1_U14      | -   |        | tan_hyperbolic | fdiv | fabric  | 15      |
|  + tanh_custom_Pipeline_VITIS_LOOP_14_1  | 10  |        |                |      |         |         |
|    add_ln14_fu_183_p2                    | -   |        | add_ln14       | add  | fabric  | 0       |
|    fmul_32ns_32ns_32_4_max_dsp_1_U3      | 3   |        | mul            | fmul | maxdsp  | 3       |
|    fmul_32ns_32ns_32_4_max_dsp_1_U3      | 3   |        | mul2           | fmul | maxdsp  | 3       |
|    faddfsub_32ns_32ns_32_7_full_dsp_1_U1 | 2   |        | x              | fsub | fulldsp | 6       |
|    fmul_32ns_32ns_32_4_max_dsp_1_U4      | 3   |        | mul3           | fmul | maxdsp  | 3       |
|    fmul_32ns_32ns_32_4_max_dsp_1_U4      | 3   |        | mul4           | fmul | maxdsp  | 3       |
|    fadd_32ns_32ns_32_7_full_dsp_1_U2     | 2   |        | y_1            | fadd | fulldsp | 6       |
|    fmul_32ns_32ns_32_4_max_dsp_1_U3      | 3   |        | mul6           | fmul | maxdsp  | 3       |
|    faddfsub_32ns_32ns_32_7_full_dsp_1_U1 | 2   |        | z_1            | fsub | fulldsp | 6       |
|    fmul_32ns_32ns_32_4_max_dsp_1_U3      | 3   |        | pow_1          | fmul | maxdsp  | 3       |
+------------------------------------------+-----+--------+----------------+------+---------+---------+


================================================================
== Bind Storage Report
================================================================
+-----------------------------------------+------+------+--------+---------------------+---------+------+---------+
| Name                                    | BRAM | URAM | Pragma | Variable            | Storage | Impl | Latency |
+-----------------------------------------+------+------+--------+---------------------+---------+------+---------+
| + tanh_custom                           | 0    | 0    |        |                     |         |      |         |
|  + tanh_custom_Pipeline_VITIS_LOOP_14_1 | 0    | 0    |        |                     |         |      |         |
|    tanh_custom_tanh_in_U                | -    | -    |        | tanh_custom_tanh_in | rom_1p  | auto | 1       |
+-----------------------------------------+------+------+--------+---------------------+---------+------+---------+


================================================================
== Pragma Report
================================================================
  No pragmas found

