

================================================================
== Vitis HLS Report for 'tanh_custom'
================================================================
* Date:           Mon Nov  4 00:24:20 2024

* Version:        2022.2 (Build 3670227 on Oct 13 2022)
* Project:        cordic_tanh
* Solution:       solution1 (Vivado IP Flow Target)
* Product family: artix7
* Target device:  xc7a35t-cpg236-1


================================================================
== Performance Estimates
================================================================
+ Timing: 
    * Summary: 
    +--------+----------+----------+------------+
    |  Clock |  Target  | Estimated| Uncertainty|
    +--------+----------+----------+------------+
    |ap_clk  |  10.00 ns|  6.301 ns|     2.70 ns|
    +--------+----------+----------+------------+

+ Latency: 
    * Summary: 
    +---------+---------+----------+----------+-----+-----+---------+
    |  Latency (cycles) |  Latency (absolute) |  Interval | Pipeline|
    |   min   |   max   |    min   |    max   | min | max |   Type  |
    +---------+---------+----------+----------+-----+-----+---------+
    |       96|       96|  0.960 us|  0.960 us|   97|   97|       no|
    +---------+---------+----------+----------+-----+-----+---------+

    + Detail: 
        * Instance: 
        +------------------------------------------------+--------------------------------------+---------+---------+----------+----------+-----+-----+---------+
        |                                                |                                      |  Latency (cycles) |  Latency (absolute) |  Interval | Pipeline|
        |                    Instance                    |                Module                |   min   |   max   |    min   |    max   | min | max |   Type  |
        +------------------------------------------------+--------------------------------------+---------+---------+----------+----------+-----+-----+---------+
        |grp_tanh_custom_Pipeline_VITIS_LOOP_14_1_fu_42  |tanh_custom_Pipeline_VITIS_LOOP_14_1  |       79|       79|  0.790 us|  0.790 us|   79|   79|       no|
        +------------------------------------------------+--------------------------------------+---------+---------+----------+----------+-----+-----+---------+

        * Loop: 
        N/A



================================================================
== Utilization Estimates
================================================================
* Summary: 
+-----------------+---------+----+-------+-------+-----+
|       Name      | BRAM_18K| DSP|   FF  |  LUT  | URAM|
+-----------------+---------+----+-------+-------+-----+
|DSP              |        -|   -|      -|      -|    -|
|Expression       |        -|   -|      -|      -|    -|
|FIFO             |        -|   -|      -|      -|    -|
|Instance         |        0|  10|   1401|   1099|    -|
|Memory           |        -|   -|      -|      -|    -|
|Multiplexer      |        -|   -|      -|     93|    -|
|Register         |        -|   -|     19|      -|    -|
+-----------------+---------+----+-------+-------+-----+
|Total            |        0|  10|   1420|   1192|    0|
+-----------------+---------+----+-------+-------+-----+
|Available        |      100|  90|  41600|  20800|    0|
+-----------------+---------+----+-------+-------+-----+
|Utilization (%)  |        0|  11|      3|      5|    0|
+-----------------+---------+----+-------+-------+-----+

+ Detail: 
    * Instance: 
    +------------------------------------------------+--------------------------------------+---------+----+------+------+-----+
    |                    Instance                    |                Module                | BRAM_18K| DSP|  FF  |  LUT | URAM|
    +------------------------------------------------+--------------------------------------+---------+----+------+------+-----+
    |fdiv_32ns_32ns_32_16_no_dsp_1_U14               |fdiv_32ns_32ns_32_16_no_dsp_1         |        0|   0|     0|     0|    0|
    |grp_tanh_custom_Pipeline_VITIS_LOOP_14_1_fu_42  |tanh_custom_Pipeline_VITIS_LOOP_14_1  |        0|  10|  1401|  1099|    0|
    +------------------------------------------------+--------------------------------------+---------+----+------+------+-----+
    |Total                                           |                                      |        0|  10|  1401|  1099|    0|
    +------------------------------------------------+--------------------------------------+---------+----+------+------+-----+

    * DSP: 
    N/A

    * Memory: 
    N/A

    * FIFO: 
    N/A

    * Expression: 
    N/A

    * Multiplexer: 
    +-----------+----+-----------+-----+-----------+
    |    Name   | LUT| Input Size| Bits| Total Bits|
    +-----------+----+-----------+-----+-----------+
    |ap_NS_fsm  |  93|         19|    1|         19|
    +-----------+----+-----------+-----+-----------+
    |Total      |  93|         19|    1|         19|
    +-----------+----+-----------+-----+-----------+

    * Register: 
    +-------------------------------------------------------------+----+----+-----+-----------+
    |                             Name                            | FF | LUT| Bits| Const Bits|
    +-------------------------------------------------------------+----+----+-----+-----------+
    |ap_CS_fsm                                                    |  18|   0|   18|          0|
    |grp_tanh_custom_Pipeline_VITIS_LOOP_14_1_fu_42_ap_start_reg  |   1|   0|    1|          0|
    +-------------------------------------------------------------+----+----+-----+-----------+
    |Total                                                        |  19|   0|   19|          0|
    +-------------------------------------------------------------+----+----+-----+-----------+



================================================================
== Interface
================================================================
* Summary: 
+-----------+-----+-----+------------+--------------+--------------+
| RTL Ports | Dir | Bits|  Protocol  | Source Object|    C Type    |
+-----------+-----+-----+------------+--------------+--------------+
|ap_clk     |   in|    1|  ap_ctrl_hs|   tanh_custom|  return value|
|ap_rst     |   in|    1|  ap_ctrl_hs|   tanh_custom|  return value|
|ap_start   |   in|    1|  ap_ctrl_hs|   tanh_custom|  return value|
|ap_done    |  out|    1|  ap_ctrl_hs|   tanh_custom|  return value|
|ap_idle    |  out|    1|  ap_ctrl_hs|   tanh_custom|  return value|
|ap_ready   |  out|    1|  ap_ctrl_hs|   tanh_custom|  return value|
|ap_return  |  out|   32|  ap_ctrl_hs|   tanh_custom|  return value|
|angle      |   in|   32|     ap_none|         angle|        scalar|
+-----------+-----+-----+------------+--------------+--------------+

