

================================================================
== Vitis HLS Report for 'MAC_Pipeline_VITIS_LOOP_56_2'
================================================================
* Date:           Wed Oct 30 15:12:56 2024

* Version:        2022.2 (Build 3670227 on Oct 13 2022)
* Project:        MAC
* Solution:       solution1 (Vivado IP Flow Target)
* Product family: artix7
* Target device:  xc7a35t-cpg236-1


================================================================
== Performance Estimates
================================================================
+ Timing: 
    * Summary: 
    +--------+----------+----------+------------+
    |  Clock |  Target  | Estimated| Uncertainty|
    +--------+----------+----------+------------+
    |ap_clk  |  10.00 ns|  6.073 ns|     2.70 ns|
    +--------+----------+----------+------------+

+ Latency: 
    * Summary: 
    +---------+---------+----------+----------+-----+-----+---------+
    |  Latency (cycles) |  Latency (absolute) |  Interval | Pipeline|
    |   min   |   max   |    min   |    max   | min | max |   Type  |
    +---------+---------+----------+----------+-----+-----+---------+
    |        ?|        ?|         ?|         ?|    ?|    ?|       no|
    +---------+---------+----------+----------+-----+-----+---------+

    + Detail: 
        * Instance: 
        N/A

        * Loop: 
        +-------------------+---------+---------+----------+-----------+-----------+------+----------+
        |                   |  Latency (cycles) | Iteration|  Initiation Interval  | Trip |          |
        |     Loop Name     |   min   |   max   |  Latency |  achieved |   target  | Count| Pipelined|
        +-------------------+---------+---------+----------+-----------+-----------+------+----------+
        |- VITIS_LOOP_56_2  |        ?|        ?|        18|         15|          1|     ?|       yes|
        +-------------------+---------+---------+----------+-----------+-----------+------+----------+

============================================================
+ Verbose Summary: Synthesis Manager
============================================================
InlineROM: 1
ExposeGlobal: 0
============================================================
+ Verbose Summary: CDFG Model
============================================================
IsTopModel: 0
ResetActiveHigh: 1
IsCombinational: 0
IsDatapathOnly: 0
HasWiredReturn: 1
HasMFsm: 2
HasVarLatency: 1
IsPipeline: 0
IsRtlPipelined: 0
IsInstanceOverlapped: 0
IsDontTouch: 0
HasImplIP: 0
IsGatedGlobalClock: 0

+ Individual pipeline summary: 
  * Pipeline-0: initiation interval (II) = 15, depth = 19


============================================================
+ Verbose Summary: Schedule
============================================================
* Number of FSM states : 19
* Pipeline : 1
  Pipeline-0 : II = 15, D = 19, States = { 1 2 3 4 5 6 7 8 9 10 11 12 13 14 15 16 17 18 19 }
* Dataflow Pipeline: 0

* FSM state transitions: 
1 --> 2 
2 --> 3 
3 --> 4 
4 --> 5 
5 --> 6 
6 --> 7 
7 --> 8 
8 --> 9 
9 --> 10 
10 --> 11 
11 --> 12 
12 --> 13 
13 --> 14 
14 --> 15 
15 --> 16 
16 --> 17 
17 --> 18 
18 --> 19 
19 --> 

* FSM state operations: 

State 1 <SV = 0> <Delay = 1.61>
ST_1 : Operation 21 [1/1] (0.00ns)   --->   "%z = alloca i32 1"   --->   Operation 21 'alloca' 'z' <Predicate = true> <Delay = 0.00>
ST_1 : Operation 22 [1/1] (0.00ns)   --->   "%y = alloca i32 1"   --->   Operation 22 'alloca' 'y' <Predicate = true> <Delay = 0.00>
ST_1 : Operation 23 [1/1] (0.00ns)   --->   "%xold = alloca i32 1"   --->   Operation 23 'alloca' 'xold' <Predicate = true> <Delay = 0.00>
ST_1 : Operation 24 [1/1] (0.00ns)   --->   "%pow = alloca i32 1"   --->   Operation 24 'alloca' 'pow' <Predicate = true> <Delay = 0.00>
ST_1 : Operation 25 [1/1] (0.00ns)   --->   "%i = alloca i32 1"   --->   Operation 25 'alloca' 'i' <Predicate = true> <Delay = 0.00>
ST_1 : Operation 26 [1/1] (0.00ns)   --->   "%j_read = read i32 @_ssdm_op_Read.ap_auto.i32, i32 %j"   --->   Operation 26 'read' 'j_read' <Predicate = true> <Delay = 0.00>
ST_1 : Operation 27 [1/1] (0.00ns)   --->   "%z_5_reload_read = read i32 @_ssdm_op_Read.ap_auto.float, i32 %z_5_reload"   --->   Operation 27 'read' 'z_5_reload_read' <Predicate = true> <Delay = 0.00>
ST_1 : Operation 28 [1/1] (1.61ns)   --->   "%store_ln0 = store i31 0, i31 %i"   --->   Operation 28 'store' 'store_ln0' <Predicate = true> <Delay = 1.61>
ST_1 : Operation 29 [1/1] (1.61ns)   --->   "%store_ln0 = store i32 0.5, i32 %pow"   --->   Operation 29 'store' 'store_ln0' <Predicate = true> <Delay = 1.61>
ST_1 : Operation 30 [1/1] (1.61ns)   --->   "%store_ln0 = store i32 1.2705, i32 %xold"   --->   Operation 30 'store' 'store_ln0' <Predicate = true> <Delay = 1.61>
ST_1 : Operation 31 [1/1] (1.61ns)   --->   "%store_ln0 = store i32 0, i32 %y"   --->   Operation 31 'store' 'store_ln0' <Predicate = true> <Delay = 1.61>
ST_1 : Operation 32 [1/1] (1.61ns)   --->   "%store_ln0 = store i32 %z_5_reload_read, i32 %z"   --->   Operation 32 'store' 'store_ln0' <Predicate = true> <Delay = 1.61>
ST_1 : Operation 33 [1/1] (0.00ns)   --->   "%br_ln0 = br void %for.body10"   --->   Operation 33 'br' 'br_ln0' <Predicate = true> <Delay = 0.00>

State 2 <SV = 1> <Delay = 5.78>
ST_2 : Operation 34 [1/1] (0.00ns)   --->   "%i_1 = load i31 %i" [MAC.c:56]   --->   Operation 34 'load' 'i_1' <Predicate = true> <Delay = 0.00>
ST_2 : Operation 35 [1/1] (0.00ns)   --->   "%i_2_cast = zext i31 %i_1" [MAC.c:56]   --->   Operation 35 'zext' 'i_2_cast' <Predicate = true> <Delay = 0.00>
ST_2 : Operation 36 [1/1] (0.00ns)   --->   "%specpipeline_ln0 = specpipeline void @_ssdm_op_SpecPipeline, i32 4294967295, i32 0, i32 1, i32 0, void @p_str"   --->   Operation 36 'specpipeline' 'specpipeline_ln0' <Predicate = true> <Delay = 0.00>
ST_2 : Operation 37 [1/1] (2.43ns)   --->   "%icmp_ln56 = icmp_slt  i32 %i_2_cast, i32 %j_read" [MAC.c:56]   --->   Operation 37 'icmp' 'icmp_ln56' <Predicate = true> <Delay = 2.43> <CoreInst = "Cmp">   --->   Core 9 'Cmp' <Latency = 0> <II = 1> <Delay = 2.43> <FuncUnit> <Opcode : 'icmp'> <InPorts = 2> <OutPorts = 1>
ST_2 : Operation 38 [1/1] (2.66ns)   --->   "%add_ln56 = add i31 %i_1, i31 1" [MAC.c:56]   --->   Operation 38 'add' 'add_ln56' <Predicate = true> <Delay = 2.66> <CoreInst = "Adder">   --->   Core 1 'Adder' <Latency = 0> <II = 1> <Delay = 2.66> <FuncUnit> <Opcode : 'add' 'sub'> <InPorts = 2> <OutPorts = 1>
ST_2 : Operation 39 [1/1] (0.00ns)   --->   "%br_ln56 = br i1 %icmp_ln56, void %for.end29.loopexit.exitStub, void %for.body10.split" [MAC.c:56]   --->   Operation 39 'br' 'br_ln56' <Predicate = true> <Delay = 0.00>
ST_2 : Operation 40 [1/1] (0.00ns)   --->   "%z_load = load i32 %z" [MAC.c:69]   --->   Operation 40 'load' 'z_load' <Predicate = (icmp_ln56)> <Delay = 0.00>
ST_2 : Operation 41 [1/1] (0.00ns)   --->   "%pow_load = load i32 %pow" [MAC.c:71]   --->   Operation 41 'load' 'pow_load' <Predicate = (icmp_ln56)> <Delay = 0.00>
ST_2 : Operation 42 [1/1] (0.00ns)   --->   "%i_2_cast1 = zext i31 %i_1" [MAC.c:56]   --->   Operation 42 'zext' 'i_2_cast1' <Predicate = (icmp_ln56)> <Delay = 0.00>
ST_2 : Operation 43 [2/2] (5.09ns)   --->   "%tmp_3 = fcmp_ogt  i32 %z_load, i32 0" [MAC.c:58]   --->   Operation 43 'fcmp' 'tmp_3' <Predicate = (icmp_ln56)> <Delay = 5.09> <CoreInst = "FCompare">   --->   Core 19 'FCompare' <Latency = 1> <II = 1> <Delay = 5.09> <FuncUnit> <Opcode : 'fcmp'> <InPorts = 2> <OutPorts = 1>
ST_2 : Operation 44 [1/1] (0.00ns)   --->   "%MAC_tanh_in_addr = getelementptr i32 %MAC_tanh_in, i64 0, i64 %i_2_cast1" [MAC.c:69]   --->   Operation 44 'getelementptr' 'MAC_tanh_in_addr' <Predicate = (icmp_ln56)> <Delay = 0.00>
ST_2 : Operation 45 [2/2] (2.15ns)   --->   "%MAC_tanh_in_load = load i4 %MAC_tanh_in_addr" [MAC.c:69]   --->   Operation 45 'load' 'MAC_tanh_in_load' <Predicate = (icmp_ln56)> <Delay = 2.15> <CoreInst = "ROM">   --->   Core 95 'ROM' <Latency = 1> <II = 1> <Delay = 2.15> <Storage> <Opcode : 'load'> <Ports = 0> <Width = 32> <Depth = 13> <ROM>
ST_2 : Operation 46 [4/4] (5.78ns)   --->   "%pow_1 = fmul i32 %pow_load, i32 0.5" [MAC.c:71]   --->   Operation 46 'fmul' 'pow_1' <Predicate = (icmp_ln56)> <Delay = 5.78> <CoreInst = "FMul_maxdsp">   --->   Core 30 'FMul_maxdsp' <Latency = 3> <II = 1> <Delay = 5.78> <FuncUnit> <Opcode : 'fmul'> <InPorts = 2> <OutPorts = 1>
ST_2 : Operation 47 [1/1] (1.61ns)   --->   "%store_ln56 = store i31 %add_ln56, i31 %i" [MAC.c:56]   --->   Operation 47 'store' 'store_ln56' <Predicate = (icmp_ln56)> <Delay = 1.61>

State 3 <SV = 2> <Delay = 6.07>
ST_3 : Operation 48 [1/1] (0.00ns)   --->   "%bitcast_ln58 = bitcast i32 %z_load" [MAC.c:58]   --->   Operation 48 'bitcast' 'bitcast_ln58' <Predicate = (icmp_ln56)> <Delay = 0.00>
ST_3 : Operation 49 [1/1] (0.00ns)   --->   "%tmp_2 = partselect i8 @_ssdm_op_PartSelect.i8.i32.i32.i32, i32 %bitcast_ln58, i32 23, i32 30" [MAC.c:58]   --->   Operation 49 'partselect' 'tmp_2' <Predicate = (icmp_ln56)> <Delay = 0.00>
ST_3 : Operation 50 [1/1] (0.00ns)   --->   "%trunc_ln58 = trunc i32 %bitcast_ln58" [MAC.c:58]   --->   Operation 50 'trunc' 'trunc_ln58' <Predicate = (icmp_ln56)> <Delay = 0.00>
ST_3 : Operation 51 [1/1] (1.47ns)   --->   "%icmp_ln58 = icmp_ne  i8 %tmp_2, i8 255" [MAC.c:58]   --->   Operation 51 'icmp' 'icmp_ln58' <Predicate = (icmp_ln56)> <Delay = 1.47> <CoreInst = "Cmp">   --->   Core 9 'Cmp' <Latency = 0> <II = 1> <Delay = 1.47> <FuncUnit> <Opcode : 'icmp'> <InPorts = 2> <OutPorts = 1>
ST_3 : Operation 52 [1/1] (2.40ns)   --->   "%icmp_ln58_1 = icmp_eq  i23 %trunc_ln58, i23 0" [MAC.c:58]   --->   Operation 52 'icmp' 'icmp_ln58_1' <Predicate = (icmp_ln56)> <Delay = 2.40> <CoreInst = "Cmp">   --->   Core 9 'Cmp' <Latency = 0> <II = 1> <Delay = 2.40> <FuncUnit> <Opcode : 'icmp'> <InPorts = 2> <OutPorts = 1>
ST_3 : Operation 53 [1/1] (0.00ns) (grouped into LUT with out node select_ln67)   --->   "%or_ln58 = or i1 %icmp_ln58_1, i1 %icmp_ln58" [MAC.c:58]   --->   Operation 53 'or' 'or_ln58' <Predicate = (icmp_ln56)> <Delay = 0.00> <CoreInst = "LogicGate">   --->   Core 74 'LogicGate' <Latency = 0> <II = 1> <Delay = 0.97> <FuncUnit> <Opcode : 'and' 'or' 'xor'> <InPorts = 2> <OutPorts = 1>
ST_3 : Operation 54 [1/2] (5.09ns)   --->   "%tmp_3 = fcmp_ogt  i32 %z_load, i32 0" [MAC.c:58]   --->   Operation 54 'fcmp' 'tmp_3' <Predicate = (icmp_ln56)> <Delay = 5.09> <CoreInst = "FCompare">   --->   Core 19 'FCompare' <Latency = 1> <II = 1> <Delay = 5.09> <FuncUnit> <Opcode : 'fcmp'> <InPorts = 2> <OutPorts = 1>
ST_3 : Operation 55 [1/1] (0.00ns) (grouped into LUT with out node select_ln67)   --->   "%and_ln58 = and i1 %or_ln58, i1 %tmp_3" [MAC.c:58]   --->   Operation 55 'and' 'and_ln58' <Predicate = (icmp_ln56)> <Delay = 0.00> <CoreInst = "LogicGate">   --->   Core 74 'LogicGate' <Latency = 0> <II = 1> <Delay = 0.97> <FuncUnit> <Opcode : 'and' 'or' 'xor'> <InPorts = 2> <OutPorts = 1>
ST_3 : Operation 56 [1/1] (0.97ns) (out node of the LUT)   --->   "%select_ln67 = select i1 %and_ln58, i32 1, i32 -1" [MAC.c:67]   --->   Operation 56 'select' 'select_ln67' <Predicate = (icmp_ln56)> <Delay = 0.97> <CoreInst = "Sel">   --->   Core 73 'Sel' <Latency = 0> <II = 1> <Delay = 0.79> <FuncUnit> <Opcode : 'select'> <InPorts = 3> <OutPorts = 1>
ST_3 : Operation 57 [1/2] (2.15ns)   --->   "%MAC_tanh_in_load = load i4 %MAC_tanh_in_addr" [MAC.c:69]   --->   Operation 57 'load' 'MAC_tanh_in_load' <Predicate = (icmp_ln56)> <Delay = 2.15> <CoreInst = "ROM">   --->   Core 95 'ROM' <Latency = 1> <II = 1> <Delay = 2.15> <Storage> <Opcode : 'load'> <Ports = 0> <Width = 32> <Depth = 13> <ROM>
ST_3 : Operation 58 [3/4] (5.78ns)   --->   "%pow_1 = fmul i32 %pow_load, i32 0.5" [MAC.c:71]   --->   Operation 58 'fmul' 'pow_1' <Predicate = (icmp_ln56)> <Delay = 5.78> <CoreInst = "FMul_maxdsp">   --->   Core 30 'FMul_maxdsp' <Latency = 3> <II = 1> <Delay = 5.78> <FuncUnit> <Opcode : 'fmul'> <InPorts = 2> <OutPorts = 1>

State 4 <SV = 3> <Delay = 5.78>
ST_4 : Operation 59 [1/1] (0.00ns)   --->   "%y_load = load i32 %y" [MAC.c:68]   --->   Operation 59 'load' 'y_load' <Predicate = (icmp_ln56)> <Delay = 0.00>
ST_4 : Operation 60 [1/1] (0.00ns)   --->   "%xold_load = load i32 %xold" [MAC.c:68]   --->   Operation 60 'load' 'xold_load' <Predicate = (icmp_ln56)> <Delay = 0.00>
ST_4 : Operation 61 [4/4] (5.78ns)   --->   "%mul1 = fmul i32 %select_ln67, i32 %y_load" [MAC.c:67]   --->   Operation 61 'fmul' 'mul1' <Predicate = (icmp_ln56)> <Delay = 5.78> <CoreInst = "FMul_maxdsp">   --->   Core 30 'FMul_maxdsp' <Latency = 3> <II = 1> <Delay = 5.78> <FuncUnit> <Opcode : 'fmul'> <InPorts = 2> <OutPorts = 1>
ST_4 : Operation 62 [4/4] (5.78ns)   --->   "%mul5 = fmul i32 %select_ln67, i32 %xold_load" [MAC.c:68]   --->   Operation 62 'fmul' 'mul5' <Predicate = (icmp_ln56)> <Delay = 5.78> <CoreInst = "FMul_maxdsp">   --->   Core 30 'FMul_maxdsp' <Latency = 3> <II = 1> <Delay = 5.78> <FuncUnit> <Opcode : 'fmul'> <InPorts = 2> <OutPorts = 1>
ST_4 : Operation 63 [2/4] (5.78ns)   --->   "%pow_1 = fmul i32 %pow_load, i32 0.5" [MAC.c:71]   --->   Operation 63 'fmul' 'pow_1' <Predicate = (icmp_ln56)> <Delay = 5.78> <CoreInst = "FMul_maxdsp">   --->   Core 30 'FMul_maxdsp' <Latency = 3> <II = 1> <Delay = 5.78> <FuncUnit> <Opcode : 'fmul'> <InPorts = 2> <OutPorts = 1>
ST_4 : Operation 110 [1/1] (0.00ns)   --->   "%y_load_1 = load i32 %y"   --->   Operation 110 'load' 'y_load_1' <Predicate = (!icmp_ln56)> <Delay = 0.00>
ST_4 : Operation 111 [1/1] (0.00ns)   --->   "%xold_load_1 = load i32 %xold"   --->   Operation 111 'load' 'xold_load_1' <Predicate = (!icmp_ln56)> <Delay = 0.00>
ST_4 : Operation 112 [1/1] (0.00ns)   --->   "%write_ln0 = write void @_ssdm_op_Write.ap_auto.floatP0A, i32 %x_2_out, i32 %xold_load_1"   --->   Operation 112 'write' 'write_ln0' <Predicate = (!icmp_ln56)> <Delay = 0.00>
ST_4 : Operation 113 [1/1] (0.00ns)   --->   "%write_ln0 = write void @_ssdm_op_Write.ap_auto.floatP0A, i32 %y_out, i32 %y_load_1"   --->   Operation 113 'write' 'write_ln0' <Predicate = (!icmp_ln56)> <Delay = 0.00>
ST_4 : Operation 114 [1/1] (0.00ns)   --->   "%ret_ln0 = ret"   --->   Operation 114 'ret' 'ret_ln0' <Predicate = (!icmp_ln56)> <Delay = 0.00>

State 5 <SV = 4> <Delay = 5.78>
ST_5 : Operation 64 [3/4] (5.78ns)   --->   "%mul1 = fmul i32 %select_ln67, i32 %y_load" [MAC.c:67]   --->   Operation 64 'fmul' 'mul1' <Predicate = (icmp_ln56)> <Delay = 5.78> <CoreInst = "FMul_maxdsp">   --->   Core 30 'FMul_maxdsp' <Latency = 3> <II = 1> <Delay = 5.78> <FuncUnit> <Opcode : 'fmul'> <InPorts = 2> <OutPorts = 1>
ST_5 : Operation 65 [3/4] (5.78ns)   --->   "%mul5 = fmul i32 %select_ln67, i32 %xold_load" [MAC.c:68]   --->   Operation 65 'fmul' 'mul5' <Predicate = (icmp_ln56)> <Delay = 5.78> <CoreInst = "FMul_maxdsp">   --->   Core 30 'FMul_maxdsp' <Latency = 3> <II = 1> <Delay = 5.78> <FuncUnit> <Opcode : 'fmul'> <InPorts = 2> <OutPorts = 1>
ST_5 : Operation 66 [4/4] (5.78ns)   --->   "%mul7 = fmul i32 %select_ln67, i32 %MAC_tanh_in_load" [MAC.c:69]   --->   Operation 66 'fmul' 'mul7' <Predicate = (icmp_ln56)> <Delay = 5.78> <CoreInst = "FMul_maxdsp">   --->   Core 30 'FMul_maxdsp' <Latency = 3> <II = 1> <Delay = 5.78> <FuncUnit> <Opcode : 'fmul'> <InPorts = 2> <OutPorts = 1>
ST_5 : Operation 67 [1/4] (5.78ns)   --->   "%pow_1 = fmul i32 %pow_load, i32 0.5" [MAC.c:71]   --->   Operation 67 'fmul' 'pow_1' <Predicate = (icmp_ln56)> <Delay = 5.78> <CoreInst = "FMul_maxdsp">   --->   Core 30 'FMul_maxdsp' <Latency = 3> <II = 1> <Delay = 5.78> <FuncUnit> <Opcode : 'fmul'> <InPorts = 2> <OutPorts = 1>

State 6 <SV = 5> <Delay = 5.78>
ST_6 : Operation 68 [2/4] (5.78ns)   --->   "%mul1 = fmul i32 %select_ln67, i32 %y_load" [MAC.c:67]   --->   Operation 68 'fmul' 'mul1' <Predicate = (icmp_ln56)> <Delay = 5.78> <CoreInst = "FMul_maxdsp">   --->   Core 30 'FMul_maxdsp' <Latency = 3> <II = 1> <Delay = 5.78> <FuncUnit> <Opcode : 'fmul'> <InPorts = 2> <OutPorts = 1>
ST_6 : Operation 69 [2/4] (5.78ns)   --->   "%mul5 = fmul i32 %select_ln67, i32 %xold_load" [MAC.c:68]   --->   Operation 69 'fmul' 'mul5' <Predicate = (icmp_ln56)> <Delay = 5.78> <CoreInst = "FMul_maxdsp">   --->   Core 30 'FMul_maxdsp' <Latency = 3> <II = 1> <Delay = 5.78> <FuncUnit> <Opcode : 'fmul'> <InPorts = 2> <OutPorts = 1>
ST_6 : Operation 70 [3/4] (5.78ns)   --->   "%mul7 = fmul i32 %select_ln67, i32 %MAC_tanh_in_load" [MAC.c:69]   --->   Operation 70 'fmul' 'mul7' <Predicate = (icmp_ln56)> <Delay = 5.78> <CoreInst = "FMul_maxdsp">   --->   Core 30 'FMul_maxdsp' <Latency = 3> <II = 1> <Delay = 5.78> <FuncUnit> <Opcode : 'fmul'> <InPorts = 2> <OutPorts = 1>
ST_6 : Operation 71 [1/1] (1.61ns)   --->   "%store_ln56 = store i32 %pow_1, i32 %pow" [MAC.c:56]   --->   Operation 71 'store' 'store_ln56' <Predicate = (icmp_ln56)> <Delay = 1.61>

State 7 <SV = 6> <Delay = 5.78>
ST_7 : Operation 72 [1/4] (5.78ns)   --->   "%mul1 = fmul i32 %select_ln67, i32 %y_load" [MAC.c:67]   --->   Operation 72 'fmul' 'mul1' <Predicate = (icmp_ln56)> <Delay = 5.78> <CoreInst = "FMul_maxdsp">   --->   Core 30 'FMul_maxdsp' <Latency = 3> <II = 1> <Delay = 5.78> <FuncUnit> <Opcode : 'fmul'> <InPorts = 2> <OutPorts = 1>
ST_7 : Operation 73 [1/4] (5.78ns)   --->   "%mul5 = fmul i32 %select_ln67, i32 %xold_load" [MAC.c:68]   --->   Operation 73 'fmul' 'mul5' <Predicate = (icmp_ln56)> <Delay = 5.78> <CoreInst = "FMul_maxdsp">   --->   Core 30 'FMul_maxdsp' <Latency = 3> <II = 1> <Delay = 5.78> <FuncUnit> <Opcode : 'fmul'> <InPorts = 2> <OutPorts = 1>
ST_7 : Operation 74 [2/4] (5.78ns)   --->   "%mul7 = fmul i32 %select_ln67, i32 %MAC_tanh_in_load" [MAC.c:69]   --->   Operation 74 'fmul' 'mul7' <Predicate = (icmp_ln56)> <Delay = 5.78> <CoreInst = "FMul_maxdsp">   --->   Core 30 'FMul_maxdsp' <Latency = 3> <II = 1> <Delay = 5.78> <FuncUnit> <Opcode : 'fmul'> <InPorts = 2> <OutPorts = 1>

State 8 <SV = 7> <Delay = 5.78>
ST_8 : Operation 75 [4/4] (5.78ns)   --->   "%mul3 = fmul i32 %mul1, i32 %pow_load" [MAC.c:67]   --->   Operation 75 'fmul' 'mul3' <Predicate = (icmp_ln56)> <Delay = 5.78> <CoreInst = "FMul_maxdsp">   --->   Core 30 'FMul_maxdsp' <Latency = 3> <II = 1> <Delay = 5.78> <FuncUnit> <Opcode : 'fmul'> <InPorts = 2> <OutPorts = 1>
ST_8 : Operation 76 [4/4] (5.78ns)   --->   "%mul6 = fmul i32 %mul5, i32 %pow_load" [MAC.c:68]   --->   Operation 76 'fmul' 'mul6' <Predicate = (icmp_ln56)> <Delay = 5.78> <CoreInst = "FMul_maxdsp">   --->   Core 30 'FMul_maxdsp' <Latency = 3> <II = 1> <Delay = 5.78> <FuncUnit> <Opcode : 'fmul'> <InPorts = 2> <OutPorts = 1>
ST_8 : Operation 77 [1/4] (5.78ns)   --->   "%mul7 = fmul i32 %select_ln67, i32 %MAC_tanh_in_load" [MAC.c:69]   --->   Operation 77 'fmul' 'mul7' <Predicate = (icmp_ln56)> <Delay = 5.78> <CoreInst = "FMul_maxdsp">   --->   Core 30 'FMul_maxdsp' <Latency = 3> <II = 1> <Delay = 5.78> <FuncUnit> <Opcode : 'fmul'> <InPorts = 2> <OutPorts = 1>

State 9 <SV = 8> <Delay = 5.92>
ST_9 : Operation 78 [3/4] (5.78ns)   --->   "%mul3 = fmul i32 %mul1, i32 %pow_load" [MAC.c:67]   --->   Operation 78 'fmul' 'mul3' <Predicate = (icmp_ln56)> <Delay = 5.78> <CoreInst = "FMul_maxdsp">   --->   Core 30 'FMul_maxdsp' <Latency = 3> <II = 1> <Delay = 5.78> <FuncUnit> <Opcode : 'fmul'> <InPorts = 2> <OutPorts = 1>
ST_9 : Operation 79 [3/4] (5.78ns)   --->   "%mul6 = fmul i32 %mul5, i32 %pow_load" [MAC.c:68]   --->   Operation 79 'fmul' 'mul6' <Predicate = (icmp_ln56)> <Delay = 5.78> <CoreInst = "FMul_maxdsp">   --->   Core 30 'FMul_maxdsp' <Latency = 3> <II = 1> <Delay = 5.78> <FuncUnit> <Opcode : 'fmul'> <InPorts = 2> <OutPorts = 1>
ST_9 : Operation 80 [7/7] (5.92ns)   --->   "%z_1 = fsub i32 %z_load, i32 %mul7" [MAC.c:69]   --->   Operation 80 'fsub' 'z_1' <Predicate = (icmp_ln56)> <Delay = 5.92> <CoreInst = "FAddSub_fulldsp">   --->   Core 18 'FAddSub_fulldsp' <Latency = 6> <II = 1> <Delay = 5.92> <FuncUnit> <Opcode : 'fadd' 'fsub'> <InPorts = 2> <OutPorts = 1>

State 10 <SV = 9> <Delay = 5.92>
ST_10 : Operation 81 [2/4] (5.78ns)   --->   "%mul3 = fmul i32 %mul1, i32 %pow_load" [MAC.c:67]   --->   Operation 81 'fmul' 'mul3' <Predicate = (icmp_ln56)> <Delay = 5.78> <CoreInst = "FMul_maxdsp">   --->   Core 30 'FMul_maxdsp' <Latency = 3> <II = 1> <Delay = 5.78> <FuncUnit> <Opcode : 'fmul'> <InPorts = 2> <OutPorts = 1>
ST_10 : Operation 82 [2/4] (5.78ns)   --->   "%mul6 = fmul i32 %mul5, i32 %pow_load" [MAC.c:68]   --->   Operation 82 'fmul' 'mul6' <Predicate = (icmp_ln56)> <Delay = 5.78> <CoreInst = "FMul_maxdsp">   --->   Core 30 'FMul_maxdsp' <Latency = 3> <II = 1> <Delay = 5.78> <FuncUnit> <Opcode : 'fmul'> <InPorts = 2> <OutPorts = 1>
ST_10 : Operation 83 [6/7] (5.92ns)   --->   "%z_1 = fsub i32 %z_load, i32 %mul7" [MAC.c:69]   --->   Operation 83 'fsub' 'z_1' <Predicate = (icmp_ln56)> <Delay = 5.92> <CoreInst = "FAddSub_fulldsp">   --->   Core 18 'FAddSub_fulldsp' <Latency = 6> <II = 1> <Delay = 5.92> <FuncUnit> <Opcode : 'fadd' 'fsub'> <InPorts = 2> <OutPorts = 1>

State 11 <SV = 10> <Delay = 5.92>
ST_11 : Operation 84 [1/4] (5.78ns)   --->   "%mul3 = fmul i32 %mul1, i32 %pow_load" [MAC.c:67]   --->   Operation 84 'fmul' 'mul3' <Predicate = (icmp_ln56)> <Delay = 5.78> <CoreInst = "FMul_maxdsp">   --->   Core 30 'FMul_maxdsp' <Latency = 3> <II = 1> <Delay = 5.78> <FuncUnit> <Opcode : 'fmul'> <InPorts = 2> <OutPorts = 1>
ST_11 : Operation 85 [1/4] (5.78ns)   --->   "%mul6 = fmul i32 %mul5, i32 %pow_load" [MAC.c:68]   --->   Operation 85 'fmul' 'mul6' <Predicate = (icmp_ln56)> <Delay = 5.78> <CoreInst = "FMul_maxdsp">   --->   Core 30 'FMul_maxdsp' <Latency = 3> <II = 1> <Delay = 5.78> <FuncUnit> <Opcode : 'fmul'> <InPorts = 2> <OutPorts = 1>
ST_11 : Operation 86 [5/7] (5.92ns)   --->   "%z_1 = fsub i32 %z_load, i32 %mul7" [MAC.c:69]   --->   Operation 86 'fsub' 'z_1' <Predicate = (icmp_ln56)> <Delay = 5.92> <CoreInst = "FAddSub_fulldsp">   --->   Core 18 'FAddSub_fulldsp' <Latency = 6> <II = 1> <Delay = 5.92> <FuncUnit> <Opcode : 'fadd' 'fsub'> <InPorts = 2> <OutPorts = 1>

State 12 <SV = 11> <Delay = 5.92>
ST_12 : Operation 87 [7/7] (5.92ns)   --->   "%x = fadd i32 %xold_load, i32 %mul3" [MAC.c:67]   --->   Operation 87 'fadd' 'x' <Predicate = (icmp_ln56)> <Delay = 5.92> <CoreInst = "FAddSub_fulldsp">   --->   Core 18 'FAddSub_fulldsp' <Latency = 6> <II = 1> <Delay = 5.92> <FuncUnit> <Opcode : 'fadd' 'fsub'> <InPorts = 2> <OutPorts = 1>
ST_12 : Operation 88 [7/7] (5.92ns)   --->   "%y_1 = fadd i32 %y_load, i32 %mul6" [MAC.c:68]   --->   Operation 88 'fadd' 'y_1' <Predicate = (icmp_ln56)> <Delay = 5.92> <CoreInst = "FAddSub_fulldsp">   --->   Core 18 'FAddSub_fulldsp' <Latency = 6> <II = 1> <Delay = 5.92> <FuncUnit> <Opcode : 'fadd' 'fsub'> <InPorts = 2> <OutPorts = 1>
ST_12 : Operation 89 [4/7] (5.92ns)   --->   "%z_1 = fsub i32 %z_load, i32 %mul7" [MAC.c:69]   --->   Operation 89 'fsub' 'z_1' <Predicate = (icmp_ln56)> <Delay = 5.92> <CoreInst = "FAddSub_fulldsp">   --->   Core 18 'FAddSub_fulldsp' <Latency = 6> <II = 1> <Delay = 5.92> <FuncUnit> <Opcode : 'fadd' 'fsub'> <InPorts = 2> <OutPorts = 1>

State 13 <SV = 12> <Delay = 5.92>
ST_13 : Operation 90 [6/7] (5.92ns)   --->   "%x = fadd i32 %xold_load, i32 %mul3" [MAC.c:67]   --->   Operation 90 'fadd' 'x' <Predicate = (icmp_ln56)> <Delay = 5.92> <CoreInst = "FAddSub_fulldsp">   --->   Core 18 'FAddSub_fulldsp' <Latency = 6> <II = 1> <Delay = 5.92> <FuncUnit> <Opcode : 'fadd' 'fsub'> <InPorts = 2> <OutPorts = 1>
ST_13 : Operation 91 [6/7] (5.92ns)   --->   "%y_1 = fadd i32 %y_load, i32 %mul6" [MAC.c:68]   --->   Operation 91 'fadd' 'y_1' <Predicate = (icmp_ln56)> <Delay = 5.92> <CoreInst = "FAddSub_fulldsp">   --->   Core 18 'FAddSub_fulldsp' <Latency = 6> <II = 1> <Delay = 5.92> <FuncUnit> <Opcode : 'fadd' 'fsub'> <InPorts = 2> <OutPorts = 1>
ST_13 : Operation 92 [3/7] (5.92ns)   --->   "%z_1 = fsub i32 %z_load, i32 %mul7" [MAC.c:69]   --->   Operation 92 'fsub' 'z_1' <Predicate = (icmp_ln56)> <Delay = 5.92> <CoreInst = "FAddSub_fulldsp">   --->   Core 18 'FAddSub_fulldsp' <Latency = 6> <II = 1> <Delay = 5.92> <FuncUnit> <Opcode : 'fadd' 'fsub'> <InPorts = 2> <OutPorts = 1>

State 14 <SV = 13> <Delay = 5.92>
ST_14 : Operation 93 [5/7] (5.92ns)   --->   "%x = fadd i32 %xold_load, i32 %mul3" [MAC.c:67]   --->   Operation 93 'fadd' 'x' <Predicate = (icmp_ln56)> <Delay = 5.92> <CoreInst = "FAddSub_fulldsp">   --->   Core 18 'FAddSub_fulldsp' <Latency = 6> <II = 1> <Delay = 5.92> <FuncUnit> <Opcode : 'fadd' 'fsub'> <InPorts = 2> <OutPorts = 1>
ST_14 : Operation 94 [5/7] (5.92ns)   --->   "%y_1 = fadd i32 %y_load, i32 %mul6" [MAC.c:68]   --->   Operation 94 'fadd' 'y_1' <Predicate = (icmp_ln56)> <Delay = 5.92> <CoreInst = "FAddSub_fulldsp">   --->   Core 18 'FAddSub_fulldsp' <Latency = 6> <II = 1> <Delay = 5.92> <FuncUnit> <Opcode : 'fadd' 'fsub'> <InPorts = 2> <OutPorts = 1>
ST_14 : Operation 95 [2/7] (5.92ns)   --->   "%z_1 = fsub i32 %z_load, i32 %mul7" [MAC.c:69]   --->   Operation 95 'fsub' 'z_1' <Predicate = (icmp_ln56)> <Delay = 5.92> <CoreInst = "FAddSub_fulldsp">   --->   Core 18 'FAddSub_fulldsp' <Latency = 6> <II = 1> <Delay = 5.92> <FuncUnit> <Opcode : 'fadd' 'fsub'> <InPorts = 2> <OutPorts = 1>

State 15 <SV = 14> <Delay = 5.92>
ST_15 : Operation 96 [4/7] (5.92ns)   --->   "%x = fadd i32 %xold_load, i32 %mul3" [MAC.c:67]   --->   Operation 96 'fadd' 'x' <Predicate = (icmp_ln56)> <Delay = 5.92> <CoreInst = "FAddSub_fulldsp">   --->   Core 18 'FAddSub_fulldsp' <Latency = 6> <II = 1> <Delay = 5.92> <FuncUnit> <Opcode : 'fadd' 'fsub'> <InPorts = 2> <OutPorts = 1>
ST_15 : Operation 97 [4/7] (5.92ns)   --->   "%y_1 = fadd i32 %y_load, i32 %mul6" [MAC.c:68]   --->   Operation 97 'fadd' 'y_1' <Predicate = (icmp_ln56)> <Delay = 5.92> <CoreInst = "FAddSub_fulldsp">   --->   Core 18 'FAddSub_fulldsp' <Latency = 6> <II = 1> <Delay = 5.92> <FuncUnit> <Opcode : 'fadd' 'fsub'> <InPorts = 2> <OutPorts = 1>
ST_15 : Operation 98 [1/7] (5.92ns)   --->   "%z_1 = fsub i32 %z_load, i32 %mul7" [MAC.c:69]   --->   Operation 98 'fsub' 'z_1' <Predicate = (icmp_ln56)> <Delay = 5.92> <CoreInst = "FAddSub_fulldsp">   --->   Core 18 'FAddSub_fulldsp' <Latency = 6> <II = 1> <Delay = 5.92> <FuncUnit> <Opcode : 'fadd' 'fsub'> <InPorts = 2> <OutPorts = 1>

State 16 <SV = 15> <Delay = 5.92>
ST_16 : Operation 99 [3/7] (5.92ns)   --->   "%x = fadd i32 %xold_load, i32 %mul3" [MAC.c:67]   --->   Operation 99 'fadd' 'x' <Predicate = (icmp_ln56)> <Delay = 5.92> <CoreInst = "FAddSub_fulldsp">   --->   Core 18 'FAddSub_fulldsp' <Latency = 6> <II = 1> <Delay = 5.92> <FuncUnit> <Opcode : 'fadd' 'fsub'> <InPorts = 2> <OutPorts = 1>
ST_16 : Operation 100 [3/7] (5.92ns)   --->   "%y_1 = fadd i32 %y_load, i32 %mul6" [MAC.c:68]   --->   Operation 100 'fadd' 'y_1' <Predicate = (icmp_ln56)> <Delay = 5.92> <CoreInst = "FAddSub_fulldsp">   --->   Core 18 'FAddSub_fulldsp' <Latency = 6> <II = 1> <Delay = 5.92> <FuncUnit> <Opcode : 'fadd' 'fsub'> <InPorts = 2> <OutPorts = 1>
ST_16 : Operation 101 [1/1] (1.61ns)   --->   "%store_ln56 = store i32 %z_1, i32 %z" [MAC.c:56]   --->   Operation 101 'store' 'store_ln56' <Predicate = (icmp_ln56)> <Delay = 1.61>

State 17 <SV = 16> <Delay = 5.92>
ST_17 : Operation 102 [2/7] (5.92ns)   --->   "%x = fadd i32 %xold_load, i32 %mul3" [MAC.c:67]   --->   Operation 102 'fadd' 'x' <Predicate = true> <Delay = 5.92> <CoreInst = "FAddSub_fulldsp">   --->   Core 18 'FAddSub_fulldsp' <Latency = 6> <II = 1> <Delay = 5.92> <FuncUnit> <Opcode : 'fadd' 'fsub'> <InPorts = 2> <OutPorts = 1>
ST_17 : Operation 103 [2/7] (5.92ns)   --->   "%y_1 = fadd i32 %y_load, i32 %mul6" [MAC.c:68]   --->   Operation 103 'fadd' 'y_1' <Predicate = true> <Delay = 5.92> <CoreInst = "FAddSub_fulldsp">   --->   Core 18 'FAddSub_fulldsp' <Latency = 6> <II = 1> <Delay = 5.92> <FuncUnit> <Opcode : 'fadd' 'fsub'> <InPorts = 2> <OutPorts = 1>

State 18 <SV = 17> <Delay = 5.92>
ST_18 : Operation 104 [1/7] (5.92ns)   --->   "%x = fadd i32 %xold_load, i32 %mul3" [MAC.c:67]   --->   Operation 104 'fadd' 'x' <Predicate = true> <Delay = 5.92> <CoreInst = "FAddSub_fulldsp">   --->   Core 18 'FAddSub_fulldsp' <Latency = 6> <II = 1> <Delay = 5.92> <FuncUnit> <Opcode : 'fadd' 'fsub'> <InPorts = 2> <OutPorts = 1>
ST_18 : Operation 105 [1/7] (5.92ns)   --->   "%y_1 = fadd i32 %y_load, i32 %mul6" [MAC.c:68]   --->   Operation 105 'fadd' 'y_1' <Predicate = true> <Delay = 5.92> <CoreInst = "FAddSub_fulldsp">   --->   Core 18 'FAddSub_fulldsp' <Latency = 6> <II = 1> <Delay = 5.92> <FuncUnit> <Opcode : 'fadd' 'fsub'> <InPorts = 2> <OutPorts = 1>

State 19 <SV = 18> <Delay = 1.61>
ST_19 : Operation 106 [1/1] (0.00ns)   --->   "%specloopname_ln16 = specloopname void @_ssdm_op_SpecLoopName, void @empty_2" [MAC.c:16]   --->   Operation 106 'specloopname' 'specloopname_ln16' <Predicate = true> <Delay = 0.00>
ST_19 : Operation 107 [1/1] (1.61ns)   --->   "%store_ln56 = store i32 %x, i32 %xold" [MAC.c:56]   --->   Operation 107 'store' 'store_ln56' <Predicate = true> <Delay = 1.61>
ST_19 : Operation 108 [1/1] (1.61ns)   --->   "%store_ln56 = store i32 %y_1, i32 %y" [MAC.c:56]   --->   Operation 108 'store' 'store_ln56' <Predicate = true> <Delay = 1.61>
ST_19 : Operation 109 [1/1] (0.00ns)   --->   "%br_ln56 = br void %for.body10" [MAC.c:56]   --->   Operation 109 'br' 'br_ln56' <Predicate = true> <Delay = 0.00>


============================================================
+ Verbose Summary: Timing violations
============================================================
Target clock period: 10ns, clock uncertainty: 2.7ns.

 <State 1>: 1.61ns
The critical path consists of the following:
	'alloca' operation ('i') [10]  (0 ns)
	'store' operation ('store_ln0') of constant 0 on local variable 'i' [13]  (1.61 ns)

 <State 2>: 5.78ns
The critical path consists of the following:
	'load' operation ('pow_load', MAC.c:71) on local variable 'pow' [30]  (0 ns)
	'fmul' operation ('pow', MAC.c:71) [52]  (5.78 ns)

 <State 3>: 6.07ns
The critical path consists of the following:
	'fcmp' operation ('tmp_3', MAC.c:58) [39]  (5.09 ns)
	'and' operation ('and_ln58', MAC.c:58) [40]  (0 ns)
	'select' operation ('select_ln67', MAC.c:67) [41]  (0.978 ns)

 <State 4>: 5.78ns
The critical path consists of the following:
	'load' operation ('y_load', MAC.c:68) on local variable 'y' [28]  (0 ns)
	'fmul' operation ('mul1', MAC.c:67) [42]  (5.78 ns)

 <State 5>: 5.78ns
The critical path consists of the following:
	'fmul' operation ('mul1', MAC.c:67) [42]  (5.78 ns)

 <State 6>: 5.78ns
The critical path consists of the following:
	'fmul' operation ('mul1', MAC.c:67) [42]  (5.78 ns)

 <State 7>: 5.78ns
The critical path consists of the following:
	'fmul' operation ('mul1', MAC.c:67) [42]  (5.78 ns)

 <State 8>: 5.78ns
The critical path consists of the following:
	'fmul' operation ('mul3', MAC.c:67) [43]  (5.78 ns)

 <State 9>: 5.93ns
The critical path consists of the following:
	'fsub' operation ('z', MAC.c:69) [51]  (5.93 ns)

 <State 10>: 5.93ns
The critical path consists of the following:
	'fsub' operation ('z', MAC.c:69) [51]  (5.93 ns)

 <State 11>: 5.93ns
The critical path consists of the following:
	'fsub' operation ('z', MAC.c:69) [51]  (5.93 ns)

 <State 12>: 5.93ns
The critical path consists of the following:
	'fadd' operation ('x', MAC.c:67) [44]  (5.93 ns)

 <State 13>: 5.93ns
The critical path consists of the following:
	'fadd' operation ('x', MAC.c:67) [44]  (5.93 ns)

 <State 14>: 5.93ns
The critical path consists of the following:
	'fadd' operation ('x', MAC.c:67) [44]  (5.93 ns)

 <State 15>: 5.93ns
The critical path consists of the following:
	'fadd' operation ('x', MAC.c:67) [44]  (5.93 ns)

 <State 16>: 5.93ns
The critical path consists of the following:
	'fadd' operation ('x', MAC.c:67) [44]  (5.93 ns)

 <State 17>: 5.93ns
The critical path consists of the following:
	'fadd' operation ('x', MAC.c:67) [44]  (5.93 ns)

 <State 18>: 5.93ns
The critical path consists of the following:
	'fadd' operation ('x', MAC.c:67) [44]  (5.93 ns)

 <State 19>: 1.61ns
The critical path consists of the following:
	'store' operation ('store_ln56', MAC.c:56) of variable 'x', MAC.c:67 on local variable 'xold' [55]  (1.61 ns)


============================================================
+ Verbose Summary: Binding
============================================================
N/A
* FSMD analyzer results:
  - Output states:
 - Input state : 
  - Chain level:
	State 1
	State 2
	State 3
	State 4
	State 5
	State 6
	State 7
	State 8
	State 9
	State 10
	State 11
	State 12
	State 13
	State 14
	State 15
	State 16
	State 17
	State 18
	State 19


============================================================
+ Verbose Summary: Datapath Resource usage 
============================================================
N/A
