#-----------------------------------------------------------
# xsim v2022.2 (64-bit)
# SW Build 3671981 on Fri Oct 14 05:00:03 MDT 2022
# IP Build 3669848 on Fri Oct 14 08:30:02 MDT 2022
# Start of session at: Mon Nov  4 00:28:18 2024
# Process ID: 12540
# Current directory: C:/Users/chait/OneDrive/Desktop/FPGA/Project/tanh/cordic_tanh/solution1/sim/verilog
# Command line: xsim.exe -mode tcl -source {xsim.dir/tanh_custom/xsim_script.tcl}
# Log file: C:/Users/chait/OneDrive/Desktop/FPGA/Project/tanh/cordic_tanh/solution1/sim/verilog/xsim.log
# Journal file: C:/Users/chait/OneDrive/Desktop/FPGA/Project/tanh/cordic_tanh/solution1/sim/verilog\xsim.jou
# Running On: LAPTOP-HO0MVFJA, OS: Windows, CPU Frequency: 2496 MHz, CPU Physical cores: 8, Host memory: 8241 MB
#-----------------------------------------------------------
source xsim.dir/tanh_custom/xsim_script.tcl
# xsim {tanh_custom} -autoloadwcfg -tclbatch {tanh_custom.tcl}
Time resolution is 1 ps
source tanh_custom.tcl
## run all
////////////////////////////////////////////////////////////////////////////////////
// Inter-Transaction Progress: Completed Transaction / Total Transaction
// Intra-Transaction Progress: Measured Latency / Latency Estimation * 100%
//
// RTL Simulation : "Inter-Transaction Progress" ["Intra-Transaction Progress"] @ "Simulation Time"
////////////////////////////////////////////////////////////////////////////////////
// RTL Simulation : 0 / 5 [0.00%] @ "125000"
Warning: OPMODE Input Warning : The OPMODE 0110X0X with CARRYINSEL  000 to DSP48E1 instance is invalid.
Time: 265 ns  Iteration: 8  Process: /apatb_tanh_custom_top/AESL_inst_tanh_custom/grp_tanh_custom_Pipeline_VITIS_LOOP_14_1_fu_42/faddfsub_32ns_32ns_32_7_full_dsp_1_U1/tanh_custom_faddfsub_32ns_32ns_32_7_full_dsp_1_ip_u/inst/i_synth/addsub_op/ADDSUB/dsp/OP/dsp48e1_body/ALIGN_ADD/DSP2/i_no_versal_es1_workaround/DSP/prcs_opmode_drc  File: C:/Xilinx/Vivado/2022.2/data/vhdl/src/unisims/primitive/DSP48E1.vhd
Warning: OPMODE Input Warning : The OPMODE 0110X0X with CARRYINSEL  000 to DSP48E1 instance is invalid.
Time: 295 ns  Iteration: 8  Process: /apatb_tanh_custom_top/AESL_inst_tanh_custom/grp_tanh_custom_Pipeline_VITIS_LOOP_14_1_fu_42/faddfsub_32ns_32ns_32_7_full_dsp_1_U1/tanh_custom_faddfsub_32ns_32ns_32_7_full_dsp_1_ip_u/inst/i_synth/addsub_op/ADDSUB/dsp/OP/dsp48e1_body/ALIGN_ADD/DSP2/i_no_versal_es1_workaround/DSP/prcs_opmode_drc  File: C:/Xilinx/Vivado/2022.2/data/vhdl/src/unisims/primitive/DSP48E1.vhd
Warning: OPMODE Input Warning : The OPMODE 0110X0X with CARRYINSEL  000 to DSP48E1 instance is invalid.
Time: 415 ns  Iteration: 8  Process: /apatb_tanh_custom_top/AESL_inst_tanh_custom/grp_tanh_custom_Pipeline_VITIS_LOOP_14_1_fu_42/faddfsub_32ns_32ns_32_7_full_dsp_1_U1/tanh_custom_faddfsub_32ns_32ns_32_7_full_dsp_1_ip_u/inst/i_synth/addsub_op/ADDSUB/dsp/OP/dsp48e1_body/ALIGN_ADD/DSP2/i_no_versal_es1_workaround/DSP/prcs_opmode_drc  File: C:/Xilinx/Vivado/2022.2/data/vhdl/src/unisims/primitive/DSP48E1.vhd
Warning: OPMODE Input Warning : The OPMODE 0110X0X with CARRYINSEL  000 to DSP48E1 instance is invalid.
Time: 445 ns  Iteration: 8  Process: /apatb_tanh_custom_top/AESL_inst_tanh_custom/grp_tanh_custom_Pipeline_VITIS_LOOP_14_1_fu_42/faddfsub_32ns_32ns_32_7_full_dsp_1_U1/tanh_custom_faddfsub_32ns_32ns_32_7_full_dsp_1_ip_u/inst/i_synth/addsub_op/ADDSUB/dsp/OP/dsp48e1_body/ALIGN_ADD/DSP2/i_no_versal_es1_workaround/DSP/prcs_opmode_drc  File: C:/Xilinx/Vivado/2022.2/data/vhdl/src/unisims/primitive/DSP48E1.vhd
Warning: OPMODE Input Warning : The OPMODE 0110X0X with CARRYINSEL  000 to DSP48E1 instance is invalid.
Time: 565 ns  Iteration: 8  Process: /apatb_tanh_custom_top/AESL_inst_tanh_custom/grp_tanh_custom_Pipeline_VITIS_LOOP_14_1_fu_42/faddfsub_32ns_32ns_32_7_full_dsp_1_U1/tanh_custom_faddfsub_32ns_32ns_32_7_full_dsp_1_ip_u/inst/i_synth/addsub_op/ADDSUB/dsp/OP/dsp48e1_body/ALIGN_ADD/DSP2/i_no_versal_es1_workaround/DSP/prcs_opmode_drc  File: C:/Xilinx/Vivado/2022.2/data/vhdl/src/unisims/primitive/DSP48E1.vhd
Warning: OPMODE Input Warning : The OPMODE 0110X0X with CARRYINSEL  000 to DSP48E1 instance is invalid.
Time: 595 ns  Iteration: 8  Process: /apatb_tanh_custom_top/AESL_inst_tanh_custom/grp_tanh_custom_Pipeline_VITIS_LOOP_14_1_fu_42/faddfsub_32ns_32ns_32_7_full_dsp_1_U1/tanh_custom_faddfsub_32ns_32ns_32_7_full_dsp_1_ip_u/inst/i_synth/addsub_op/ADDSUB/dsp/OP/dsp48e1_body/ALIGN_ADD/DSP2/i_no_versal_es1_workaround/DSP/prcs_opmode_drc  File: C:/Xilinx/Vivado/2022.2/data/vhdl/src/unisims/primitive/DSP48E1.vhd
Warning: OPMODE Input Warning : The OPMODE 0110X0X with CARRYINSEL  000 to DSP48E1 instance is invalid.
Time: 715 ns  Iteration: 8  Process: /apatb_tanh_custom_top/AESL_inst_tanh_custom/grp_tanh_custom_Pipeline_VITIS_LOOP_14_1_fu_42/faddfsub_32ns_32ns_32_7_full_dsp_1_U1/tanh_custom_faddfsub_32ns_32ns_32_7_full_dsp_1_ip_u/inst/i_synth/addsub_op/ADDSUB/dsp/OP/dsp48e1_body/ALIGN_ADD/DSP2/i_no_versal_es1_workaround/DSP/prcs_opmode_drc  File: C:/Xilinx/Vivado/2022.2/data/vhdl/src/unisims/primitive/DSP48E1.vhd
Warning: OPMODE Input Warning : The OPMODE 0110X0X with CARRYINSEL  000 to DSP48E1 instance is invalid.
Time: 745 ns  Iteration: 8  Process: /apatb_tanh_custom_top/AESL_inst_tanh_custom/grp_tanh_custom_Pipeline_VITIS_LOOP_14_1_fu_42/faddfsub_32ns_32ns_32_7_full_dsp_1_U1/tanh_custom_faddfsub_32ns_32ns_32_7_full_dsp_1_ip_u/inst/i_synth/addsub_op/ADDSUB/dsp/OP/dsp48e1_body/ALIGN_ADD/DSP2/i_no_versal_es1_workaround/DSP/prcs_opmode_drc  File: C:/Xilinx/Vivado/2022.2/data/vhdl/src/unisims/primitive/DSP48E1.vhd
Warning: OPMODE Input Warning : The OPMODE 0110X0X with CARRYINSEL  000 to DSP48E1 instance is invalid.
Time: 865 ns  Iteration: 8  Process: /apatb_tanh_custom_top/AESL_inst_tanh_custom/grp_tanh_custom_Pipeline_VITIS_LOOP_14_1_fu_42/faddfsub_32ns_32ns_32_7_full_dsp_1_U1/tanh_custom_faddfsub_32ns_32ns_32_7_full_dsp_1_ip_u/inst/i_synth/addsub_op/ADDSUB/dsp/OP/dsp48e1_body/ALIGN_ADD/DSP2/i_no_versal_es1_workaround/DSP/prcs_opmode_drc  File: C:/Xilinx/Vivado/2022.2/data/vhdl/src/unisims/primitive/DSP48E1.vhd
Warning: OPMODE Input Warning : The OPMODE 0110X0X with CARRYINSEL  000 to DSP48E1 instance is invalid.
Time: 895 ns  Iteration: 8  Process: /apatb_tanh_custom_top/AESL_inst_tanh_custom/grp_tanh_custom_Pipeline_VITIS_LOOP_14_1_fu_42/faddfsub_32ns_32ns_32_7_full_dsp_1_U1/tanh_custom_faddfsub_32ns_32ns_32_7_full_dsp_1_ip_u/inst/i_synth/addsub_op/ADDSUB/dsp/OP/dsp48e1_body/ALIGN_ADD/DSP2/i_no_versal_es1_workaround/DSP/prcs_opmode_drc  File: C:/Xilinx/Vivado/2022.2/data/vhdl/src/unisims/primitive/DSP48E1.vhd
// RTL Simulation : 1 / 5 [100.00%] @ "1095000"
Warning: OPMODE Input Warning : The OPMODE 0110X0X with CARRYINSEL  000 to DSP48E1 instance is invalid.
Time: 1225 ns  Iteration: 8  Process: /apatb_tanh_custom_top/AESL_inst_tanh_custom/grp_tanh_custom_Pipeline_VITIS_LOOP_14_1_fu_42/faddfsub_32ns_32ns_32_7_full_dsp_1_U1/tanh_custom_faddfsub_32ns_32ns_32_7_full_dsp_1_ip_u/inst/i_synth/addsub_op/ADDSUB/dsp/OP/dsp48e1_body/ALIGN_ADD/DSP2/i_no_versal_es1_workaround/DSP/prcs_opmode_drc  File: C:/Xilinx/Vivado/2022.2/data/vhdl/src/unisims/primitive/DSP48E1.vhd
Warning: OPMODE Input Warning : The OPMODE 0110X0X with CARRYINSEL  000 to DSP48E1 instance is invalid.
Time: 1255 ns  Iteration: 8  Process: /apatb_tanh_custom_top/AESL_inst_tanh_custom/grp_tanh_custom_Pipeline_VITIS_LOOP_14_1_fu_42/faddfsub_32ns_32ns_32_7_full_dsp_1_U1/tanh_custom_faddfsub_32ns_32ns_32_7_full_dsp_1_ip_u/inst/i_synth/addsub_op/ADDSUB/dsp/OP/dsp48e1_body/ALIGN_ADD/DSP2/i_no_versal_es1_workaround/DSP/prcs_opmode_drc  File: C:/Xilinx/Vivado/2022.2/data/vhdl/src/unisims/primitive/DSP48E1.vhd
Warning: OPMODE Input Warning : The OPMODE 0110X0X with CARRYINSEL  000 to DSP48E1 instance is invalid.
Time: 1375 ns  Iteration: 8  Process: /apatb_tanh_custom_top/AESL_inst_tanh_custom/grp_tanh_custom_Pipeline_VITIS_LOOP_14_1_fu_42/faddfsub_32ns_32ns_32_7_full_dsp_1_U1/tanh_custom_faddfsub_32ns_32ns_32_7_full_dsp_1_ip_u/inst/i_synth/addsub_op/ADDSUB/dsp/OP/dsp48e1_body/ALIGN_ADD/DSP2/i_no_versal_es1_workaround/DSP/prcs_opmode_drc  File: C:/Xilinx/Vivado/2022.2/data/vhdl/src/unisims/primitive/DSP48E1.vhd
Warning: OPMODE Input Warning : The OPMODE 0110X0X with CARRYINSEL  000 to DSP48E1 instance is invalid.
Time: 1405 ns  Iteration: 8  Process: /apatb_tanh_custom_top/AESL_inst_tanh_custom/grp_tanh_custom_Pipeline_VITIS_LOOP_14_1_fu_42/faddfsub_32ns_32ns_32_7_full_dsp_1_U1/tanh_custom_faddfsub_32ns_32ns_32_7_full_dsp_1_ip_u/inst/i_synth/addsub_op/ADDSUB/dsp/OP/dsp48e1_body/ALIGN_ADD/DSP2/i_no_versal_es1_workaround/DSP/prcs_opmode_drc  File: C:/Xilinx/Vivado/2022.2/data/vhdl/src/unisims/primitive/DSP48E1.vhd
Warning: OPMODE Input Warning : The OPMODE 0110X0X with CARRYINSEL  000 to DSP48E1 instance is invalid.
Time: 1525 ns  Iteration: 8  Process: /apatb_tanh_custom_top/AESL_inst_tanh_custom/grp_tanh_custom_Pipeline_VITIS_LOOP_14_1_fu_42/faddfsub_32ns_32ns_32_7_full_dsp_1_U1/tanh_custom_faddfsub_32ns_32ns_32_7_full_dsp_1_ip_u/inst/i_synth/addsub_op/ADDSUB/dsp/OP/dsp48e1_body/ALIGN_ADD/DSP2/i_no_versal_es1_workaround/DSP/prcs_opmode_drc  File: C:/Xilinx/Vivado/2022.2/data/vhdl/src/unisims/primitive/DSP48E1.vhd
Warning: OPMODE Input Warning : The OPMODE 0110X0X with CARRYINSEL  000 to DSP48E1 instance is invalid.
Time: 1555 ns  Iteration: 8  Process: /apatb_tanh_custom_top/AESL_inst_tanh_custom/grp_tanh_custom_Pipeline_VITIS_LOOP_14_1_fu_42/faddfsub_32ns_32ns_32_7_full_dsp_1_U1/tanh_custom_faddfsub_32ns_32ns_32_7_full_dsp_1_ip_u/inst/i_synth/addsub_op/ADDSUB/dsp/OP/dsp48e1_body/ALIGN_ADD/DSP2/i_no_versal_es1_workaround/DSP/prcs_opmode_drc  File: C:/Xilinx/Vivado/2022.2/data/vhdl/src/unisims/primitive/DSP48E1.vhd
Warning: OPMODE Input Warning : The OPMODE 0110X0X with CARRYINSEL  000 to DSP48E1 instance is invalid.
Time: 1675 ns  Iteration: 8  Process: /apatb_tanh_custom_top/AESL_inst_tanh_custom/grp_tanh_custom_Pipeline_VITIS_LOOP_14_1_fu_42/faddfsub_32ns_32ns_32_7_full_dsp_1_U1/tanh_custom_faddfsub_32ns_32ns_32_7_full_dsp_1_ip_u/inst/i_synth/addsub_op/ADDSUB/dsp/OP/dsp48e1_body/ALIGN_ADD/DSP2/i_no_versal_es1_workaround/DSP/prcs_opmode_drc  File: C:/Xilinx/Vivado/2022.2/data/vhdl/src/unisims/primitive/DSP48E1.vhd
Warning: OPMODE Input Warning : The OPMODE 0110X0X with CARRYINSEL  000 to DSP48E1 instance is invalid.
Time: 1705 ns  Iteration: 8  Process: /apatb_tanh_custom_top/AESL_inst_tanh_custom/grp_tanh_custom_Pipeline_VITIS_LOOP_14_1_fu_42/faddfsub_32ns_32ns_32_7_full_dsp_1_U1/tanh_custom_faddfsub_32ns_32ns_32_7_full_dsp_1_ip_u/inst/i_synth/addsub_op/ADDSUB/dsp/OP/dsp48e1_body/ALIGN_ADD/DSP2/i_no_versal_es1_workaround/DSP/prcs_opmode_drc  File: C:/Xilinx/Vivado/2022.2/data/vhdl/src/unisims/primitive/DSP48E1.vhd
Warning: OPMODE Input Warning : The OPMODE 0110X0X with CARRYINSEL  000 to DSP48E1 instance is invalid.
Time: 1825 ns  Iteration: 8  Process: /apatb_tanh_custom_top/AESL_inst_tanh_custom/grp_tanh_custom_Pipeline_VITIS_LOOP_14_1_fu_42/faddfsub_32ns_32ns_32_7_full_dsp_1_U1/tanh_custom_faddfsub_32ns_32ns_32_7_full_dsp_1_ip_u/inst/i_synth/addsub_op/ADDSUB/dsp/OP/dsp48e1_body/ALIGN_ADD/DSP2/i_no_versal_es1_workaround/DSP/prcs_opmode_drc  File: C:/Xilinx/Vivado/2022.2/data/vhdl/src/unisims/primitive/DSP48E1.vhd
Warning: OPMODE Input Warning : The OPMODE 0110X0X with CARRYINSEL  000 to DSP48E1 instance is invalid.
Time: 1855 ns  Iteration: 8  Process: /apatb_tanh_custom_top/AESL_inst_tanh_custom/grp_tanh_custom_Pipeline_VITIS_LOOP_14_1_fu_42/faddfsub_32ns_32ns_32_7_full_dsp_1_U1/tanh_custom_faddfsub_32ns_32ns_32_7_full_dsp_1_ip_u/inst/i_synth/addsub_op/ADDSUB/dsp/OP/dsp48e1_body/ALIGN_ADD/DSP2/i_no_versal_es1_workaround/DSP/prcs_opmode_drc  File: C:/Xilinx/Vivado/2022.2/data/vhdl/src/unisims/primitive/DSP48E1.vhd
// RTL Simulation : 2 / 5 [100.00%] @ "2055000"
Warning: OPMODE Input Warning : The OPMODE 0110X0X with CARRYINSEL  000 to DSP48E1 instance is invalid.
Time: 2185 ns  Iteration: 8  Process: /apatb_tanh_custom_top/AESL_inst_tanh_custom/grp_tanh_custom_Pipeline_VITIS_LOOP_14_1_fu_42/faddfsub_32ns_32ns_32_7_full_dsp_1_U1/tanh_custom_faddfsub_32ns_32ns_32_7_full_dsp_1_ip_u/inst/i_synth/addsub_op/ADDSUB/dsp/OP/dsp48e1_body/ALIGN_ADD/DSP2/i_no_versal_es1_workaround/DSP/prcs_opmode_drc  File: C:/Xilinx/Vivado/2022.2/data/vhdl/src/unisims/primitive/DSP48E1.vhd
Warning: OPMODE Input Warning : The OPMODE 0110X0X with CARRYINSEL  000 to DSP48E1 instance is invalid.
Time: 2215 ns  Iteration: 8  Process: /apatb_tanh_custom_top/AESL_inst_tanh_custom/grp_tanh_custom_Pipeline_VITIS_LOOP_14_1_fu_42/faddfsub_32ns_32ns_32_7_full_dsp_1_U1/tanh_custom_faddfsub_32ns_32ns_32_7_full_dsp_1_ip_u/inst/i_synth/addsub_op/ADDSUB/dsp/OP/dsp48e1_body/ALIGN_ADD/DSP2/i_no_versal_es1_workaround/DSP/prcs_opmode_drc  File: C:/Xilinx/Vivado/2022.2/data/vhdl/src/unisims/primitive/DSP48E1.vhd
Warning: OPMODE Input Warning : The OPMODE 0110X0X with CARRYINSEL  000 to DSP48E1 instance is invalid.
Time: 2335 ns  Iteration: 8  Process: /apatb_tanh_custom_top/AESL_inst_tanh_custom/grp_tanh_custom_Pipeline_VITIS_LOOP_14_1_fu_42/faddfsub_32ns_32ns_32_7_full_dsp_1_U1/tanh_custom_faddfsub_32ns_32ns_32_7_full_dsp_1_ip_u/inst/i_synth/addsub_op/ADDSUB/dsp/OP/dsp48e1_body/ALIGN_ADD/DSP2/i_no_versal_es1_workaround/DSP/prcs_opmode_drc  File: C:/Xilinx/Vivado/2022.2/data/vhdl/src/unisims/primitive/DSP48E1.vhd
Warning: OPMODE Input Warning : The OPMODE 0110X0X with CARRYINSEL  000 to DSP48E1 instance is invalid.
Time: 2365 ns  Iteration: 8  Process: /apatb_tanh_custom_top/AESL_inst_tanh_custom/grp_tanh_custom_Pipeline_VITIS_LOOP_14_1_fu_42/faddfsub_32ns_32ns_32_7_full_dsp_1_U1/tanh_custom_faddfsub_32ns_32ns_32_7_full_dsp_1_ip_u/inst/i_synth/addsub_op/ADDSUB/dsp/OP/dsp48e1_body/ALIGN_ADD/DSP2/i_no_versal_es1_workaround/DSP/prcs_opmode_drc  File: C:/Xilinx/Vivado/2022.2/data/vhdl/src/unisims/primitive/DSP48E1.vhd
Warning: OPMODE Input Warning : The OPMODE 0110X0X with CARRYINSEL  000 to DSP48E1 instance is invalid.
Time: 2485 ns  Iteration: 8  Process: /apatb_tanh_custom_top/AESL_inst_tanh_custom/grp_tanh_custom_Pipeline_VITIS_LOOP_14_1_fu_42/faddfsub_32ns_32ns_32_7_full_dsp_1_U1/tanh_custom_faddfsub_32ns_32ns_32_7_full_dsp_1_ip_u/inst/i_synth/addsub_op/ADDSUB/dsp/OP/dsp48e1_body/ALIGN_ADD/DSP2/i_no_versal_es1_workaround/DSP/prcs_opmode_drc  File: C:/Xilinx/Vivado/2022.2/data/vhdl/src/unisims/primitive/DSP48E1.vhd
Warning: OPMODE Input Warning : The OPMODE 0110X0X with CARRYINSEL  000 to DSP48E1 instance is invalid.
Time: 2515 ns  Iteration: 8  Process: /apatb_tanh_custom_top/AESL_inst_tanh_custom/grp_tanh_custom_Pipeline_VITIS_LOOP_14_1_fu_42/faddfsub_32ns_32ns_32_7_full_dsp_1_U1/tanh_custom_faddfsub_32ns_32ns_32_7_full_dsp_1_ip_u/inst/i_synth/addsub_op/ADDSUB/dsp/OP/dsp48e1_body/ALIGN_ADD/DSP2/i_no_versal_es1_workaround/DSP/prcs_opmode_drc  File: C:/Xilinx/Vivado/2022.2/data/vhdl/src/unisims/primitive/DSP48E1.vhd
Warning: OPMODE Input Warning : The OPMODE 0110X0X with CARRYINSEL  000 to DSP48E1 instance is invalid.
Time: 2635 ns  Iteration: 8  Process: /apatb_tanh_custom_top/AESL_inst_tanh_custom/grp_tanh_custom_Pipeline_VITIS_LOOP_14_1_fu_42/faddfsub_32ns_32ns_32_7_full_dsp_1_U1/tanh_custom_faddfsub_32ns_32ns_32_7_full_dsp_1_ip_u/inst/i_synth/addsub_op/ADDSUB/dsp/OP/dsp48e1_body/ALIGN_ADD/DSP2/i_no_versal_es1_workaround/DSP/prcs_opmode_drc  File: C:/Xilinx/Vivado/2022.2/data/vhdl/src/unisims/primitive/DSP48E1.vhd
Warning: OPMODE Input Warning : The OPMODE 0110X0X with CARRYINSEL  000 to DSP48E1 instance is invalid.
Time: 2665 ns  Iteration: 8  Process: /apatb_tanh_custom_top/AESL_inst_tanh_custom/grp_tanh_custom_Pipeline_VITIS_LOOP_14_1_fu_42/faddfsub_32ns_32ns_32_7_full_dsp_1_U1/tanh_custom_faddfsub_32ns_32ns_32_7_full_dsp_1_ip_u/inst/i_synth/addsub_op/ADDSUB/dsp/OP/dsp48e1_body/ALIGN_ADD/DSP2/i_no_versal_es1_workaround/DSP/prcs_opmode_drc  File: C:/Xilinx/Vivado/2022.2/data/vhdl/src/unisims/primitive/DSP48E1.vhd
Warning: OPMODE Input Warning : The OPMODE 0110X0X with CARRYINSEL  000 to DSP48E1 instance is invalid.
Time: 2785 ns  Iteration: 8  Process: /apatb_tanh_custom_top/AESL_inst_tanh_custom/grp_tanh_custom_Pipeline_VITIS_LOOP_14_1_fu_42/faddfsub_32ns_32ns_32_7_full_dsp_1_U1/tanh_custom_faddfsub_32ns_32ns_32_7_full_dsp_1_ip_u/inst/i_synth/addsub_op/ADDSUB/dsp/OP/dsp48e1_body/ALIGN_ADD/DSP2/i_no_versal_es1_workaround/DSP/prcs_opmode_drc  File: C:/Xilinx/Vivado/2022.2/data/vhdl/src/unisims/primitive/DSP48E1.vhd
Warning: OPMODE Input Warning : The OPMODE 0110X0X with CARRYINSEL  000 to DSP48E1 instance is invalid.
Time: 2815 ns  Iteration: 8  Process: /apatb_tanh_custom_top/AESL_inst_tanh_custom/grp_tanh_custom_Pipeline_VITIS_LOOP_14_1_fu_42/faddfsub_32ns_32ns_32_7_full_dsp_1_U1/tanh_custom_faddfsub_32ns_32ns_32_7_full_dsp_1_ip_u/inst/i_synth/addsub_op/ADDSUB/dsp/OP/dsp48e1_body/ALIGN_ADD/DSP2/i_no_versal_es1_workaround/DSP/prcs_opmode_drc  File: C:/Xilinx/Vivado/2022.2/data/vhdl/src/unisims/primitive/DSP48E1.vhd
// RTL Simulation : 3 / 5 [100.00%] @ "3015000"
Warning: OPMODE Input Warning : The OPMODE 0110X0X with CARRYINSEL  000 to DSP48E1 instance is invalid.
Time: 3145 ns  Iteration: 8  Process: /apatb_tanh_custom_top/AESL_inst_tanh_custom/grp_tanh_custom_Pipeline_VITIS_LOOP_14_1_fu_42/faddfsub_32ns_32ns_32_7_full_dsp_1_U1/tanh_custom_faddfsub_32ns_32ns_32_7_full_dsp_1_ip_u/inst/i_synth/addsub_op/ADDSUB/dsp/OP/dsp48e1_body/ALIGN_ADD/DSP2/i_no_versal_es1_workaround/DSP/prcs_opmode_drc  File: C:/Xilinx/Vivado/2022.2/data/vhdl/src/unisims/primitive/DSP48E1.vhd
Warning: OPMODE Input Warning : The OPMODE 0110X0X with CARRYINSEL  000 to DSP48E1 instance is invalid.
Time: 3175 ns  Iteration: 8  Process: /apatb_tanh_custom_top/AESL_inst_tanh_custom/grp_tanh_custom_Pipeline_VITIS_LOOP_14_1_fu_42/faddfsub_32ns_32ns_32_7_full_dsp_1_U1/tanh_custom_faddfsub_32ns_32ns_32_7_full_dsp_1_ip_u/inst/i_synth/addsub_op/ADDSUB/dsp/OP/dsp48e1_body/ALIGN_ADD/DSP2/i_no_versal_es1_workaround/DSP/prcs_opmode_drc  File: C:/Xilinx/Vivado/2022.2/data/vhdl/src/unisims/primitive/DSP48E1.vhd
Warning: OPMODE Input Warning : The OPMODE 0110X0X with CARRYINSEL  000 to DSP48E1 instance is invalid.
Time: 3295 ns  Iteration: 8  Process: /apatb_tanh_custom_top/AESL_inst_tanh_custom/grp_tanh_custom_Pipeline_VITIS_LOOP_14_1_fu_42/faddfsub_32ns_32ns_32_7_full_dsp_1_U1/tanh_custom_faddfsub_32ns_32ns_32_7_full_dsp_1_ip_u/inst/i_synth/addsub_op/ADDSUB/dsp/OP/dsp48e1_body/ALIGN_ADD/DSP2/i_no_versal_es1_workaround/DSP/prcs_opmode_drc  File: C:/Xilinx/Vivado/2022.2/data/vhdl/src/unisims/primitive/DSP48E1.vhd
Warning: OPMODE Input Warning : The OPMODE 0110X0X with CARRYINSEL  000 to DSP48E1 instance is invalid.
Time: 3325 ns  Iteration: 8  Process: /apatb_tanh_custom_top/AESL_inst_tanh_custom/grp_tanh_custom_Pipeline_VITIS_LOOP_14_1_fu_42/faddfsub_32ns_32ns_32_7_full_dsp_1_U1/tanh_custom_faddfsub_32ns_32ns_32_7_full_dsp_1_ip_u/inst/i_synth/addsub_op/ADDSUB/dsp/OP/dsp48e1_body/ALIGN_ADD/DSP2/i_no_versal_es1_workaround/DSP/prcs_opmode_drc  File: C:/Xilinx/Vivado/2022.2/data/vhdl/src/unisims/primitive/DSP48E1.vhd
Warning: OPMODE Input Warning : The OPMODE 0110X0X with CARRYINSEL  000 to DSP48E1 instance is invalid.
Time: 3445 ns  Iteration: 8  Process: /apatb_tanh_custom_top/AESL_inst_tanh_custom/grp_tanh_custom_Pipeline_VITIS_LOOP_14_1_fu_42/faddfsub_32ns_32ns_32_7_full_dsp_1_U1/tanh_custom_faddfsub_32ns_32ns_32_7_full_dsp_1_ip_u/inst/i_synth/addsub_op/ADDSUB/dsp/OP/dsp48e1_body/ALIGN_ADD/DSP2/i_no_versal_es1_workaround/DSP/prcs_opmode_drc  File: C:/Xilinx/Vivado/2022.2/data/vhdl/src/unisims/primitive/DSP48E1.vhd
Warning: OPMODE Input Warning : The OPMODE 0110X0X with CARRYINSEL  000 to DSP48E1 instance is invalid.
Time: 3475 ns  Iteration: 8  Process: /apatb_tanh_custom_top/AESL_inst_tanh_custom/grp_tanh_custom_Pipeline_VITIS_LOOP_14_1_fu_42/faddfsub_32ns_32ns_32_7_full_dsp_1_U1/tanh_custom_faddfsub_32ns_32ns_32_7_full_dsp_1_ip_u/inst/i_synth/addsub_op/ADDSUB/dsp/OP/dsp48e1_body/ALIGN_ADD/DSP2/i_no_versal_es1_workaround/DSP/prcs_opmode_drc  File: C:/Xilinx/Vivado/2022.2/data/vhdl/src/unisims/primitive/DSP48E1.vhd
Warning: OPMODE Input Warning : The OPMODE 0110X0X with CARRYINSEL  000 to DSP48E1 instance is invalid.
Time: 3595 ns  Iteration: 8  Process: /apatb_tanh_custom_top/AESL_inst_tanh_custom/grp_tanh_custom_Pipeline_VITIS_LOOP_14_1_fu_42/faddfsub_32ns_32ns_32_7_full_dsp_1_U1/tanh_custom_faddfsub_32ns_32ns_32_7_full_dsp_1_ip_u/inst/i_synth/addsub_op/ADDSUB/dsp/OP/dsp48e1_body/ALIGN_ADD/DSP2/i_no_versal_es1_workaround/DSP/prcs_opmode_drc  File: C:/Xilinx/Vivado/2022.2/data/vhdl/src/unisims/primitive/DSP48E1.vhd
Warning: OPMODE Input Warning : The OPMODE 0110X0X with CARRYINSEL  000 to DSP48E1 instance is invalid.
Time: 3625 ns  Iteration: 8  Process: /apatb_tanh_custom_top/AESL_inst_tanh_custom/grp_tanh_custom_Pipeline_VITIS_LOOP_14_1_fu_42/faddfsub_32ns_32ns_32_7_full_dsp_1_U1/tanh_custom_faddfsub_32ns_32ns_32_7_full_dsp_1_ip_u/inst/i_synth/addsub_op/ADDSUB/dsp/OP/dsp48e1_body/ALIGN_ADD/DSP2/i_no_versal_es1_workaround/DSP/prcs_opmode_drc  File: C:/Xilinx/Vivado/2022.2/data/vhdl/src/unisims/primitive/DSP48E1.vhd
Warning: OPMODE Input Warning : The OPMODE 0110X0X with CARRYINSEL  000 to DSP48E1 instance is invalid.
Time: 3745 ns  Iteration: 8  Process: /apatb_tanh_custom_top/AESL_inst_tanh_custom/grp_tanh_custom_Pipeline_VITIS_LOOP_14_1_fu_42/faddfsub_32ns_32ns_32_7_full_dsp_1_U1/tanh_custom_faddfsub_32ns_32ns_32_7_full_dsp_1_ip_u/inst/i_synth/addsub_op/ADDSUB/dsp/OP/dsp48e1_body/ALIGN_ADD/DSP2/i_no_versal_es1_workaround/DSP/prcs_opmode_drc  File: C:/Xilinx/Vivado/2022.2/data/vhdl/src/unisims/primitive/DSP48E1.vhd
Warning: OPMODE Input Warning : The OPMODE 0110X0X with CARRYINSEL  000 to DSP48E1 instance is invalid.
Time: 3775 ns  Iteration: 8  Process: /apatb_tanh_custom_top/AESL_inst_tanh_custom/grp_tanh_custom_Pipeline_VITIS_LOOP_14_1_fu_42/faddfsub_32ns_32ns_32_7_full_dsp_1_U1/tanh_custom_faddfsub_32ns_32ns_32_7_full_dsp_1_ip_u/inst/i_synth/addsub_op/ADDSUB/dsp/OP/dsp48e1_body/ALIGN_ADD/DSP2/i_no_versal_es1_workaround/DSP/prcs_opmode_drc  File: C:/Xilinx/Vivado/2022.2/data/vhdl/src/unisims/primitive/DSP48E1.vhd
// RTL Simulation : 4 / 5 [100.00%] @ "3975000"
Warning: OPMODE Input Warning : The OPMODE 0110X0X with CARRYINSEL  000 to DSP48E1 instance is invalid.
Time: 4105 ns  Iteration: 8  Process: /apatb_tanh_custom_top/AESL_inst_tanh_custom/grp_tanh_custom_Pipeline_VITIS_LOOP_14_1_fu_42/faddfsub_32ns_32ns_32_7_full_dsp_1_U1/tanh_custom_faddfsub_32ns_32ns_32_7_full_dsp_1_ip_u/inst/i_synth/addsub_op/ADDSUB/dsp/OP/dsp48e1_body/ALIGN_ADD/DSP2/i_no_versal_es1_workaround/DSP/prcs_opmode_drc  File: C:/Xilinx/Vivado/2022.2/data/vhdl/src/unisims/primitive/DSP48E1.vhd
Warning: OPMODE Input Warning : The OPMODE 0110X0X with CARRYINSEL  000 to DSP48E1 instance is invalid.
Time: 4135 ns  Iteration: 8  Process: /apatb_tanh_custom_top/AESL_inst_tanh_custom/grp_tanh_custom_Pipeline_VITIS_LOOP_14_1_fu_42/faddfsub_32ns_32ns_32_7_full_dsp_1_U1/tanh_custom_faddfsub_32ns_32ns_32_7_full_dsp_1_ip_u/inst/i_synth/addsub_op/ADDSUB/dsp/OP/dsp48e1_body/ALIGN_ADD/DSP2/i_no_versal_es1_workaround/DSP/prcs_opmode_drc  File: C:/Xilinx/Vivado/2022.2/data/vhdl/src/unisims/primitive/DSP48E1.vhd
Warning: OPMODE Input Warning : The OPMODE 0110X0X with CARRYINSEL  000 to DSP48E1 instance is invalid.
Time: 4255 ns  Iteration: 8  Process: /apatb_tanh_custom_top/AESL_inst_tanh_custom/grp_tanh_custom_Pipeline_VITIS_LOOP_14_1_fu_42/faddfsub_32ns_32ns_32_7_full_dsp_1_U1/tanh_custom_faddfsub_32ns_32ns_32_7_full_dsp_1_ip_u/inst/i_synth/addsub_op/ADDSUB/dsp/OP/dsp48e1_body/ALIGN_ADD/DSP2/i_no_versal_es1_workaround/DSP/prcs_opmode_drc  File: C:/Xilinx/Vivado/2022.2/data/vhdl/src/unisims/primitive/DSP48E1.vhd
Warning: OPMODE Input Warning : The OPMODE 0110X0X with CARRYINSEL  000 to DSP48E1 instance is invalid.
Time: 4285 ns  Iteration: 8  Process: /apatb_tanh_custom_top/AESL_inst_tanh_custom/grp_tanh_custom_Pipeline_VITIS_LOOP_14_1_fu_42/faddfsub_32ns_32ns_32_7_full_dsp_1_U1/tanh_custom_faddfsub_32ns_32ns_32_7_full_dsp_1_ip_u/inst/i_synth/addsub_op/ADDSUB/dsp/OP/dsp48e1_body/ALIGN_ADD/DSP2/i_no_versal_es1_workaround/DSP/prcs_opmode_drc  File: C:/Xilinx/Vivado/2022.2/data/vhdl/src/unisims/primitive/DSP48E1.vhd
Warning: OPMODE Input Warning : The OPMODE 0110X0X with CARRYINSEL  000 to DSP48E1 instance is invalid.
Time: 4405 ns  Iteration: 8  Process: /apatb_tanh_custom_top/AESL_inst_tanh_custom/grp_tanh_custom_Pipeline_VITIS_LOOP_14_1_fu_42/faddfsub_32ns_32ns_32_7_full_dsp_1_U1/tanh_custom_faddfsub_32ns_32ns_32_7_full_dsp_1_ip_u/inst/i_synth/addsub_op/ADDSUB/dsp/OP/dsp48e1_body/ALIGN_ADD/DSP2/i_no_versal_es1_workaround/DSP/prcs_opmode_drc  File: C:/Xilinx/Vivado/2022.2/data/vhdl/src/unisims/primitive/DSP48E1.vhd
Warning: OPMODE Input Warning : The OPMODE 0110X0X with CARRYINSEL  000 to DSP48E1 instance is invalid.
Time: 4435 ns  Iteration: 8  Process: /apatb_tanh_custom_top/AESL_inst_tanh_custom/grp_tanh_custom_Pipeline_VITIS_LOOP_14_1_fu_42/faddfsub_32ns_32ns_32_7_full_dsp_1_U1/tanh_custom_faddfsub_32ns_32ns_32_7_full_dsp_1_ip_u/inst/i_synth/addsub_op/ADDSUB/dsp/OP/dsp48e1_body/ALIGN_ADD/DSP2/i_no_versal_es1_workaround/DSP/prcs_opmode_drc  File: C:/Xilinx/Vivado/2022.2/data/vhdl/src/unisims/primitive/DSP48E1.vhd
Warning: OPMODE Input Warning : The OPMODE 0110X0X with CARRYINSEL  000 to DSP48E1 instance is invalid.
Time: 4555 ns  Iteration: 8  Process: /apatb_tanh_custom_top/AESL_inst_tanh_custom/grp_tanh_custom_Pipeline_VITIS_LOOP_14_1_fu_42/faddfsub_32ns_32ns_32_7_full_dsp_1_U1/tanh_custom_faddfsub_32ns_32ns_32_7_full_dsp_1_ip_u/inst/i_synth/addsub_op/ADDSUB/dsp/OP/dsp48e1_body/ALIGN_ADD/DSP2/i_no_versal_es1_workaround/DSP/prcs_opmode_drc  File: C:/Xilinx/Vivado/2022.2/data/vhdl/src/unisims/primitive/DSP48E1.vhd
Warning: OPMODE Input Warning : The OPMODE 0110X0X with CARRYINSEL  000 to DSP48E1 instance is invalid.
Time: 4585 ns  Iteration: 8  Process: /apatb_tanh_custom_top/AESL_inst_tanh_custom/grp_tanh_custom_Pipeline_VITIS_LOOP_14_1_fu_42/faddfsub_32ns_32ns_32_7_full_dsp_1_U1/tanh_custom_faddfsub_32ns_32ns_32_7_full_dsp_1_ip_u/inst/i_synth/addsub_op/ADDSUB/dsp/OP/dsp48e1_body/ALIGN_ADD/DSP2/i_no_versal_es1_workaround/DSP/prcs_opmode_drc  File: C:/Xilinx/Vivado/2022.2/data/vhdl/src/unisims/primitive/DSP48E1.vhd
Warning: OPMODE Input Warning : The OPMODE 0110X0X with CARRYINSEL  000 to DSP48E1 instance is invalid.
Time: 4705 ns  Iteration: 8  Process: /apatb_tanh_custom_top/AESL_inst_tanh_custom/grp_tanh_custom_Pipeline_VITIS_LOOP_14_1_fu_42/faddfsub_32ns_32ns_32_7_full_dsp_1_U1/tanh_custom_faddfsub_32ns_32ns_32_7_full_dsp_1_ip_u/inst/i_synth/addsub_op/ADDSUB/dsp/OP/dsp48e1_body/ALIGN_ADD/DSP2/i_no_versal_es1_workaround/DSP/prcs_opmode_drc  File: C:/Xilinx/Vivado/2022.2/data/vhdl/src/unisims/primitive/DSP48E1.vhd
Warning: OPMODE Input Warning : The OPMODE 0110X0X with CARRYINSEL  000 to DSP48E1 instance is invalid.
Time: 4735 ns  Iteration: 8  Process: /apatb_tanh_custom_top/AESL_inst_tanh_custom/grp_tanh_custom_Pipeline_VITIS_LOOP_14_1_fu_42/faddfsub_32ns_32ns_32_7_full_dsp_1_U1/tanh_custom_faddfsub_32ns_32ns_32_7_full_dsp_1_ip_u/inst/i_synth/addsub_op/ADDSUB/dsp/OP/dsp48e1_body/ALIGN_ADD/DSP2/i_no_versal_es1_workaround/DSP/prcs_opmode_drc  File: C:/Xilinx/Vivado/2022.2/data/vhdl/src/unisims/primitive/DSP48E1.vhd
// RTL Simulation : 5 / 5 [100.00%] @ "4935000"
////////////////////////////////////////////////////////////////////////////////////
$finish called at time : 4995 ns : File "C:/Users/chait/OneDrive/Desktop/FPGA/Project/tanh/cordic_tanh/solution1/sim/verilog/tanh_custom.autotb.v" Line 260
## quit
INFO: [Common 17-206] Exiting xsim at Mon Nov  4 00:28:22 2024...
