INFO: [SIM 2] *************** CSIM start ***************
INFO: [SIM 4] CSIM will launch GCC as the compiler.
   Compiling(apcc) ../../../../MAC_test.c in debug mode
INFO: [HLS 200-10] Running 'C:/Xilinx/Vitis_HLS/2022.2/bin/unwrapped/win64.o/apcc.exe'
INFO: [HLS 200-10] For user 'chait' on host 'laptop-ho0mvfja' (Windows NT_amd64 version 6.2) on Wed Oct 30 09:06:57 +0530 2024
INFO: [HLS 200-10] In directory 'C:/Users/chait/OneDrive/Desktop/FPGA/Project/MAC/MAC/solution2/csim/build'
INFO: [APCC 202-3] Tmp directory is apcc_db
INFO: [APCC 202-1] APCC is done.
INFO: [HLS 200-112] Total CPU user time: 1 seconds. Total CPU system time: 0 seconds. Total elapsed time: 3.117 seconds; peak allocated memory: 7.898 MB.
   Compiling(apcc) ../../../../MAC.c in debug mode
INFO: [HLS 200-10] Running 'C:/Xilinx/Vitis_HLS/2022.2/bin/unwrapped/win64.o/apcc.exe'
INFO: [HLS 200-10] For user 'chait' on host 'laptop-ho0mvfja' (Windows NT_amd64 version 6.2) on Wed Oct 30 09:07:03 +0530 2024
INFO: [HLS 200-10] In directory 'C:/Users/chait/OneDrive/Desktop/FPGA/Project/MAC/MAC/solution2/csim/build'
INFO: [APCC 202-3] Tmp directory is apcc_db
INFO: [APCC 202-1] APCC is done.
INFO: [HLS 200-112] Total CPU user time: 1 seconds. Total CPU system time: 0 seconds. Total elapsed time: 1.387 seconds; peak allocated memory: 7.980 MB.
   Generating csim.exe
final tanh: 0.468750
final tanh: 0.887500
final tanh: 0.881250
final tanh: 0.975000
final tanh: 0.768750
----------Pass!------------
INFO: [SIM 1] CSim done with 0 errors.
INFO: [SIM 3] *************** CSIM finish ***************
