INFO: [VRFC 10-2263] Analyzing Verilog file "/home/lohitaksh/FPGA_project/hyperbolic/hyperbolic.sim/sim_1/synth/func/xsim/blk_tb_func_synth.v" into library xil_defaultlib
INFO: [VRFC 10-311] analyzing module design_1
INFO: [VRFC 10-311] analyzing module design_1_BitShift_0_0
INFO: [VRFC 10-311] analyzing module design_1_BitShift_0_0_BitShift
INFO: [VRFC 10-311] analyzing module design_1_BitShift_1_0
INFO: [VRFC 10-311] analyzing module design_1_BitShift_1_0_BitShift
INFO: [VRFC 10-311] analyzing module design_1_TwoOneMux_0_0
INFO: [VRFC 10-311] analyzing module design_1_TwoOneMux_0_0_TwoOneMux
INFO: [VRFC 10-311] analyzing module design_1_TwoOneMux_0_1
INFO: [VRFC 10-311] analyzing module design_1_TwoOneMux_0_1_TwoOneMux
INFO: [VRFC 10-311] analyzing module design_1_c_addsub_0_0
INFO: [VRFC 10-311] analyzing module design_1_c_addsub_1_0
INFO: [VRFC 10-311] analyzing module design_1_cordic_0_0
INFO: [VRFC 10-311] analyzing module design_1_div_0_0
INFO: [VRFC 10-311] analyzing module design_1_div_0_0_div
INFO: [VRFC 10-311] analyzing module design_1_div_0_0_div_fdiv_32ns_32ns_32_16_no_dsp_1
INFO: [VRFC 10-311] analyzing module design_1_div_0_0_div_fdiv_32ns_32ns_32_16_no_dsp_1_ip
INFO: [VRFC 10-311] analyzing module design_1_div_0_0_div_sitofp_32ns_32_6_no_dsp_1
INFO: [VRFC 10-311] analyzing module design_1_div_0_0_div_sitofp_32ns_32_6_no_dsp_1_0
INFO: [VRFC 10-311] analyzing module design_1_div_0_0_div_sitofp_32ns_32_6_no_dsp_1_ip
INFO: [VRFC 10-311] analyzing module design_1_div_0_0_div_sitofp_32ns_32_6_no_dsp_1_ip_12
INFO: [VRFC 10-311] analyzing module design_1_splitter_0_0
INFO: [VRFC 10-311] analyzing module design_1_wrapper
INFO: [VRFC 10-311] analyzing module design_1_xbip_multadd_0_0
INFO: [VRFC 10-311] analyzing module design_1_c_addsub_0_0_c_addsub_v12_0_14
INFO: [VRFC 10-311] analyzing module design_1_c_addsub_0_0_c_addsub_v12_0_14_fabric_legacy
INFO: [VRFC 10-311] analyzing module design_1_c_addsub_0_0_c_addsub_v12_0_14_fabric_legacy__parameterized1
INFO: [VRFC 10-311] analyzing module design_1_c_addsub_0_0_c_addsub_v12_0_14_fabric_legacy__parameterized3
INFO: [VRFC 10-311] analyzing module design_1_c_addsub_0_0_c_addsub_v12_0_14_legacy
INFO: [VRFC 10-311] analyzing module design_1_c_addsub_0_0_c_addsub_v12_0_14_lut6_legacy
INFO: [VRFC 10-311] analyzing module design_1_c_addsub_0_0_c_addsub_v12_0_14_lut6_legacy__parameterized1
INFO: [VRFC 10-311] analyzing module design_1_c_addsub_0_0_c_addsub_v12_0_14_lut6_legacy__parameterized3
INFO: [VRFC 10-311] analyzing module design_1_c_addsub_0_0_c_addsub_v12_0_14_viv
INFO: [VRFC 10-311] analyzing module design_1_c_addsub_0_0_c_reg_fd_v12_0_6_viv
INFO: [VRFC 10-311] analyzing module design_1_c_addsub_0_0_c_reg_fd_v12_0_6_viv__parameterized1
INFO: [VRFC 10-311] analyzing module design_1_c_addsub_0_0_c_reg_fd_v12_0_6_viv__parameterized1_0
INFO: [VRFC 10-311] analyzing module design_1_c_addsub_0_0_c_reg_fd_v12_0_6_viv__parameterized1_1
INFO: [VRFC 10-311] analyzing module design_1_c_addsub_0_0_c_reg_fd_v12_0_6_viv__parameterized1_2
INFO: [VRFC 10-311] analyzing module design_1_c_addsub_1_0_c_addsub_v12_0_14
INFO: [VRFC 10-311] analyzing module design_1_c_addsub_1_0_c_addsub_v12_0_14_fabric_legacy
INFO: [VRFC 10-311] analyzing module design_1_c_addsub_1_0_c_addsub_v12_0_14_legacy
INFO: [VRFC 10-311] analyzing module design_1_c_addsub_1_0_c_addsub_v12_0_14_lut6_legacy
INFO: [VRFC 10-311] analyzing module design_1_c_addsub_1_0_c_addsub_v12_0_14_viv
INFO: [VRFC 10-311] analyzing module design_1_c_addsub_1_0_c_reg_fd_v12_0_6_viv
INFO: [VRFC 10-311] analyzing module design_1_cordic_0_0_addsub
INFO: [VRFC 10-311] analyzing module design_1_cordic_0_0_addsub_101
INFO: [VRFC 10-311] analyzing module design_1_cordic_0_0_addsub_102
INFO: [VRFC 10-311] analyzing module design_1_cordic_0_0_addsub_112
INFO: [VRFC 10-311] analyzing module design_1_cordic_0_0_addsub_117
INFO: [VRFC 10-311] analyzing module design_1_cordic_0_0_addsub_118
INFO: [VRFC 10-311] analyzing module design_1_cordic_0_0_addsub_128
INFO: [VRFC 10-311] analyzing module design_1_cordic_0_0_addsub_133
INFO: [VRFC 10-311] analyzing module design_1_cordic_0_0_addsub_134
INFO: [VRFC 10-311] analyzing module design_1_cordic_0_0_addsub_143
INFO: [VRFC 10-311] analyzing module design_1_cordic_0_0_addsub_144
INFO: [VRFC 10-311] analyzing module design_1_cordic_0_0_addsub_15
INFO: [VRFC 10-311] analyzing module design_1_cordic_0_0_addsub_155
INFO: [VRFC 10-311] analyzing module design_1_cordic_0_0_addsub_160
INFO: [VRFC 10-311] analyzing module design_1_cordic_0_0_addsub_161
INFO: [VRFC 10-311] analyzing module design_1_cordic_0_0_addsub_172
INFO: [VRFC 10-311] analyzing module design_1_cordic_0_0_addsub_177
INFO: [VRFC 10-311] analyzing module design_1_cordic_0_0_addsub_178
INFO: [VRFC 10-311] analyzing module design_1_cordic_0_0_addsub_188
INFO: [VRFC 10-311] analyzing module design_1_cordic_0_0_addsub_193
INFO: [VRFC 10-311] analyzing module design_1_cordic_0_0_addsub_194
INFO: [VRFC 10-311] analyzing module design_1_cordic_0_0_addsub_20
INFO: [VRFC 10-311] analyzing module design_1_cordic_0_0_addsub_205
INFO: [VRFC 10-311] analyzing module design_1_cordic_0_0_addsub_21
INFO: [VRFC 10-311] analyzing module design_1_cordic_0_0_addsub_210
INFO: [VRFC 10-311] analyzing module design_1_cordic_0_0_addsub_211
INFO: [VRFC 10-311] analyzing module design_1_cordic_0_0_addsub_221
INFO: [VRFC 10-311] analyzing module design_1_cordic_0_0_addsub_226
INFO: [VRFC 10-311] analyzing module design_1_cordic_0_0_addsub_227
INFO: [VRFC 10-311] analyzing module design_1_cordic_0_0_addsub_237
INFO: [VRFC 10-311] analyzing module design_1_cordic_0_0_addsub_242
INFO: [VRFC 10-311] analyzing module design_1_cordic_0_0_addsub_243
INFO: [VRFC 10-311] analyzing module design_1_cordic_0_0_addsub_253
INFO: [VRFC 10-311] analyzing module design_1_cordic_0_0_addsub_258
INFO: [VRFC 10-311] analyzing module design_1_cordic_0_0_addsub_259
INFO: [VRFC 10-311] analyzing module design_1_cordic_0_0_addsub_269
INFO: [VRFC 10-311] analyzing module design_1_cordic_0_0_addsub_274
INFO: [VRFC 10-311] analyzing module design_1_cordic_0_0_addsub_275
INFO: [VRFC 10-311] analyzing module design_1_cordic_0_0_addsub_31
INFO: [VRFC 10-311] analyzing module design_1_cordic_0_0_addsub_36
INFO: [VRFC 10-311] analyzing module design_1_cordic_0_0_addsub_37
INFO: [VRFC 10-311] analyzing module design_1_cordic_0_0_addsub_4
INFO: [VRFC 10-311] analyzing module design_1_cordic_0_0_addsub_47
INFO: [VRFC 10-311] analyzing module design_1_cordic_0_0_addsub_5
INFO: [VRFC 10-311] analyzing module design_1_cordic_0_0_addsub_52
INFO: [VRFC 10-311] analyzing module design_1_cordic_0_0_addsub_53
INFO: [VRFC 10-311] analyzing module design_1_cordic_0_0_addsub_63
INFO: [VRFC 10-311] analyzing module design_1_cordic_0_0_addsub_68
INFO: [VRFC 10-311] analyzing module design_1_cordic_0_0_addsub_69
INFO: [VRFC 10-311] analyzing module design_1_cordic_0_0_addsub_79
INFO: [VRFC 10-311] analyzing module design_1_cordic_0_0_addsub_84
INFO: [VRFC 10-311] analyzing module design_1_cordic_0_0_addsub_85
INFO: [VRFC 10-311] analyzing module design_1_cordic_0_0_addsub_96
INFO: [VRFC 10-311] analyzing module design_1_cordic_0_0_c_addsub_v12_0_14_fabric_legacy
INFO: [VRFC 10-311] analyzing module design_1_cordic_0_0_c_addsub_v12_0_14_fabric_legacy_104
INFO: [VRFC 10-311] analyzing module design_1_cordic_0_0_c_addsub_v12_0_14_fabric_legacy_108
INFO: [VRFC 10-311] analyzing module design_1_cordic_0_0_c_addsub_v12_0_14_fabric_legacy_11
INFO: [VRFC 10-311] analyzing module design_1_cordic_0_0_c_addsub_v12_0_14_fabric_legacy_114
INFO: [VRFC 10-311] analyzing module design_1_cordic_0_0_c_addsub_v12_0_14_fabric_legacy_120
INFO: [VRFC 10-311] analyzing module design_1_cordic_0_0_c_addsub_v12_0_14_fabric_legacy_124
INFO: [VRFC 10-311] analyzing module design_1_cordic_0_0_c_addsub_v12_0_14_fabric_legacy_130
INFO: [VRFC 10-311] analyzing module design_1_cordic_0_0_c_addsub_v12_0_14_fabric_legacy_136
INFO: [VRFC 10-311] analyzing module design_1_cordic_0_0_c_addsub_v12_0_14_fabric_legacy_140
INFO: [VRFC 10-311] analyzing module design_1_cordic_0_0_c_addsub_v12_0_14_fabric_legacy_146
INFO: [VRFC 10-311] analyzing module design_1_cordic_0_0_c_addsub_v12_0_14_fabric_legacy_150
INFO: [VRFC 10-311] analyzing module design_1_cordic_0_0_c_addsub_v12_0_14_fabric_legacy_157
INFO: [VRFC 10-311] analyzing module design_1_cordic_0_0_c_addsub_v12_0_14_fabric_legacy_163
INFO: [VRFC 10-311] analyzing module design_1_cordic_0_0_c_addsub_v12_0_14_fabric_legacy_167
INFO: [VRFC 10-311] analyzing module design_1_cordic_0_0_c_addsub_v12_0_14_fabric_legacy_17
INFO: [VRFC 10-311] analyzing module design_1_cordic_0_0_c_addsub_v12_0_14_fabric_legacy_174
INFO: [VRFC 10-311] analyzing module design_1_cordic_0_0_c_addsub_v12_0_14_fabric_legacy_180
INFO: [VRFC 10-311] analyzing module design_1_cordic_0_0_c_addsub_v12_0_14_fabric_legacy_184
INFO: [VRFC 10-311] analyzing module design_1_cordic_0_0_c_addsub_v12_0_14_fabric_legacy_190
INFO: [VRFC 10-311] analyzing module design_1_cordic_0_0_c_addsub_v12_0_14_fabric_legacy_196
INFO: [VRFC 10-311] analyzing module design_1_cordic_0_0_c_addsub_v12_0_14_fabric_legacy_200
INFO: [VRFC 10-311] analyzing module design_1_cordic_0_0_c_addsub_v12_0_14_fabric_legacy_207
INFO: [VRFC 10-311] analyzing module design_1_cordic_0_0_c_addsub_v12_0_14_fabric_legacy_213
INFO: [VRFC 10-311] analyzing module design_1_cordic_0_0_c_addsub_v12_0_14_fabric_legacy_217
INFO: [VRFC 10-311] analyzing module design_1_cordic_0_0_c_addsub_v12_0_14_fabric_legacy_223
INFO: [VRFC 10-311] analyzing module design_1_cordic_0_0_c_addsub_v12_0_14_fabric_legacy_229
INFO: [VRFC 10-311] analyzing module design_1_cordic_0_0_c_addsub_v12_0_14_fabric_legacy_23
INFO: [VRFC 10-311] analyzing module design_1_cordic_0_0_c_addsub_v12_0_14_fabric_legacy_233
INFO: [VRFC 10-311] analyzing module design_1_cordic_0_0_c_addsub_v12_0_14_fabric_legacy_239
INFO: [VRFC 10-311] analyzing module design_1_cordic_0_0_c_addsub_v12_0_14_fabric_legacy_245
INFO: [VRFC 10-311] analyzing module design_1_cordic_0_0_c_addsub_v12_0_14_fabric_legacy_249
INFO: [VRFC 10-311] analyzing module design_1_cordic_0_0_c_addsub_v12_0_14_fabric_legacy_255
INFO: [VRFC 10-311] analyzing module design_1_cordic_0_0_c_addsub_v12_0_14_fabric_legacy_261
INFO: [VRFC 10-311] analyzing module design_1_cordic_0_0_c_addsub_v12_0_14_fabric_legacy_265
INFO: [VRFC 10-311] analyzing module design_1_cordic_0_0_c_addsub_v12_0_14_fabric_legacy_27
INFO: [VRFC 10-311] analyzing module design_1_cordic_0_0_c_addsub_v12_0_14_fabric_legacy_271
INFO: [VRFC 10-311] analyzing module design_1_cordic_0_0_c_addsub_v12_0_14_fabric_legacy_277
INFO: [VRFC 10-311] analyzing module design_1_cordic_0_0_c_addsub_v12_0_14_fabric_legacy_281
INFO: [VRFC 10-311] analyzing module design_1_cordic_0_0_c_addsub_v12_0_14_fabric_legacy_33
INFO: [VRFC 10-311] analyzing module design_1_cordic_0_0_c_addsub_v12_0_14_fabric_legacy_39
INFO: [VRFC 10-311] analyzing module design_1_cordic_0_0_c_addsub_v12_0_14_fabric_legacy_43
INFO: [VRFC 10-311] analyzing module design_1_cordic_0_0_c_addsub_v12_0_14_fabric_legacy_49
INFO: [VRFC 10-311] analyzing module design_1_cordic_0_0_c_addsub_v12_0_14_fabric_legacy_55
INFO: [VRFC 10-311] analyzing module design_1_cordic_0_0_c_addsub_v12_0_14_fabric_legacy_59
INFO: [VRFC 10-311] analyzing module design_1_cordic_0_0_c_addsub_v12_0_14_fabric_legacy_65
INFO: [VRFC 10-311] analyzing module design_1_cordic_0_0_c_addsub_v12_0_14_fabric_legacy_7
INFO: [VRFC 10-311] analyzing module design_1_cordic_0_0_c_addsub_v12_0_14_fabric_legacy_71
INFO: [VRFC 10-311] analyzing module design_1_cordic_0_0_c_addsub_v12_0_14_fabric_legacy_75
INFO: [VRFC 10-311] analyzing module design_1_cordic_0_0_c_addsub_v12_0_14_fabric_legacy_81
INFO: [VRFC 10-311] analyzing module design_1_cordic_0_0_c_addsub_v12_0_14_fabric_legacy_87
INFO: [VRFC 10-311] analyzing module design_1_cordic_0_0_c_addsub_v12_0_14_fabric_legacy_91
INFO: [VRFC 10-311] analyzing module design_1_cordic_0_0_c_addsub_v12_0_14_fabric_legacy_98
INFO: [VRFC 10-311] analyzing module design_1_cordic_0_0_c_addsub_v12_0_14_legacy
INFO: [VRFC 10-311] analyzing module design_1_cordic_0_0_c_addsub_v12_0_14_legacy_10
INFO: [VRFC 10-311] analyzing module design_1_cordic_0_0_c_addsub_v12_0_14_legacy_103
INFO: [VRFC 10-311] analyzing module design_1_cordic_0_0_c_addsub_v12_0_14_legacy_107
INFO: [VRFC 10-311] analyzing module design_1_cordic_0_0_c_addsub_v12_0_14_legacy_113
INFO: [VRFC 10-311] analyzing module design_1_cordic_0_0_c_addsub_v12_0_14_legacy_119
INFO: [VRFC 10-311] analyzing module design_1_cordic_0_0_c_addsub_v12_0_14_legacy_123
INFO: [VRFC 10-311] analyzing module design_1_cordic_0_0_c_addsub_v12_0_14_legacy_129
INFO: [VRFC 10-311] analyzing module design_1_cordic_0_0_c_addsub_v12_0_14_legacy_135
INFO: [VRFC 10-311] analyzing module design_1_cordic_0_0_c_addsub_v12_0_14_legacy_139
INFO: [VRFC 10-311] analyzing module design_1_cordic_0_0_c_addsub_v12_0_14_legacy_145
INFO: [VRFC 10-311] analyzing module design_1_cordic_0_0_c_addsub_v12_0_14_legacy_149
INFO: [VRFC 10-311] analyzing module design_1_cordic_0_0_c_addsub_v12_0_14_legacy_156
INFO: [VRFC 10-311] analyzing module design_1_cordic_0_0_c_addsub_v12_0_14_legacy_16
INFO: [VRFC 10-311] analyzing module design_1_cordic_0_0_c_addsub_v12_0_14_legacy_162
INFO: [VRFC 10-311] analyzing module design_1_cordic_0_0_c_addsub_v12_0_14_legacy_166
INFO: [VRFC 10-311] analyzing module design_1_cordic_0_0_c_addsub_v12_0_14_legacy_173
INFO: [VRFC 10-311] analyzing module design_1_cordic_0_0_c_addsub_v12_0_14_legacy_179
INFO: [VRFC 10-311] analyzing module design_1_cordic_0_0_c_addsub_v12_0_14_legacy_183
INFO: [VRFC 10-311] analyzing module design_1_cordic_0_0_c_addsub_v12_0_14_legacy_189
INFO: [VRFC 10-311] analyzing module design_1_cordic_0_0_c_addsub_v12_0_14_legacy_195
INFO: [VRFC 10-311] analyzing module design_1_cordic_0_0_c_addsub_v12_0_14_legacy_199
INFO: [VRFC 10-311] analyzing module design_1_cordic_0_0_c_addsub_v12_0_14_legacy_206
INFO: [VRFC 10-311] analyzing module design_1_cordic_0_0_c_addsub_v12_0_14_legacy_212
INFO: [VRFC 10-311] analyzing module design_1_cordic_0_0_c_addsub_v12_0_14_legacy_216
INFO: [VRFC 10-311] analyzing module design_1_cordic_0_0_c_addsub_v12_0_14_legacy_22
INFO: [VRFC 10-311] analyzing module design_1_cordic_0_0_c_addsub_v12_0_14_legacy_222
INFO: [VRFC 10-311] analyzing module design_1_cordic_0_0_c_addsub_v12_0_14_legacy_228
INFO: [VRFC 10-311] analyzing module design_1_cordic_0_0_c_addsub_v12_0_14_legacy_232
INFO: [VRFC 10-311] analyzing module design_1_cordic_0_0_c_addsub_v12_0_14_legacy_238
INFO: [VRFC 10-311] analyzing module design_1_cordic_0_0_c_addsub_v12_0_14_legacy_244
INFO: [VRFC 10-311] analyzing module design_1_cordic_0_0_c_addsub_v12_0_14_legacy_248
INFO: [VRFC 10-311] analyzing module design_1_cordic_0_0_c_addsub_v12_0_14_legacy_254
INFO: [VRFC 10-311] analyzing module design_1_cordic_0_0_c_addsub_v12_0_14_legacy_26
INFO: [VRFC 10-311] analyzing module design_1_cordic_0_0_c_addsub_v12_0_14_legacy_260
INFO: [VRFC 10-311] analyzing module design_1_cordic_0_0_c_addsub_v12_0_14_legacy_264
INFO: [VRFC 10-311] analyzing module design_1_cordic_0_0_c_addsub_v12_0_14_legacy_270
INFO: [VRFC 10-311] analyzing module design_1_cordic_0_0_c_addsub_v12_0_14_legacy_276
INFO: [VRFC 10-311] analyzing module design_1_cordic_0_0_c_addsub_v12_0_14_legacy_280
INFO: [VRFC 10-311] analyzing module design_1_cordic_0_0_c_addsub_v12_0_14_legacy_32
INFO: [VRFC 10-311] analyzing module design_1_cordic_0_0_c_addsub_v12_0_14_legacy_38
INFO: [VRFC 10-311] analyzing module design_1_cordic_0_0_c_addsub_v12_0_14_legacy_42
INFO: [VRFC 10-311] analyzing module design_1_cordic_0_0_c_addsub_v12_0_14_legacy_48
INFO: [VRFC 10-311] analyzing module design_1_cordic_0_0_c_addsub_v12_0_14_legacy_54
INFO: [VRFC 10-311] analyzing module design_1_cordic_0_0_c_addsub_v12_0_14_legacy_58
INFO: [VRFC 10-311] analyzing module design_1_cordic_0_0_c_addsub_v12_0_14_legacy_6
INFO: [VRFC 10-311] analyzing module design_1_cordic_0_0_c_addsub_v12_0_14_legacy_64
INFO: [VRFC 10-311] analyzing module design_1_cordic_0_0_c_addsub_v12_0_14_legacy_70
INFO: [VRFC 10-311] analyzing module design_1_cordic_0_0_c_addsub_v12_0_14_legacy_74
INFO: [VRFC 10-311] analyzing module design_1_cordic_0_0_c_addsub_v12_0_14_legacy_80
INFO: [VRFC 10-311] analyzing module design_1_cordic_0_0_c_addsub_v12_0_14_legacy_86
INFO: [VRFC 10-311] analyzing module design_1_cordic_0_0_c_addsub_v12_0_14_legacy_90
INFO: [VRFC 10-311] analyzing module design_1_cordic_0_0_c_addsub_v12_0_14_legacy_97
INFO: [VRFC 10-311] analyzing module design_1_cordic_0_0_c_addsub_v12_0_14_lut6_legacy
INFO: [VRFC 10-311] analyzing module design_1_cordic_0_0_c_addsub_v12_0_14_lut6_legacy_105
INFO: [VRFC 10-311] analyzing module design_1_cordic_0_0_c_addsub_v12_0_14_lut6_legacy_109
INFO: [VRFC 10-311] analyzing module design_1_cordic_0_0_c_addsub_v12_0_14_lut6_legacy_115
INFO: [VRFC 10-311] analyzing module design_1_cordic_0_0_c_addsub_v12_0_14_lut6_legacy_12
INFO: [VRFC 10-311] analyzing module design_1_cordic_0_0_c_addsub_v12_0_14_lut6_legacy_121
INFO: [VRFC 10-311] analyzing module design_1_cordic_0_0_c_addsub_v12_0_14_lut6_legacy_125
INFO: [VRFC 10-311] analyzing module design_1_cordic_0_0_c_addsub_v12_0_14_lut6_legacy_131
INFO: [VRFC 10-311] analyzing module design_1_cordic_0_0_c_addsub_v12_0_14_lut6_legacy_137
INFO: [VRFC 10-311] analyzing module design_1_cordic_0_0_c_addsub_v12_0_14_lut6_legacy_141
INFO: [VRFC 10-311] analyzing module design_1_cordic_0_0_c_addsub_v12_0_14_lut6_legacy_147
INFO: [VRFC 10-311] analyzing module design_1_cordic_0_0_c_addsub_v12_0_14_lut6_legacy_151
INFO: [VRFC 10-311] analyzing module design_1_cordic_0_0_c_addsub_v12_0_14_lut6_legacy_158
INFO: [VRFC 10-311] analyzing module design_1_cordic_0_0_c_addsub_v12_0_14_lut6_legacy_164
INFO: [VRFC 10-311] analyzing module design_1_cordic_0_0_c_addsub_v12_0_14_lut6_legacy_168
INFO: [VRFC 10-311] analyzing module design_1_cordic_0_0_c_addsub_v12_0_14_lut6_legacy_175
INFO: [VRFC 10-311] analyzing module design_1_cordic_0_0_c_addsub_v12_0_14_lut6_legacy_18
INFO: [VRFC 10-311] analyzing module design_1_cordic_0_0_c_addsub_v12_0_14_lut6_legacy_181
INFO: [VRFC 10-311] analyzing module design_1_cordic_0_0_c_addsub_v12_0_14_lut6_legacy_185
INFO: [VRFC 10-311] analyzing module design_1_cordic_0_0_c_addsub_v12_0_14_lut6_legacy_191
INFO: [VRFC 10-311] analyzing module design_1_cordic_0_0_c_addsub_v12_0_14_lut6_legacy_197
INFO: [VRFC 10-311] analyzing module design_1_cordic_0_0_c_addsub_v12_0_14_lut6_legacy_201
INFO: [VRFC 10-311] analyzing module design_1_cordic_0_0_c_addsub_v12_0_14_lut6_legacy_208
INFO: [VRFC 10-311] analyzing module design_1_cordic_0_0_c_addsub_v12_0_14_lut6_legacy_214
INFO: [VRFC 10-311] analyzing module design_1_cordic_0_0_c_addsub_v12_0_14_lut6_legacy_218
INFO: [VRFC 10-311] analyzing module design_1_cordic_0_0_c_addsub_v12_0_14_lut6_legacy_224
INFO: [VRFC 10-311] analyzing module design_1_cordic_0_0_c_addsub_v12_0_14_lut6_legacy_230
INFO: [VRFC 10-311] analyzing module design_1_cordic_0_0_c_addsub_v12_0_14_lut6_legacy_234
INFO: [VRFC 10-311] analyzing module design_1_cordic_0_0_c_addsub_v12_0_14_lut6_legacy_24
INFO: [VRFC 10-311] analyzing module design_1_cordic_0_0_c_addsub_v12_0_14_lut6_legacy_240
INFO: [VRFC 10-311] analyzing module design_1_cordic_0_0_c_addsub_v12_0_14_lut6_legacy_246
INFO: [VRFC 10-311] analyzing module design_1_cordic_0_0_c_addsub_v12_0_14_lut6_legacy_250
INFO: [VRFC 10-311] analyzing module design_1_cordic_0_0_c_addsub_v12_0_14_lut6_legacy_256
INFO: [VRFC 10-311] analyzing module design_1_cordic_0_0_c_addsub_v12_0_14_lut6_legacy_262
INFO: [VRFC 10-311] analyzing module design_1_cordic_0_0_c_addsub_v12_0_14_lut6_legacy_266
INFO: [VRFC 10-311] analyzing module design_1_cordic_0_0_c_addsub_v12_0_14_lut6_legacy_272
INFO: [VRFC 10-311] analyzing module design_1_cordic_0_0_c_addsub_v12_0_14_lut6_legacy_278
INFO: [VRFC 10-311] analyzing module design_1_cordic_0_0_c_addsub_v12_0_14_lut6_legacy_28
INFO: [VRFC 10-311] analyzing module design_1_cordic_0_0_c_addsub_v12_0_14_lut6_legacy_282
INFO: [VRFC 10-311] analyzing module design_1_cordic_0_0_c_addsub_v12_0_14_lut6_legacy_34
INFO: [VRFC 10-311] analyzing module design_1_cordic_0_0_c_addsub_v12_0_14_lut6_legacy_40
INFO: [VRFC 10-311] analyzing module design_1_cordic_0_0_c_addsub_v12_0_14_lut6_legacy_44
INFO: [VRFC 10-311] analyzing module design_1_cordic_0_0_c_addsub_v12_0_14_lut6_legacy_50
INFO: [VRFC 10-311] analyzing module design_1_cordic_0_0_c_addsub_v12_0_14_lut6_legacy_56
INFO: [VRFC 10-311] analyzing module design_1_cordic_0_0_c_addsub_v12_0_14_lut6_legacy_60
INFO: [VRFC 10-311] analyzing module design_1_cordic_0_0_c_addsub_v12_0_14_lut6_legacy_66
INFO: [VRFC 10-311] analyzing module design_1_cordic_0_0_c_addsub_v12_0_14_lut6_legacy_72
INFO: [VRFC 10-311] analyzing module design_1_cordic_0_0_c_addsub_v12_0_14_lut6_legacy_76
INFO: [VRFC 10-311] analyzing module design_1_cordic_0_0_c_addsub_v12_0_14_lut6_legacy_8
INFO: [VRFC 10-311] analyzing module design_1_cordic_0_0_c_addsub_v12_0_14_lut6_legacy_82
INFO: [VRFC 10-311] analyzing module design_1_cordic_0_0_c_addsub_v12_0_14_lut6_legacy_88
INFO: [VRFC 10-311] analyzing module design_1_cordic_0_0_c_addsub_v12_0_14_lut6_legacy_92
INFO: [VRFC 10-311] analyzing module design_1_cordic_0_0_c_addsub_v12_0_14_lut6_legacy_99
INFO: [VRFC 10-311] analyzing module design_1_cordic_0_0_c_addsub_v12_0_14_viv
INFO: [VRFC 10-311] analyzing module design_1_cordic_0_0_c_addsub_v12_0_14_viv__1
INFO: [VRFC 10-311] analyzing module design_1_cordic_0_0_c_addsub_v12_0_14_viv__10
INFO: [VRFC 10-311] analyzing module design_1_cordic_0_0_c_addsub_v12_0_14_viv__11
INFO: [VRFC 10-311] analyzing module design_1_cordic_0_0_c_addsub_v12_0_14_viv__12
INFO: [VRFC 10-311] analyzing module design_1_cordic_0_0_c_addsub_v12_0_14_viv__13
INFO: [VRFC 10-311] analyzing module design_1_cordic_0_0_c_addsub_v12_0_14_viv__14
INFO: [VRFC 10-311] analyzing module design_1_cordic_0_0_c_addsub_v12_0_14_viv__15
INFO: [VRFC 10-311] analyzing module design_1_cordic_0_0_c_addsub_v12_0_14_viv__16
INFO: [VRFC 10-311] analyzing module design_1_cordic_0_0_c_addsub_v12_0_14_viv__17
INFO: [VRFC 10-311] analyzing module design_1_cordic_0_0_c_addsub_v12_0_14_viv__18
INFO: [VRFC 10-311] analyzing module design_1_cordic_0_0_c_addsub_v12_0_14_viv__19
INFO: [VRFC 10-311] analyzing module design_1_cordic_0_0_c_addsub_v12_0_14_viv__2
INFO: [VRFC 10-311] analyzing module design_1_cordic_0_0_c_addsub_v12_0_14_viv__20
INFO: [VRFC 10-311] analyzing module design_1_cordic_0_0_c_addsub_v12_0_14_viv__21
INFO: [VRFC 10-311] analyzing module design_1_cordic_0_0_c_addsub_v12_0_14_viv__22
INFO: [VRFC 10-311] analyzing module design_1_cordic_0_0_c_addsub_v12_0_14_viv__23
INFO: [VRFC 10-311] analyzing module design_1_cordic_0_0_c_addsub_v12_0_14_viv__24
INFO: [VRFC 10-311] analyzing module design_1_cordic_0_0_c_addsub_v12_0_14_viv__25
INFO: [VRFC 10-311] analyzing module design_1_cordic_0_0_c_addsub_v12_0_14_viv__26
INFO: [VRFC 10-311] analyzing module design_1_cordic_0_0_c_addsub_v12_0_14_viv__27
INFO: [VRFC 10-311] analyzing module design_1_cordic_0_0_c_addsub_v12_0_14_viv__28
INFO: [VRFC 10-311] analyzing module design_1_cordic_0_0_c_addsub_v12_0_14_viv__29
INFO: [VRFC 10-311] analyzing module design_1_cordic_0_0_c_addsub_v12_0_14_viv__30
INFO: [VRFC 10-311] analyzing module design_1_cordic_0_0_c_addsub_v12_0_14_viv__31
INFO: [VRFC 10-311] analyzing module design_1_cordic_0_0_c_addsub_v12_0_14_viv__32
INFO: [VRFC 10-311] analyzing module design_1_cordic_0_0_c_addsub_v12_0_14_viv__33
INFO: [VRFC 10-311] analyzing module design_1_cordic_0_0_c_addsub_v12_0_14_viv__34
INFO: [VRFC 10-311] analyzing module design_1_cordic_0_0_c_addsub_v12_0_14_viv__35
INFO: [VRFC 10-311] analyzing module design_1_cordic_0_0_c_addsub_v12_0_14_viv__36
INFO: [VRFC 10-311] analyzing module design_1_cordic_0_0_c_addsub_v12_0_14_viv__37
INFO: [VRFC 10-311] analyzing module design_1_cordic_0_0_c_addsub_v12_0_14_viv__38
INFO: [VRFC 10-311] analyzing module design_1_cordic_0_0_c_addsub_v12_0_14_viv__39
INFO: [VRFC 10-311] analyzing module design_1_cordic_0_0_c_addsub_v12_0_14_viv__4
INFO: [VRFC 10-311] analyzing module design_1_cordic_0_0_c_addsub_v12_0_14_viv__40
INFO: [VRFC 10-311] analyzing module design_1_cordic_0_0_c_addsub_v12_0_14_viv__41
INFO: [VRFC 10-311] analyzing module design_1_cordic_0_0_c_addsub_v12_0_14_viv__42
INFO: [VRFC 10-311] analyzing module design_1_cordic_0_0_c_addsub_v12_0_14_viv__43
INFO: [VRFC 10-311] analyzing module design_1_cordic_0_0_c_addsub_v12_0_14_viv__44
INFO: [VRFC 10-311] analyzing module design_1_cordic_0_0_c_addsub_v12_0_14_viv__45
INFO: [VRFC 10-311] analyzing module design_1_cordic_0_0_c_addsub_v12_0_14_viv__46
INFO: [VRFC 10-311] analyzing module design_1_cordic_0_0_c_addsub_v12_0_14_viv__47
INFO: [VRFC 10-311] analyzing module design_1_cordic_0_0_c_addsub_v12_0_14_viv__48
INFO: [VRFC 10-311] analyzing module design_1_cordic_0_0_c_addsub_v12_0_14_viv__49
INFO: [VRFC 10-311] analyzing module design_1_cordic_0_0_c_addsub_v12_0_14_viv__5
INFO: [VRFC 10-311] analyzing module design_1_cordic_0_0_c_addsub_v12_0_14_viv__50
INFO: [VRFC 10-311] analyzing module design_1_cordic_0_0_c_addsub_v12_0_14_viv__51
INFO: [VRFC 10-311] analyzing module design_1_cordic_0_0_c_addsub_v12_0_14_viv__52
INFO: [VRFC 10-311] analyzing module design_1_cordic_0_0_c_addsub_v12_0_14_viv__53
INFO: [VRFC 10-311] analyzing module design_1_cordic_0_0_c_addsub_v12_0_14_viv__6
INFO: [VRFC 10-311] analyzing module design_1_cordic_0_0_c_addsub_v12_0_14_viv__7
INFO: [VRFC 10-311] analyzing module design_1_cordic_0_0_c_addsub_v12_0_14_viv__8
INFO: [VRFC 10-311] analyzing module design_1_cordic_0_0_c_addsub_v12_0_14_viv__9
INFO: [VRFC 10-311] analyzing module design_1_cordic_0_0_c_reg_fd_v12_0_6_viv
INFO: [VRFC 10-311] analyzing module design_1_cordic_0_0_c_reg_fd_v12_0_6_viv_100
INFO: [VRFC 10-311] analyzing module design_1_cordic_0_0_c_reg_fd_v12_0_6_viv_106
INFO: [VRFC 10-311] analyzing module design_1_cordic_0_0_c_reg_fd_v12_0_6_viv_110
INFO: [VRFC 10-311] analyzing module design_1_cordic_0_0_c_reg_fd_v12_0_6_viv_116
INFO: [VRFC 10-311] analyzing module design_1_cordic_0_0_c_reg_fd_v12_0_6_viv_122
INFO: [VRFC 10-311] analyzing module design_1_cordic_0_0_c_reg_fd_v12_0_6_viv_126
INFO: [VRFC 10-311] analyzing module design_1_cordic_0_0_c_reg_fd_v12_0_6_viv_13
INFO: [VRFC 10-311] analyzing module design_1_cordic_0_0_c_reg_fd_v12_0_6_viv_132
INFO: [VRFC 10-311] analyzing module design_1_cordic_0_0_c_reg_fd_v12_0_6_viv_138
INFO: [VRFC 10-311] analyzing module design_1_cordic_0_0_c_reg_fd_v12_0_6_viv_142
INFO: [VRFC 10-311] analyzing module design_1_cordic_0_0_c_reg_fd_v12_0_6_viv_148
INFO: [VRFC 10-311] analyzing module design_1_cordic_0_0_c_reg_fd_v12_0_6_viv_152
INFO: [VRFC 10-311] analyzing module design_1_cordic_0_0_c_reg_fd_v12_0_6_viv_159
INFO: [VRFC 10-311] analyzing module design_1_cordic_0_0_c_reg_fd_v12_0_6_viv_165
INFO: [VRFC 10-311] analyzing module design_1_cordic_0_0_c_reg_fd_v12_0_6_viv_169
INFO: [VRFC 10-311] analyzing module design_1_cordic_0_0_c_reg_fd_v12_0_6_viv_176
INFO: [VRFC 10-311] analyzing module design_1_cordic_0_0_c_reg_fd_v12_0_6_viv_182
INFO: [VRFC 10-311] analyzing module design_1_cordic_0_0_c_reg_fd_v12_0_6_viv_186
INFO: [VRFC 10-311] analyzing module design_1_cordic_0_0_c_reg_fd_v12_0_6_viv_19
INFO: [VRFC 10-311] analyzing module design_1_cordic_0_0_c_reg_fd_v12_0_6_viv_192
INFO: [VRFC 10-311] analyzing module design_1_cordic_0_0_c_reg_fd_v12_0_6_viv_198
INFO: [VRFC 10-311] analyzing module design_1_cordic_0_0_c_reg_fd_v12_0_6_viv_202
INFO: [VRFC 10-311] analyzing module design_1_cordic_0_0_c_reg_fd_v12_0_6_viv_209
INFO: [VRFC 10-311] analyzing module design_1_cordic_0_0_c_reg_fd_v12_0_6_viv_215
INFO: [VRFC 10-311] analyzing module design_1_cordic_0_0_c_reg_fd_v12_0_6_viv_219
INFO: [VRFC 10-311] analyzing module design_1_cordic_0_0_c_reg_fd_v12_0_6_viv_225
INFO: [VRFC 10-311] analyzing module design_1_cordic_0_0_c_reg_fd_v12_0_6_viv_231
INFO: [VRFC 10-311] analyzing module design_1_cordic_0_0_c_reg_fd_v12_0_6_viv_235
INFO: [VRFC 10-311] analyzing module design_1_cordic_0_0_c_reg_fd_v12_0_6_viv_241
INFO: [VRFC 10-311] analyzing module design_1_cordic_0_0_c_reg_fd_v12_0_6_viv_247
INFO: [VRFC 10-311] analyzing module design_1_cordic_0_0_c_reg_fd_v12_0_6_viv_25
INFO: [VRFC 10-311] analyzing module design_1_cordic_0_0_c_reg_fd_v12_0_6_viv_251
INFO: [VRFC 10-311] analyzing module design_1_cordic_0_0_c_reg_fd_v12_0_6_viv_257
INFO: [VRFC 10-311] analyzing module design_1_cordic_0_0_c_reg_fd_v12_0_6_viv_263
INFO: [VRFC 10-311] analyzing module design_1_cordic_0_0_c_reg_fd_v12_0_6_viv_267
INFO: [VRFC 10-311] analyzing module design_1_cordic_0_0_c_reg_fd_v12_0_6_viv_273
INFO: [VRFC 10-311] analyzing module design_1_cordic_0_0_c_reg_fd_v12_0_6_viv_279
INFO: [VRFC 10-311] analyzing module design_1_cordic_0_0_c_reg_fd_v12_0_6_viv_283
INFO: [VRFC 10-311] analyzing module design_1_cordic_0_0_c_reg_fd_v12_0_6_viv_29
INFO: [VRFC 10-311] analyzing module design_1_cordic_0_0_c_reg_fd_v12_0_6_viv_35
INFO: [VRFC 10-311] analyzing module design_1_cordic_0_0_c_reg_fd_v12_0_6_viv_41
INFO: [VRFC 10-311] analyzing module design_1_cordic_0_0_c_reg_fd_v12_0_6_viv_45
INFO: [VRFC 10-311] analyzing module design_1_cordic_0_0_c_reg_fd_v12_0_6_viv_51
INFO: [VRFC 10-311] analyzing module design_1_cordic_0_0_c_reg_fd_v12_0_6_viv_57
INFO: [VRFC 10-311] analyzing module design_1_cordic_0_0_c_reg_fd_v12_0_6_viv_61
INFO: [VRFC 10-311] analyzing module design_1_cordic_0_0_c_reg_fd_v12_0_6_viv_67
INFO: [VRFC 10-311] analyzing module design_1_cordic_0_0_c_reg_fd_v12_0_6_viv_73
INFO: [VRFC 10-311] analyzing module design_1_cordic_0_0_c_reg_fd_v12_0_6_viv_77
INFO: [VRFC 10-311] analyzing module design_1_cordic_0_0_c_reg_fd_v12_0_6_viv_83
INFO: [VRFC 10-311] analyzing module design_1_cordic_0_0_c_reg_fd_v12_0_6_viv_89
INFO: [VRFC 10-311] analyzing module design_1_cordic_0_0_c_reg_fd_v12_0_6_viv_9
INFO: [VRFC 10-311] analyzing module design_1_cordic_0_0_c_reg_fd_v12_0_6_viv_93
INFO: [VRFC 10-311] analyzing module design_1_cordic_0_0_cordic_ctrl_slice_par
INFO: [VRFC 10-311] analyzing module design_1_cordic_0_0_cordic_ctrl_slice_par_153
INFO: [VRFC 10-311] analyzing module design_1_cordic_0_0_cordic_dat_acc_slice_par
INFO: [VRFC 10-311] analyzing module design_1_cordic_0_0_cordic_dat_acc_slice_par__parameterized1
INFO: [VRFC 10-311] analyzing module design_1_cordic_0_0_cordic_dat_acc_slice_par__parameterized11
INFO: [VRFC 10-311] analyzing module design_1_cordic_0_0_cordic_dat_acc_slice_par__parameterized13
INFO: [VRFC 10-311] analyzing module design_1_cordic_0_0_cordic_dat_acc_slice_par__parameterized15
INFO: [VRFC 10-311] analyzing module design_1_cordic_0_0_cordic_dat_acc_slice_par__parameterized17
INFO: [VRFC 10-311] analyzing module design_1_cordic_0_0_cordic_dat_acc_slice_par__parameterized19
INFO: [VRFC 10-311] analyzing module design_1_cordic_0_0_cordic_dat_acc_slice_par__parameterized21
INFO: [VRFC 10-311] analyzing module design_1_cordic_0_0_cordic_dat_acc_slice_par__parameterized23
INFO: [VRFC 10-311] analyzing module design_1_cordic_0_0_cordic_dat_acc_slice_par__parameterized23_203
INFO: [VRFC 10-311] analyzing module design_1_cordic_0_0_cordic_dat_acc_slice_par__parameterized25
INFO: [VRFC 10-311] analyzing module design_1_cordic_0_0_cordic_dat_acc_slice_par__parameterized27
INFO: [VRFC 10-311] analyzing module design_1_cordic_0_0_cordic_dat_acc_slice_par__parameterized29
INFO: [VRFC 10-311] analyzing module design_1_cordic_0_0_cordic_dat_acc_slice_par__parameterized3
INFO: [VRFC 10-311] analyzing module design_1_cordic_0_0_cordic_dat_acc_slice_par__parameterized5
INFO: [VRFC 10-311] analyzing module design_1_cordic_0_0_cordic_dat_acc_slice_par__parameterized5_94
INFO: [VRFC 10-311] analyzing module design_1_cordic_0_0_cordic_dat_acc_slice_par__parameterized7
INFO: [VRFC 10-311] analyzing module design_1_cordic_0_0_cordic_dat_acc_slice_par__parameterized9
INFO: [VRFC 10-311] analyzing module design_1_cordic_0_0_cordic_eng
INFO: [VRFC 10-311] analyzing module design_1_cordic_0_0_cordic_eng_slice_par
INFO: [VRFC 10-311] analyzing module design_1_cordic_0_0_cordic_eng_slice_par__parameterized1
INFO: [VRFC 10-311] analyzing module design_1_cordic_0_0_cordic_eng_slice_par__parameterized11
INFO: [VRFC 10-311] analyzing module design_1_cordic_0_0_cordic_eng_slice_par__parameterized13
INFO: [VRFC 10-311] analyzing module design_1_cordic_0_0_cordic_eng_slice_par__parameterized15
INFO: [VRFC 10-311] analyzing module design_1_cordic_0_0_cordic_eng_slice_par__parameterized17
INFO: [VRFC 10-311] analyzing module design_1_cordic_0_0_cordic_eng_slice_par__parameterized19
INFO: [VRFC 10-311] analyzing module design_1_cordic_0_0_cordic_eng_slice_par__parameterized21
INFO: [VRFC 10-311] analyzing module design_1_cordic_0_0_cordic_eng_slice_par__parameterized23
INFO: [VRFC 10-311] analyzing module design_1_cordic_0_0_cordic_eng_slice_par__parameterized23_2
INFO: [VRFC 10-311] analyzing module design_1_cordic_0_0_cordic_eng_slice_par__parameterized25
INFO: [VRFC 10-311] analyzing module design_1_cordic_0_0_cordic_eng_slice_par__parameterized27
INFO: [VRFC 10-311] analyzing module design_1_cordic_0_0_cordic_eng_slice_par__parameterized29
INFO: [VRFC 10-311] analyzing module design_1_cordic_0_0_cordic_eng_slice_par__parameterized3
INFO: [VRFC 10-311] analyzing module design_1_cordic_0_0_cordic_eng_slice_par__parameterized5
INFO: [VRFC 10-311] analyzing module design_1_cordic_0_0_cordic_eng_slice_par__parameterized5_3
INFO: [VRFC 10-311] analyzing module design_1_cordic_0_0_cordic_eng_slice_par__parameterized7
INFO: [VRFC 10-311] analyzing module design_1_cordic_0_0_cordic_eng_slice_par__parameterized9
INFO: [VRFC 10-311] analyzing module design_1_cordic_0_0_cordic_inp_config
INFO: [VRFC 10-311] analyzing module design_1_cordic_0_0_cordic_out_config
INFO: [VRFC 10-311] analyzing module design_1_cordic_0_0_cordic_pha_acc_slice_par
INFO: [VRFC 10-311] analyzing module design_1_cordic_0_0_cordic_pha_acc_slice_par_111
INFO: [VRFC 10-311] analyzing module design_1_cordic_0_0_cordic_pha_acc_slice_par_127
INFO: [VRFC 10-311] analyzing module design_1_cordic_0_0_cordic_pha_acc_slice_par_14
INFO: [VRFC 10-311] analyzing module design_1_cordic_0_0_cordic_pha_acc_slice_par_154
INFO: [VRFC 10-311] analyzing module design_1_cordic_0_0_cordic_pha_acc_slice_par_171
INFO: [VRFC 10-311] analyzing module design_1_cordic_0_0_cordic_pha_acc_slice_par_187
INFO: [VRFC 10-311] analyzing module design_1_cordic_0_0_cordic_pha_acc_slice_par_204
INFO: [VRFC 10-311] analyzing module design_1_cordic_0_0_cordic_pha_acc_slice_par_220
INFO: [VRFC 10-311] analyzing module design_1_cordic_0_0_cordic_pha_acc_slice_par_236
INFO: [VRFC 10-311] analyzing module design_1_cordic_0_0_cordic_pha_acc_slice_par_252
INFO: [VRFC 10-311] analyzing module design_1_cordic_0_0_cordic_pha_acc_slice_par_268
INFO: [VRFC 10-311] analyzing module design_1_cordic_0_0_cordic_pha_acc_slice_par_30
INFO: [VRFC 10-311] analyzing module design_1_cordic_0_0_cordic_pha_acc_slice_par_46
INFO: [VRFC 10-311] analyzing module design_1_cordic_0_0_cordic_pha_acc_slice_par_62
INFO: [VRFC 10-311] analyzing module design_1_cordic_0_0_cordic_pha_acc_slice_par_78
INFO: [VRFC 10-311] analyzing module design_1_cordic_0_0_cordic_pha_acc_slice_par_95
INFO: [VRFC 10-311] analyzing module design_1_cordic_0_0_cordic_round
INFO: [VRFC 10-311] analyzing module design_1_cordic_0_0_cordic_round_0
INFO: [VRFC 10-311] analyzing module design_1_cordic_0_0_cordic_v6_0_18
INFO: [VRFC 10-311] analyzing module design_1_cordic_0_0_cordic_v6_0_18_synth
INFO: [VRFC 10-311] analyzing module design_1_cordic_0_0_cordic_v6_0_18_viv
INFO: [VRFC 10-311] analyzing module design_1_cordic_0_0_delay__parameterized2
INFO: [VRFC 10-311] analyzing module design_1_cordic_0_0_delay__parameterized2_170
INFO: [VRFC 10-311] analyzing module design_1_cordic_0_0_delay__parameterized4
INFO: [VRFC 10-311] analyzing module design_1_cordic_0_0_delay__parameterized4_1
INFO: [VRFC 10-311] analyzing module design_1_cordic_0_0_xbip_pipe_v3_0_6_viv
INFO: [VRFC 10-311] analyzing module design_1_div_0_0_carry_chain
INFO: [VRFC 10-311] analyzing module design_1_div_0_0_carry_chain_100
INFO: [VRFC 10-311] analyzing module design_1_div_0_0_carry_chain_105
INFO: [VRFC 10-311] analyzing module design_1_div_0_0_carry_chain_109
INFO: [VRFC 10-311] analyzing module design_1_div_0_0_carry_chain_115
INFO: [VRFC 10-311] analyzing module design_1_div_0_0_carry_chain_120
INFO: [VRFC 10-311] analyzing module design_1_div_0_0_carry_chain_130
INFO: [VRFC 10-311] analyzing module design_1_div_0_0_carry_chain_135
INFO: [VRFC 10-311] analyzing module design_1_div_0_0_carry_chain_140
INFO: [VRFC 10-311] analyzing module design_1_div_0_0_carry_chain_145
INFO: [VRFC 10-311] analyzing module design_1_div_0_0_carry_chain_150
INFO: [VRFC 10-311] analyzing module design_1_div_0_0_carry_chain_151
INFO: [VRFC 10-311] analyzing module design_1_div_0_0_carry_chain_95
INFO: [VRFC 10-311] analyzing module design_1_div_0_0_carry_chain__parameterized0
INFO: [VRFC 10-311] analyzing module design_1_div_0_0_carry_chain__parameterized0_102
INFO: [VRFC 10-311] analyzing module design_1_div_0_0_carry_chain__parameterized0_106
INFO: [VRFC 10-311] analyzing module design_1_div_0_0_carry_chain__parameterized0_112
INFO: [VRFC 10-311] analyzing module design_1_div_0_0_carry_chain__parameterized0_117
INFO: [VRFC 10-311] analyzing module design_1_div_0_0_carry_chain__parameterized0_123
INFO: [VRFC 10-311] analyzing module design_1_div_0_0_carry_chain__parameterized0_127
INFO: [VRFC 10-311] analyzing module design_1_div_0_0_carry_chain__parameterized0_132
INFO: [VRFC 10-311] analyzing module design_1_div_0_0_carry_chain__parameterized0_137
INFO: [VRFC 10-311] analyzing module design_1_div_0_0_carry_chain__parameterized0_142
INFO: [VRFC 10-311] analyzing module design_1_div_0_0_carry_chain__parameterized0_147
INFO: [VRFC 10-311] analyzing module design_1_div_0_0_carry_chain__parameterized0_92
INFO: [VRFC 10-311] analyzing module design_1_div_0_0_carry_chain__parameterized0_97
INFO: [VRFC 10-311] analyzing module design_1_div_0_0_carry_chain__parameterized1
INFO: [VRFC 10-311] analyzing module design_1_div_0_0_carry_chain__parameterized1_27
INFO: [VRFC 10-311] analyzing module design_1_div_0_0_carry_chain__parameterized1_53
INFO: [VRFC 10-311] analyzing module design_1_div_0_0_carry_chain__parameterized2
INFO: [VRFC 10-311] analyzing module design_1_div_0_0_carry_chain__parameterized3
INFO: [VRFC 10-311] analyzing module design_1_div_0_0_carry_chain__parameterized4
INFO: [VRFC 10-311] analyzing module design_1_div_0_0_carry_chain__parameterized5
INFO: [VRFC 10-311] analyzing module design_1_div_0_0_carry_chain__parameterized5_16
INFO: [VRFC 10-311] analyzing module design_1_div_0_0_carry_chain__parameterized6
INFO: [VRFC 10-311] analyzing module design_1_div_0_0_carry_chain__parameterized6_38
INFO: [VRFC 10-311] analyzing module design_1_div_0_0_carry_chain__parameterized6_39
INFO: [VRFC 10-311] analyzing module design_1_div_0_0_carry_chain__parameterized6_5
INFO: [VRFC 10-311] analyzing module design_1_div_0_0_carry_chain__parameterized7
INFO: [VRFC 10-311] analyzing module design_1_div_0_0_carry_chain__parameterized7_24
INFO: [VRFC 10-311] analyzing module design_1_div_0_0_carry_chain__parameterized8
INFO: [VRFC 10-311] analyzing module design_1_div_0_0_carry_chain__parameterized8_25
INFO: [VRFC 10-311] analyzing module design_1_div_0_0_delay__parameterized13
INFO: [VRFC 10-311] analyzing module design_1_div_0_0_delay__parameterized13_153
INFO: [VRFC 10-311] analyzing module design_1_div_0_0_delay__parameterized14
INFO: [VRFC 10-311] analyzing module design_1_div_0_0_delay__parameterized15
INFO: [VRFC 10-311] analyzing module design_1_div_0_0_delay__parameterized15_152
INFO: [VRFC 10-311] analyzing module design_1_div_0_0_delay__parameterized15_30
INFO: [VRFC 10-311] analyzing module design_1_div_0_0_delay__parameterized15_40
INFO: [VRFC 10-311] analyzing module design_1_div_0_0_delay__parameterized15_42
INFO: [VRFC 10-311] analyzing module design_1_div_0_0_delay__parameterized15_6
INFO: [VRFC 10-311] analyzing module design_1_div_0_0_delay__parameterized15_8
INFO: [VRFC 10-311] analyzing module design_1_div_0_0_delay__parameterized16
INFO: [VRFC 10-311] analyzing module design_1_div_0_0_delay__parameterized18
INFO: [VRFC 10-311] analyzing module design_1_div_0_0_delay__parameterized19
INFO: [VRFC 10-311] analyzing module design_1_div_0_0_delay__parameterized20
INFO: [VRFC 10-311] analyzing module design_1_div_0_0_delay__parameterized21
INFO: [VRFC 10-311] analyzing module design_1_div_0_0_delay__parameterized22
INFO: [VRFC 10-311] analyzing module design_1_div_0_0_delay__parameterized3
INFO: [VRFC 10-311] analyzing module design_1_div_0_0_delay__parameterized33
INFO: [VRFC 10-311] analyzing module design_1_div_0_0_delay__parameterized33_46
INFO: [VRFC 10-311] analyzing module design_1_div_0_0_delay__parameterized34
INFO: [VRFC 10-311] analyzing module design_1_div_0_0_delay__parameterized34_1
INFO: [VRFC 10-311] analyzing module design_1_div_0_0_delay__parameterized34_22
INFO: [VRFC 10-311] analyzing module design_1_div_0_0_delay__parameterized34_28
INFO: [VRFC 10-311] analyzing module design_1_div_0_0_delay__parameterized36
INFO: [VRFC 10-311] analyzing module design_1_div_0_0_delay__parameterized36_3
INFO: [VRFC 10-311] analyzing module design_1_div_0_0_delay__parameterized36_34
INFO: [VRFC 10-311] analyzing module design_1_div_0_0_delay__parameterized36_35
INFO: [VRFC 10-311] analyzing module design_1_div_0_0_delay__parameterized37
INFO: [VRFC 10-311] analyzing module design_1_div_0_0_delay__parameterized37_31
INFO: [VRFC 10-311] analyzing module design_1_div_0_0_delay__parameterized3_57
INFO: [VRFC 10-311] analyzing module design_1_div_0_0_delay__parameterized3_60
INFO: [VRFC 10-311] analyzing module design_1_div_0_0_delay__parameterized3_63
INFO: [VRFC 10-311] analyzing module design_1_div_0_0_delay__parameterized3_66
INFO: [VRFC 10-311] analyzing module design_1_div_0_0_delay__parameterized3_68
INFO: [VRFC 10-311] analyzing module design_1_div_0_0_delay__parameterized3_71
INFO: [VRFC 10-311] analyzing module design_1_div_0_0_delay__parameterized3_74
INFO: [VRFC 10-311] analyzing module design_1_div_0_0_delay__parameterized3_81
INFO: [VRFC 10-311] analyzing module design_1_div_0_0_delay__parameterized3_84
INFO: [VRFC 10-311] analyzing module design_1_div_0_0_delay__parameterized3_87
INFO: [VRFC 10-311] analyzing module design_1_div_0_0_delay__parameterized3_90
INFO: [VRFC 10-311] analyzing module design_1_div_0_0_delay__parameterized40
INFO: [VRFC 10-311] analyzing module design_1_div_0_0_delay__parameterized40_49
INFO: [VRFC 10-311] analyzing module design_1_div_0_0_delay__parameterized41
INFO: [VRFC 10-311] analyzing module design_1_div_0_0_delay__parameterized41_48
INFO: [VRFC 10-311] analyzing module design_1_div_0_0_delay__parameterized6
INFO: [VRFC 10-311] analyzing module design_1_div_0_0_delay__parameterized6_103
INFO: [VRFC 10-311] analyzing module design_1_div_0_0_delay__parameterized6_107
INFO: [VRFC 10-311] analyzing module design_1_div_0_0_delay__parameterized6_113
INFO: [VRFC 10-311] analyzing module design_1_div_0_0_delay__parameterized6_118
INFO: [VRFC 10-311] analyzing module design_1_div_0_0_delay__parameterized6_124
INFO: [VRFC 10-311] analyzing module design_1_div_0_0_delay__parameterized6_128
INFO: [VRFC 10-311] analyzing module design_1_div_0_0_delay__parameterized6_133
INFO: [VRFC 10-311] analyzing module design_1_div_0_0_delay__parameterized6_138
INFO: [VRFC 10-311] analyzing module design_1_div_0_0_delay__parameterized6_143
INFO: [VRFC 10-311] analyzing module design_1_div_0_0_delay__parameterized6_148
INFO: [VRFC 10-311] analyzing module design_1_div_0_0_delay__parameterized6_93
INFO: [VRFC 10-311] analyzing module design_1_div_0_0_delay__parameterized6_98
INFO: [VRFC 10-311] analyzing module design_1_div_0_0_delay__parameterized7
INFO: [VRFC 10-311] analyzing module design_1_div_0_0_delay__parameterized7_75
INFO: [VRFC 10-311] analyzing module design_1_div_0_0_delay__parameterized7_78
INFO: [VRFC 10-311] analyzing module design_1_div_0_0_delay__parameterized9
INFO: [VRFC 10-311] analyzing module design_1_div_0_0_fix_to_flt_conv
INFO: [VRFC 10-311] analyzing module design_1_div_0_0_fix_to_flt_conv_13
INFO: [VRFC 10-311] analyzing module design_1_div_0_0_fix_to_flt_conv_exp
INFO: [VRFC 10-311] analyzing module design_1_div_0_0_fix_to_flt_conv_exp_15
INFO: [VRFC 10-311] analyzing module design_1_div_0_0_floating_point_v7_1_15
INFO: [VRFC 10-311] analyzing module design_1_div_0_0_floating_point_v7_1_15__parameterized0
INFO: [VRFC 10-311] analyzing module design_1_div_0_0_floating_point_v7_1_15__parameterized0__1
INFO: [VRFC 10-311] analyzing module design_1_div_0_0_floating_point_v7_1_15_viv
INFO: [VRFC 10-311] analyzing module design_1_div_0_0_floating_point_v7_1_15_viv__parameterized1
INFO: [VRFC 10-311] analyzing module design_1_div_0_0_floating_point_v7_1_15_viv__parameterized1__1
INFO: [VRFC 10-311] analyzing module design_1_div_0_0_flt_dec_op
INFO: [VRFC 10-311] analyzing module design_1_div_0_0_flt_dec_op_20
INFO: [VRFC 10-311] analyzing module design_1_div_0_0_flt_dec_op_lat
INFO: [VRFC 10-311] analyzing module design_1_div_0_0_flt_div
INFO: [VRFC 10-311] analyzing module design_1_div_0_0_flt_div_exp
INFO: [VRFC 10-311] analyzing module design_1_div_0_0_flt_div_mant
INFO: [VRFC 10-311] analyzing module design_1_div_0_0_flt_div_mant_addsub
INFO: [VRFC 10-311] analyzing module design_1_div_0_0_flt_div_mant_addsub_54
INFO: [VRFC 10-311] analyzing module design_1_div_0_0_flt_div_mant_addsub_55
INFO: [VRFC 10-311] analyzing module design_1_div_0_0_flt_div_mant_addsub_58
INFO: [VRFC 10-311] analyzing module design_1_div_0_0_flt_div_mant_addsub_61
INFO: [VRFC 10-311] analyzing module design_1_div_0_0_flt_div_mant_addsub_64
INFO: [VRFC 10-311] analyzing module design_1_div_0_0_flt_div_mant_addsub_69
INFO: [VRFC 10-311] analyzing module design_1_div_0_0_flt_div_mant_addsub_72
INFO: [VRFC 10-311] analyzing module design_1_div_0_0_flt_div_mant_addsub_76
INFO: [VRFC 10-311] analyzing module design_1_div_0_0_flt_div_mant_addsub_79
INFO: [VRFC 10-311] analyzing module design_1_div_0_0_flt_div_mant_addsub_82
INFO: [VRFC 10-311] analyzing module design_1_div_0_0_flt_div_mant_addsub_85
INFO: [VRFC 10-311] analyzing module design_1_div_0_0_flt_div_mant_addsub_88
INFO: [VRFC 10-311] analyzing module design_1_div_0_0_flt_div_mant_addsub__parameterized0
INFO: [VRFC 10-311] analyzing module design_1_div_0_0_flt_div_mant_addsub__parameterized0_56
INFO: [VRFC 10-311] analyzing module design_1_div_0_0_flt_div_mant_addsub__parameterized0_59
INFO: [VRFC 10-311] analyzing module design_1_div_0_0_flt_div_mant_addsub__parameterized0_62
INFO: [VRFC 10-311] analyzing module design_1_div_0_0_flt_div_mant_addsub__parameterized0_65
INFO: [VRFC 10-311] analyzing module design_1_div_0_0_flt_div_mant_addsub__parameterized0_67
INFO: [VRFC 10-311] analyzing module design_1_div_0_0_flt_div_mant_addsub__parameterized0_70
INFO: [VRFC 10-311] analyzing module design_1_div_0_0_flt_div_mant_addsub__parameterized0_73
INFO: [VRFC 10-311] analyzing module design_1_div_0_0_flt_div_mant_addsub__parameterized0_77
INFO: [VRFC 10-311] analyzing module design_1_div_0_0_flt_div_mant_addsub__parameterized0_80
INFO: [VRFC 10-311] analyzing module design_1_div_0_0_flt_div_mant_addsub__parameterized0_83
INFO: [VRFC 10-311] analyzing module design_1_div_0_0_flt_div_mant_addsub__parameterized0_86
INFO: [VRFC 10-311] analyzing module design_1_div_0_0_flt_div_mant_addsub__parameterized0_89
INFO: [VRFC 10-311] analyzing module design_1_div_0_0_flt_round_bit
INFO: [VRFC 10-311] analyzing module design_1_div_0_0_flt_round_bit_26
INFO: [VRFC 10-311] analyzing module design_1_div_0_0_flt_round_bit_52
INFO: [VRFC 10-311] analyzing module design_1_div_0_0_lead_zero_encode
INFO: [VRFC 10-311] analyzing module design_1_div_0_0_lead_zero_encode_17
INFO: [VRFC 10-311] analyzing module design_1_div_0_0_mux4__parameterized0
INFO: [VRFC 10-311] analyzing module design_1_div_0_0_mux4__parameterized0_36
INFO: [VRFC 10-311] analyzing module design_1_div_0_0_mux4__parameterized0_37
INFO: [VRFC 10-311] analyzing module design_1_div_0_0_mux4__parameterized0_4
INFO: [VRFC 10-311] analyzing module design_1_div_0_0_norm_zero_det
INFO: [VRFC 10-311] analyzing module design_1_div_0_0_norm_zero_det_18
INFO: [VRFC 10-311] analyzing module design_1_div_0_0_renorm_and_round_logic
INFO: [VRFC 10-311] analyzing module design_1_div_0_0_renorm_and_round_logic__parameterized0
INFO: [VRFC 10-311] analyzing module design_1_div_0_0_renorm_and_round_logic__parameterized0_21
INFO: [VRFC 10-311] analyzing module design_1_div_0_0_shift_msb_first
INFO: [VRFC 10-311] analyzing module design_1_div_0_0_shift_msb_first_19
INFO: [VRFC 10-311] analyzing module design_1_div_0_0_xbip_pipe_v3_0_6_viv
INFO: [VRFC 10-311] analyzing module design_1_div_0_0_xbip_pipe_v3_0_6_viv__parameterized13
INFO: [VRFC 10-311] analyzing module design_1_div_0_0_xbip_pipe_v3_0_6_viv__parameterized13_104
INFO: [VRFC 10-311] analyzing module design_1_div_0_0_xbip_pipe_v3_0_6_viv__parameterized13_108
INFO: [VRFC 10-311] analyzing module design_1_div_0_0_xbip_pipe_v3_0_6_viv__parameterized13_114
INFO: [VRFC 10-311] analyzing module design_1_div_0_0_xbip_pipe_v3_0_6_viv__parameterized13_119
INFO: [VRFC 10-311] analyzing module design_1_div_0_0_xbip_pipe_v3_0_6_viv__parameterized13_125
INFO: [VRFC 10-311] analyzing module design_1_div_0_0_xbip_pipe_v3_0_6_viv__parameterized13_129
INFO: [VRFC 10-311] analyzing module design_1_div_0_0_xbip_pipe_v3_0_6_viv__parameterized13_134
INFO: [VRFC 10-311] analyzing module design_1_div_0_0_xbip_pipe_v3_0_6_viv__parameterized13_139
INFO: [VRFC 10-311] analyzing module design_1_div_0_0_xbip_pipe_v3_0_6_viv__parameterized13_144
INFO: [VRFC 10-311] analyzing module design_1_div_0_0_xbip_pipe_v3_0_6_viv__parameterized13_149
INFO: [VRFC 10-311] analyzing module design_1_div_0_0_xbip_pipe_v3_0_6_viv__parameterized13_94
INFO: [VRFC 10-311] analyzing module design_1_div_0_0_xbip_pipe_v3_0_6_viv__parameterized13_99
INFO: [VRFC 10-311] analyzing module design_1_div_0_0_xbip_pipe_v3_0_6_viv__parameterized15
INFO: [VRFC 10-311] analyzing module design_1_div_0_0_xbip_pipe_v3_0_6_viv__parameterized15_110
INFO: [VRFC 10-311] analyzing module design_1_div_0_0_xbip_pipe_v3_0_6_viv__parameterized15_121
INFO: [VRFC 10-311] analyzing module design_1_div_0_0_xbip_pipe_v3_0_6_viv__parameterized17
INFO: [VRFC 10-311] analyzing module design_1_div_0_0_xbip_pipe_v3_0_6_viv__parameterized17_51
INFO: [VRFC 10-311] analyzing module design_1_div_0_0_xbip_pipe_v3_0_6_viv__parameterized19
INFO: [VRFC 10-311] analyzing module design_1_div_0_0_xbip_pipe_v3_0_6_viv__parameterized23
INFO: [VRFC 10-311] analyzing module design_1_div_0_0_xbip_pipe_v3_0_6_viv__parameterized23_155
INFO: [VRFC 10-311] analyzing module design_1_div_0_0_xbip_pipe_v3_0_6_viv__parameterized23_157
INFO: [VRFC 10-311] analyzing module design_1_div_0_0_xbip_pipe_v3_0_6_viv__parameterized25
INFO: [VRFC 10-311] analyzing module design_1_div_0_0_xbip_pipe_v3_0_6_viv__parameterized27
INFO: [VRFC 10-311] analyzing module design_1_div_0_0_xbip_pipe_v3_0_6_viv__parameterized27_154
INFO: [VRFC 10-311] analyzing module design_1_div_0_0_xbip_pipe_v3_0_6_viv__parameterized27_33
INFO: [VRFC 10-311] analyzing module design_1_div_0_0_xbip_pipe_v3_0_6_viv__parameterized27_41
INFO: [VRFC 10-311] analyzing module design_1_div_0_0_xbip_pipe_v3_0_6_viv__parameterized27_43
INFO: [VRFC 10-311] analyzing module design_1_div_0_0_xbip_pipe_v3_0_6_viv__parameterized27_7
INFO: [VRFC 10-311] analyzing module design_1_div_0_0_xbip_pipe_v3_0_6_viv__parameterized27_9
INFO: [VRFC 10-311] analyzing module design_1_div_0_0_xbip_pipe_v3_0_6_viv__parameterized31
INFO: [VRFC 10-311] analyzing module design_1_div_0_0_xbip_pipe_v3_0_6_viv__parameterized33
INFO: [VRFC 10-311] analyzing module design_1_div_0_0_xbip_pipe_v3_0_6_viv__parameterized33_156
INFO: [VRFC 10-311] analyzing module design_1_div_0_0_xbip_pipe_v3_0_6_viv__parameterized35
INFO: [VRFC 10-311] analyzing module design_1_div_0_0_xbip_pipe_v3_0_6_viv__parameterized37
INFO: [VRFC 10-311] analyzing module design_1_div_0_0_xbip_pipe_v3_0_6_viv__parameterized52
INFO: [VRFC 10-311] analyzing module design_1_div_0_0_xbip_pipe_v3_0_6_viv__parameterized52_14
INFO: [VRFC 10-311] analyzing module design_1_div_0_0_xbip_pipe_v3_0_6_viv__parameterized56
INFO: [VRFC 10-311] analyzing module design_1_div_0_0_xbip_pipe_v3_0_6_viv__parameterized56_11
INFO: [VRFC 10-311] analyzing module design_1_div_0_0_xbip_pipe_v3_0_6_viv__parameterized56_2
INFO: [VRFC 10-311] analyzing module design_1_div_0_0_xbip_pipe_v3_0_6_viv__parameterized56_23
INFO: [VRFC 10-311] analyzing module design_1_div_0_0_xbip_pipe_v3_0_6_viv__parameterized56_29
INFO: [VRFC 10-311] analyzing module design_1_div_0_0_xbip_pipe_v3_0_6_viv__parameterized56_47
INFO: [VRFC 10-311] analyzing module design_1_div_0_0_xbip_pipe_v3_0_6_viv__parameterized60
INFO: [VRFC 10-311] analyzing module design_1_div_0_0_xbip_pipe_v3_0_6_viv__parameterized60_10
INFO: [VRFC 10-311] analyzing module design_1_div_0_0_xbip_pipe_v3_0_6_viv__parameterized60_44
INFO: [VRFC 10-311] analyzing module design_1_div_0_0_xbip_pipe_v3_0_6_viv__parameterized60_45
INFO: [VRFC 10-311] analyzing module design_1_div_0_0_xbip_pipe_v3_0_6_viv__parameterized62
INFO: [VRFC 10-311] analyzing module design_1_div_0_0_xbip_pipe_v3_0_6_viv__parameterized62_32
INFO: [VRFC 10-311] analyzing module design_1_div_0_0_xbip_pipe_v3_0_6_viv__parameterized68
INFO: [VRFC 10-311] analyzing module design_1_div_0_0_xbip_pipe_v3_0_6_viv__parameterized68_50
INFO: [VRFC 10-311] analyzing module design_1_div_0_0_xbip_pipe_v3_0_6_viv__parameterized9
INFO: [VRFC 10-311] analyzing module design_1_div_0_0_xbip_pipe_v3_0_6_viv__parameterized9_101
INFO: [VRFC 10-311] analyzing module design_1_div_0_0_xbip_pipe_v3_0_6_viv__parameterized9_111
INFO: [VRFC 10-311] analyzing module design_1_div_0_0_xbip_pipe_v3_0_6_viv__parameterized9_116
INFO: [VRFC 10-311] analyzing module design_1_div_0_0_xbip_pipe_v3_0_6_viv__parameterized9_122
INFO: [VRFC 10-311] analyzing module design_1_div_0_0_xbip_pipe_v3_0_6_viv__parameterized9_126
INFO: [VRFC 10-311] analyzing module design_1_div_0_0_xbip_pipe_v3_0_6_viv__parameterized9_131
INFO: [VRFC 10-311] analyzing module design_1_div_0_0_xbip_pipe_v3_0_6_viv__parameterized9_136
INFO: [VRFC 10-311] analyzing module design_1_div_0_0_xbip_pipe_v3_0_6_viv__parameterized9_141
INFO: [VRFC 10-311] analyzing module design_1_div_0_0_xbip_pipe_v3_0_6_viv__parameterized9_146
INFO: [VRFC 10-311] analyzing module design_1_div_0_0_xbip_pipe_v3_0_6_viv__parameterized9_91
INFO: [VRFC 10-311] analyzing module design_1_div_0_0_xbip_pipe_v3_0_6_viv__parameterized9_96
INFO: [VRFC 10-311] analyzing module design_1_xbip_multadd_0_0_multadd_dsp
INFO: [VRFC 10-311] analyzing module design_1_xbip_multadd_0_0_xbip_dsp48_multadd_synth
INFO: [VRFC 10-311] analyzing module design_1_xbip_multadd_0_0_xbip_dsp48_multadd_v3_0_6_viv
INFO: [VRFC 10-311] analyzing module design_1_xbip_multadd_0_0_xbip_dsp48e1_wrapper_v3_0
INFO: [VRFC 10-311] analyzing module design_1_xbip_multadd_0_0_xbip_multadd_v3_0_17
INFO: [VRFC 10-311] analyzing module design_1_xbip_multadd_0_0_xbip_multadd_v3_0_17_viv
INFO: [VRFC 10-311] analyzing module glbl
INFO: [VRFC 10-2263] Analyzing Verilog file "/home/lohitaksh/FPGA_project/hyperbolic/hyperbolic.srcs/sources_1/new/2to1Mux.v" into library xil_defaultlib
INFO: [VRFC 10-311] analyzing module TwoOneMux
INFO: [VRFC 10-2263] Analyzing Verilog file "/home/lohitaksh/FPGA_project/hyperbolic/hyperbolic.srcs/sources_1/new/splitter.v" into library xil_defaultlib
INFO: [VRFC 10-311] analyzing module splitter
INFO: [VRFC 10-2263] Analyzing Verilog file "/home/lohitaksh/FPGA_project/hyperbolic/hyperbolic.srcs/sources_1/new/BitShift14.v" into library xil_defaultlib
INFO: [VRFC 10-311] analyzing module BitShift
INFO: [VRFC 10-2263] Analyzing Verilog file "/home/lohitaksh/FPGA_project/hyperbolic/hyperbolic.srcs/sim_1/new/blk_tb.v" into library xil_defaultlib
INFO: [VRFC 10-311] analyzing module blk_tb
