
*** Running vivado
    with args -log MAC_0.vds -m64 -product Vivado -mode batch -messageDb vivado.pb -notrace -source MAC_0.tcl



****** Vivado v2022.2 (64-bit)
  **** SW Build 3671981 on Fri Oct 14 05:00:03 MDT 2022
  **** IP Build 3669848 on Fri Oct 14 08:30:02 MDT 2022
    ** Copyright 1986-2022 Xilinx, Inc. All Rights Reserved.

source MAC_0.tcl -notrace
create_project: Time (s): cpu = 00:00:02 ; elapsed = 00:00:09 . Memory (MB): peak = 386.832 ; gain = 43.742
INFO: [IP_Flow 19-234] Refreshing IP repositories
INFO: [IP_Flow 19-1700] Loaded user IP repository 'c:/Users/chait/OneDrive/Desktop/FPGA/Project/tanh/neuron/solution1/impl/ip'.
INFO: [IP_Flow 19-1700] Loaded user IP repository 'c:/Users/chait/OneDrive/Desktop/FPGA/Project/MAC/MAC/solution2/impl/ip'.
INFO: [IP_Flow 19-2313] Loaded Vivado IP repository 'C:/Xilinx/Vivado/2022.2/data/ip'.
WARNING: [IP_Flow 19-4995] The host OS only allows 260 characters in a normal path. The IP cache path is more than 80 characters. If you experience issues with IP caching, please consider changing the IP cache to a location with a shorter path. Alternately consider using the OS subst command to map part of the path to a drive letter. 
Current IP cache path is c:/Users/chait/OneDrive/Desktop/FPGA/Project/tanh/neuron_ipcheck/neuron_ipcheck.cache/ip 
INFO: [IP_Flow 19-6924] IPCACHE: Running cache check for IP inst: MAC_0
Command: synth_design -top MAC_0 -part xc7a35tcpg236-1 -incremental_mode off -mode out_of_context
Starting synth_design
Attempting to get a license for feature 'Synthesis' and/or device 'xc7a35t'
INFO: [Common 17-349] Got license for feature 'Synthesis' and/or device 'xc7a35t'
INFO: [Device 21-403] Loading part xc7a35tcpg236-1
INFO: [Synth 8-7079] Multithreading enabled for synth_design using a maximum of 2 processes.
INFO: [Synth 8-7078] Launching helper process for spawning children vivado processes
INFO: [Synth 8-7075] Helper process launched with PID 15884
INFO: [Synth 8-11241] undeclared symbol 'REGCCE', assumed default net type 'wire' [C:/Xilinx/Vivado/2022.2/data/verilog/src/unimacro/BRAM_SINGLE_MACRO.v:2170]
---------------------------------------------------------------------------------
Starting RTL Elaboration : Time (s): cpu = 00:00:05 ; elapsed = 00:00:15 . Memory (MB): peak = 1204.297 ; gain = 407.613
---------------------------------------------------------------------------------
INFO: [Synth 8-6157] synthesizing module 'MAC_0' [c:/Users/chait/OneDrive/Desktop/FPGA/Project/tanh/neuron_ipcheck/neuron_ipcheck.gen/sources_1/ip/MAC_0/synth/MAC_0.v:53]
INFO: [Synth 8-6157] synthesizing module 'MAC' [c:/Users/chait/OneDrive/Desktop/FPGA/Project/tanh/neuron_ipcheck/neuron_ipcheck.gen/sources_1/ip/MAC_0/hdl/verilog/MAC.v:10]
INFO: [Synth 8-6157] synthesizing module 'MAC_faddfsub_32ns_32ns_32_7_full_dsp_1' [c:/Users/chait/OneDrive/Desktop/FPGA/Project/tanh/neuron_ipcheck/neuron_ipcheck.gen/sources_1/ip/MAC_0/hdl/verilog/MAC_faddfsub_32ns_32ns_32_7_full_dsp_1.v:9]
INFO: [Synth 8-6157] synthesizing module 'MAC_faddfsub_32ns_32ns_32_7_full_dsp_1_ip' [c:/Users/chait/OneDrive/Desktop/FPGA/Project/tanh/neuron_ipcheck/neuron_ipcheck.gen/sources_1/ip/MAC_0/hdl/ip/MAC_faddfsub_32ns_32ns_32_7_full_dsp_1_ip.v:53]
INFO: [Synth 8-6157] synthesizing module 'LUT1' [C:/Xilinx/Vivado/2022.2/scripts/rt/data/unisim_comp.v:78971]
INFO: [Synth 8-6155] done synthesizing module 'LUT1' (0#1) [C:/Xilinx/Vivado/2022.2/scripts/rt/data/unisim_comp.v:78971]
INFO: [Synth 8-6155] done synthesizing module 'MAC_faddfsub_32ns_32ns_32_7_full_dsp_1_ip' (0#1) [c:/Users/chait/OneDrive/Desktop/FPGA/Project/tanh/neuron_ipcheck/neuron_ipcheck.gen/sources_1/ip/MAC_0/hdl/ip/MAC_faddfsub_32ns_32ns_32_7_full_dsp_1_ip.v:53]
INFO: [Synth 8-6155] done synthesizing module 'MAC_faddfsub_32ns_32ns_32_7_full_dsp_1' (0#1) [c:/Users/chait/OneDrive/Desktop/FPGA/Project/tanh/neuron_ipcheck/neuron_ipcheck.gen/sources_1/ip/MAC_0/hdl/verilog/MAC_faddfsub_32ns_32ns_32_7_full_dsp_1.v:9]
INFO: [Synth 8-6157] synthesizing module 'MAC_fmul_32ns_32ns_32_4_max_dsp_1' [c:/Users/chait/OneDrive/Desktop/FPGA/Project/tanh/neuron_ipcheck/neuron_ipcheck.gen/sources_1/ip/MAC_0/hdl/verilog/MAC_fmul_32ns_32ns_32_4_max_dsp_1.v:9]
INFO: [Synth 8-6157] synthesizing module 'MAC_fmul_32ns_32ns_32_4_max_dsp_1_ip' [c:/Users/chait/OneDrive/Desktop/FPGA/Project/tanh/neuron_ipcheck/neuron_ipcheck.gen/sources_1/ip/MAC_0/hdl/ip/MAC_fmul_32ns_32ns_32_4_max_dsp_1_ip.v:53]
INFO: [Synth 8-6155] done synthesizing module 'MAC_fmul_32ns_32ns_32_4_max_dsp_1_ip' (0#1) [c:/Users/chait/OneDrive/Desktop/FPGA/Project/tanh/neuron_ipcheck/neuron_ipcheck.gen/sources_1/ip/MAC_0/hdl/ip/MAC_fmul_32ns_32ns_32_4_max_dsp_1_ip.v:53]
INFO: [Synth 8-6155] done synthesizing module 'MAC_fmul_32ns_32ns_32_4_max_dsp_1' (0#1) [c:/Users/chait/OneDrive/Desktop/FPGA/Project/tanh/neuron_ipcheck/neuron_ipcheck.gen/sources_1/ip/MAC_0/hdl/verilog/MAC_fmul_32ns_32ns_32_4_max_dsp_1.v:9]
INFO: [Synth 8-6157] synthesizing module 'MAC_fcmp_32ns_32ns_1_2_no_dsp_1' [c:/Users/chait/OneDrive/Desktop/FPGA/Project/tanh/neuron_ipcheck/neuron_ipcheck.gen/sources_1/ip/MAC_0/hdl/verilog/MAC_fcmp_32ns_32ns_1_2_no_dsp_1.v:9]
INFO: [Synth 8-6157] synthesizing module 'MAC_fcmp_32ns_32ns_1_2_no_dsp_1_ip' [c:/Users/chait/OneDrive/Desktop/FPGA/Project/tanh/neuron_ipcheck/neuron_ipcheck.gen/sources_1/ip/MAC_0/hdl/ip/MAC_fcmp_32ns_32ns_1_2_no_dsp_1_ip.v:53]
INFO: [Synth 8-6155] done synthesizing module 'MAC_fcmp_32ns_32ns_1_2_no_dsp_1_ip' (0#1) [c:/Users/chait/OneDrive/Desktop/FPGA/Project/tanh/neuron_ipcheck/neuron_ipcheck.gen/sources_1/ip/MAC_0/hdl/ip/MAC_fcmp_32ns_32ns_1_2_no_dsp_1_ip.v:53]
INFO: [Synth 8-6155] done synthesizing module 'MAC_fcmp_32ns_32ns_1_2_no_dsp_1' (0#1) [c:/Users/chait/OneDrive/Desktop/FPGA/Project/tanh/neuron_ipcheck/neuron_ipcheck.gen/sources_1/ip/MAC_0/hdl/verilog/MAC_fcmp_32ns_32ns_1_2_no_dsp_1.v:9]
INFO: [Synth 8-6157] synthesizing module 'MAC_flow_control_loop_pipe' [c:/Users/chait/OneDrive/Desktop/FPGA/Project/tanh/neuron_ipcheck/neuron_ipcheck.gen/sources_1/ip/MAC_0/hdl/verilog/MAC_flow_control_loop_pipe.v:9]
INFO: [Synth 8-6155] done synthesizing module 'MAC_flow_control_loop_pipe' (0#1) [c:/Users/chait/OneDrive/Desktop/FPGA/Project/tanh/neuron_ipcheck/neuron_ipcheck.gen/sources_1/ip/MAC_0/hdl/verilog/MAC_flow_control_loop_pipe.v:9]
INFO: [Synth 8-6155] done synthesizing module 'MAC' (0#1) [c:/Users/chait/OneDrive/Desktop/FPGA/Project/tanh/neuron_ipcheck/neuron_ipcheck.gen/sources_1/ip/MAC_0/hdl/verilog/MAC.v:10]
INFO: [Synth 8-6155] done synthesizing module 'MAC_0' (0#1) [c:/Users/chait/OneDrive/Desktop/FPGA/Project/tanh/neuron_ipcheck/neuron_ipcheck.gen/sources_1/ip/MAC_0/synth/MAC_0.v:53]
WARNING: [Synth 8-7129] Port ap_done_int in module MAC_flow_control_loop_pipe is either unconnected or has no load
WARNING: [Synth 8-7129] Port CLK in module xbip_pipe_v3_0_6_viv__parameterized3 is either unconnected or has no load
WARNING: [Synth 8-7129] Port CE in module xbip_pipe_v3_0_6_viv__parameterized3 is either unconnected or has no load
WARNING: [Synth 8-7129] Port SCLR in module xbip_pipe_v3_0_6_viv__parameterized3 is either unconnected or has no load
WARNING: [Synth 8-7129] Port SSET in module xbip_pipe_v3_0_6_viv__parameterized3 is either unconnected or has no load
WARNING: [Synth 8-7129] Port SINIT in module xbip_pipe_v3_0_6_viv__parameterized3 is either unconnected or has no load
WARNING: [Synth 8-7129] Port CLK in module xbip_pipe_v3_0_6_viv__parameterized29 is either unconnected or has no load
WARNING: [Synth 8-7129] Port CE in module xbip_pipe_v3_0_6_viv__parameterized29 is either unconnected or has no load
WARNING: [Synth 8-7129] Port SCLR in module xbip_pipe_v3_0_6_viv__parameterized29 is either unconnected or has no load
WARNING: [Synth 8-7129] Port SSET in module xbip_pipe_v3_0_6_viv__parameterized29 is either unconnected or has no load
WARNING: [Synth 8-7129] Port SINIT in module xbip_pipe_v3_0_6_viv__parameterized29 is either unconnected or has no load
WARNING: [Synth 8-7129] Port CLK in module xbip_pipe_v3_0_6_viv__parameterized9 is either unconnected or has no load
WARNING: [Synth 8-7129] Port CE in module xbip_pipe_v3_0_6_viv__parameterized9 is either unconnected or has no load
WARNING: [Synth 8-7129] Port SCLR in module xbip_pipe_v3_0_6_viv__parameterized9 is either unconnected or has no load
WARNING: [Synth 8-7129] Port SSET in module xbip_pipe_v3_0_6_viv__parameterized9 is either unconnected or has no load
WARNING: [Synth 8-7129] Port SINIT in module xbip_pipe_v3_0_6_viv__parameterized9 is either unconnected or has no load
WARNING: [Synth 8-7129] Port CLK in module xbip_pipe_v3_0_6_viv__parameterized83 is either unconnected or has no load
WARNING: [Synth 8-7129] Port CE in module xbip_pipe_v3_0_6_viv__parameterized83 is either unconnected or has no load
WARNING: [Synth 8-7129] Port SCLR in module xbip_pipe_v3_0_6_viv__parameterized83 is either unconnected or has no load
WARNING: [Synth 8-7129] Port SSET in module xbip_pipe_v3_0_6_viv__parameterized83 is either unconnected or has no load
WARNING: [Synth 8-7129] Port SINIT in module xbip_pipe_v3_0_6_viv__parameterized83 is either unconnected or has no load
WARNING: [Synth 8-7129] Port CLK in module xbip_pipe_v3_0_6_viv__parameterized81 is either unconnected or has no load
WARNING: [Synth 8-7129] Port CE in module xbip_pipe_v3_0_6_viv__parameterized81 is either unconnected or has no load
WARNING: [Synth 8-7129] Port SCLR in module xbip_pipe_v3_0_6_viv__parameterized81 is either unconnected or has no load
WARNING: [Synth 8-7129] Port SSET in module xbip_pipe_v3_0_6_viv__parameterized81 is either unconnected or has no load
WARNING: [Synth 8-7129] Port SINIT in module xbip_pipe_v3_0_6_viv__parameterized81 is either unconnected or has no load
WARNING: [Synth 8-7129] Port CARRYS_OUT[0] in module compare_eq_im__parameterized3 is either unconnected or has no load
WARNING: [Synth 8-7129] Port CLK in module xbip_pipe_v3_0_6_viv__parameterized13 is either unconnected or has no load
WARNING: [Synth 8-7129] Port CE in module xbip_pipe_v3_0_6_viv__parameterized13 is either unconnected or has no load
WARNING: [Synth 8-7129] Port SCLR in module xbip_pipe_v3_0_6_viv__parameterized13 is either unconnected or has no load
WARNING: [Synth 8-7129] Port SSET in module xbip_pipe_v3_0_6_viv__parameterized13 is either unconnected or has no load
WARNING: [Synth 8-7129] Port SINIT in module xbip_pipe_v3_0_6_viv__parameterized13 is either unconnected or has no load
WARNING: [Synth 8-7129] Port CARRYS_OUT[0] in module compare_ne_im is either unconnected or has no load
WARNING: [Synth 8-7129] Port CARRYS_OUT[0] in module compare_eq_im__parameterized2 is either unconnected or has no load
WARNING: [Synth 8-7129] Port CLK in module xbip_pipe_v3_0_6_viv__parameterized79 is either unconnected or has no load
WARNING: [Synth 8-7129] Port CE in module xbip_pipe_v3_0_6_viv__parameterized79 is either unconnected or has no load
WARNING: [Synth 8-7129] Port SCLR in module xbip_pipe_v3_0_6_viv__parameterized79 is either unconnected or has no load
WARNING: [Synth 8-7129] Port SSET in module xbip_pipe_v3_0_6_viv__parameterized79 is either unconnected or has no load
WARNING: [Synth 8-7129] Port SINIT in module xbip_pipe_v3_0_6_viv__parameterized79 is either unconnected or has no load
WARNING: [Synth 8-7129] Port m_axis_result_tuser[0] in module floating_point_v7_1_15_viv__parameterized3 is either unconnected or has no load
WARNING: [Synth 8-7129] Port m_axis_result_tlast in module floating_point_v7_1_15_viv__parameterized3 is either unconnected or has no load
WARNING: [Synth 8-7129] Port aclken in module floating_point_v7_1_15_viv__parameterized3 is either unconnected or has no load
WARNING: [Synth 8-7129] Port aresetn in module floating_point_v7_1_15_viv__parameterized3 is either unconnected or has no load
WARNING: [Synth 8-7129] Port s_axis_a_tuser[0] in module floating_point_v7_1_15_viv__parameterized3 is either unconnected or has no load
WARNING: [Synth 8-7129] Port s_axis_a_tlast in module floating_point_v7_1_15_viv__parameterized3 is either unconnected or has no load
WARNING: [Synth 8-7129] Port s_axis_b_tuser[0] in module floating_point_v7_1_15_viv__parameterized3 is either unconnected or has no load
WARNING: [Synth 8-7129] Port s_axis_b_tlast in module floating_point_v7_1_15_viv__parameterized3 is either unconnected or has no load
WARNING: [Synth 8-7129] Port s_axis_c_tvalid in module floating_point_v7_1_15_viv__parameterized3 is either unconnected or has no load
WARNING: [Synth 8-7129] Port s_axis_c_tdata[31] in module floating_point_v7_1_15_viv__parameterized3 is either unconnected or has no load
WARNING: [Synth 8-7129] Port s_axis_c_tdata[30] in module floating_point_v7_1_15_viv__parameterized3 is either unconnected or has no load
WARNING: [Synth 8-7129] Port s_axis_c_tdata[29] in module floating_point_v7_1_15_viv__parameterized3 is either unconnected or has no load
WARNING: [Synth 8-7129] Port s_axis_c_tdata[28] in module floating_point_v7_1_15_viv__parameterized3 is either unconnected or has no load
WARNING: [Synth 8-7129] Port s_axis_c_tdata[27] in module floating_point_v7_1_15_viv__parameterized3 is either unconnected or has no load
WARNING: [Synth 8-7129] Port s_axis_c_tdata[26] in module floating_point_v7_1_15_viv__parameterized3 is either unconnected or has no load
WARNING: [Synth 8-7129] Port s_axis_c_tdata[25] in module floating_point_v7_1_15_viv__parameterized3 is either unconnected or has no load
WARNING: [Synth 8-7129] Port s_axis_c_tdata[24] in module floating_point_v7_1_15_viv__parameterized3 is either unconnected or has no load
WARNING: [Synth 8-7129] Port s_axis_c_tdata[23] in module floating_point_v7_1_15_viv__parameterized3 is either unconnected or has no load
WARNING: [Synth 8-7129] Port s_axis_c_tdata[22] in module floating_point_v7_1_15_viv__parameterized3 is either unconnected or has no load
WARNING: [Synth 8-7129] Port s_axis_c_tdata[21] in module floating_point_v7_1_15_viv__parameterized3 is either unconnected or has no load
WARNING: [Synth 8-7129] Port s_axis_c_tdata[20] in module floating_point_v7_1_15_viv__parameterized3 is either unconnected or has no load
WARNING: [Synth 8-7129] Port s_axis_c_tdata[19] in module floating_point_v7_1_15_viv__parameterized3 is either unconnected or has no load
WARNING: [Synth 8-7129] Port s_axis_c_tdata[18] in module floating_point_v7_1_15_viv__parameterized3 is either unconnected or has no load
WARNING: [Synth 8-7129] Port s_axis_c_tdata[17] in module floating_point_v7_1_15_viv__parameterized3 is either unconnected or has no load
WARNING: [Synth 8-7129] Port s_axis_c_tdata[16] in module floating_point_v7_1_15_viv__parameterized3 is either unconnected or has no load
WARNING: [Synth 8-7129] Port s_axis_c_tdata[15] in module floating_point_v7_1_15_viv__parameterized3 is either unconnected or has no load
WARNING: [Synth 8-7129] Port s_axis_c_tdata[14] in module floating_point_v7_1_15_viv__parameterized3 is either unconnected or has no load
WARNING: [Synth 8-7129] Port s_axis_c_tdata[13] in module floating_point_v7_1_15_viv__parameterized3 is either unconnected or has no load
WARNING: [Synth 8-7129] Port s_axis_c_tdata[12] in module floating_point_v7_1_15_viv__parameterized3 is either unconnected or has no load
WARNING: [Synth 8-7129] Port s_axis_c_tdata[11] in module floating_point_v7_1_15_viv__parameterized3 is either unconnected or has no load
WARNING: [Synth 8-7129] Port s_axis_c_tdata[10] in module floating_point_v7_1_15_viv__parameterized3 is either unconnected or has no load
WARNING: [Synth 8-7129] Port s_axis_c_tdata[9] in module floating_point_v7_1_15_viv__parameterized3 is either unconnected or has no load
WARNING: [Synth 8-7129] Port s_axis_c_tdata[8] in module floating_point_v7_1_15_viv__parameterized3 is either unconnected or has no load
WARNING: [Synth 8-7129] Port s_axis_c_tdata[7] in module floating_point_v7_1_15_viv__parameterized3 is either unconnected or has no load
WARNING: [Synth 8-7129] Port s_axis_c_tdata[6] in module floating_point_v7_1_15_viv__parameterized3 is either unconnected or has no load
WARNING: [Synth 8-7129] Port s_axis_c_tdata[5] in module floating_point_v7_1_15_viv__parameterized3 is either unconnected or has no load
WARNING: [Synth 8-7129] Port s_axis_c_tdata[4] in module floating_point_v7_1_15_viv__parameterized3 is either unconnected or has no load
WARNING: [Synth 8-7129] Port s_axis_c_tdata[3] in module floating_point_v7_1_15_viv__parameterized3 is either unconnected or has no load
WARNING: [Synth 8-7129] Port s_axis_c_tdata[2] in module floating_point_v7_1_15_viv__parameterized3 is either unconnected or has no load
WARNING: [Synth 8-7129] Port s_axis_c_tdata[1] in module floating_point_v7_1_15_viv__parameterized3 is either unconnected or has no load
WARNING: [Synth 8-7129] Port s_axis_c_tdata[0] in module floating_point_v7_1_15_viv__parameterized3 is either unconnected or has no load
WARNING: [Synth 8-7129] Port s_axis_c_tuser[0] in module floating_point_v7_1_15_viv__parameterized3 is either unconnected or has no load
WARNING: [Synth 8-7129] Port s_axis_c_tlast in module floating_point_v7_1_15_viv__parameterized3 is either unconnected or has no load
WARNING: [Synth 8-7129] Port s_axis_operation_tdata[7] in module floating_point_v7_1_15_viv__parameterized3 is either unconnected or has no load
WARNING: [Synth 8-7129] Port s_axis_operation_tdata[6] in module floating_point_v7_1_15_viv__parameterized3 is either unconnected or has no load
WARNING: [Synth 8-7129] Port s_axis_operation_tdata[2] in module floating_point_v7_1_15_viv__parameterized3 is either unconnected or has no load
WARNING: [Synth 8-7129] Port s_axis_operation_tdata[1] in module floating_point_v7_1_15_viv__parameterized3 is either unconnected or has no load
WARNING: [Synth 8-7129] Port s_axis_operation_tdata[0] in module floating_point_v7_1_15_viv__parameterized3 is either unconnected or has no load
WARNING: [Synth 8-7129] Port s_axis_operation_tuser[0] in module floating_point_v7_1_15_viv__parameterized3 is either unconnected or has no load
WARNING: [Synth 8-7129] Port s_axis_operation_tlast in module floating_point_v7_1_15_viv__parameterized3 is either unconnected or has no load
WARNING: [Synth 8-7129] Port m_axis_result_tready in module floating_point_v7_1_15_viv__parameterized3 is either unconnected or has no load
WARNING: [Synth 8-7129] Port reset in module MAC_fcmp_32ns_32ns_1_2_no_dsp_1 is either unconnected or has no load
WARNING: [Synth 8-7129] Port CLK in module xbip_pipe_v3_0_6_viv__parameterized61 is either unconnected or has no load
WARNING: [Synth 8-7129] Port CE in module xbip_pipe_v3_0_6_viv__parameterized61 is either unconnected or has no load
WARNING: [Synth 8-7129] Port SCLR in module xbip_pipe_v3_0_6_viv__parameterized61 is either unconnected or has no load
WARNING: [Synth 8-7129] Port SSET in module xbip_pipe_v3_0_6_viv__parameterized61 is either unconnected or has no load
WARNING: [Synth 8-7129] Port SINIT in module xbip_pipe_v3_0_6_viv__parameterized61 is either unconnected or has no load
WARNING: [Synth 8-7129] Port DEC_OP_STATE[11] in module flt_dec_op_lat is either unconnected or has no load
WARNING: [Synth 8-7129] Port DEC_OP_STATE[10] in module flt_dec_op_lat is either unconnected or has no load
WARNING: [Synth 8-7129] Port DEC_OP_STATE[9] in module flt_dec_op_lat is either unconnected or has no load
WARNING: [Synth 8-7129] Port DEC_OP_STATE[8] in module flt_dec_op_lat is either unconnected or has no load
INFO: [Common 17-14] Message 'Synth 8-7129' appears 100 times and further instances of the messages will be disabled. Use the Tcl command set_msg_config to change the current settings.
---------------------------------------------------------------------------------
Finished RTL Elaboration : Time (s): cpu = 00:00:10 ; elapsed = 00:00:29 . Memory (MB): peak = 1428.180 ; gain = 631.496
---------------------------------------------------------------------------------
---------------------------------------------------------------------------------
Start Handling Custom Attributes
---------------------------------------------------------------------------------
---------------------------------------------------------------------------------
Finished Handling Custom Attributes : Time (s): cpu = 00:00:10 ; elapsed = 00:00:29 . Memory (MB): peak = 1428.180 ; gain = 631.496
---------------------------------------------------------------------------------
---------------------------------------------------------------------------------
Finished RTL Optimization Phase 1 : Time (s): cpu = 00:00:10 ; elapsed = 00:00:29 . Memory (MB): peak = 1428.180 ; gain = 631.496
---------------------------------------------------------------------------------
Netlist sorting complete. Time (s): cpu = 00:00:00 ; elapsed = 00:00:00.161 . Memory (MB): peak = 1428.180 ; gain = 0.000
INFO: [Netlist 29-17] Analyzing 179 Unisim elements for replacement
INFO: [Netlist 29-28] Unisim Transformation completed in 0 CPU seconds
INFO: [Project 1-570] Preparing netlist for logic optimization

Processing XDC Constraints
Initializing timing engine
Parsing XDC File [c:/Users/chait/OneDrive/Desktop/FPGA/Project/tanh/neuron_ipcheck/neuron_ipcheck.gen/sources_1/ip/MAC_0/constraints/MAC_ooc.xdc] for cell 'inst'
Finished Parsing XDC File [c:/Users/chait/OneDrive/Desktop/FPGA/Project/tanh/neuron_ipcheck/neuron_ipcheck.gen/sources_1/ip/MAC_0/constraints/MAC_ooc.xdc] for cell 'inst'
Parsing XDC File [C:/Users/chait/OneDrive/Desktop/FPGA/Project/tanh/neuron_ipcheck/neuron_ipcheck.runs/MAC_0_synth_1/dont_touch.xdc]
Finished Parsing XDC File [C:/Users/chait/OneDrive/Desktop/FPGA/Project/tanh/neuron_ipcheck/neuron_ipcheck.runs/MAC_0_synth_1/dont_touch.xdc]
Completed Processing XDC Constraints

Netlist sorting complete. Time (s): cpu = 00:00:00 ; elapsed = 00:00:00.005 . Memory (MB): peak = 1464.953 ; gain = 0.000
INFO: [Project 1-111] Unisim Transformation Summary:
  A total of 3 instances were transformed.
  FDE => FDRE: 3 instances

Constraint Validation Runtime : Time (s): cpu = 00:00:01 ; elapsed = 00:00:00.130 . Memory (MB): peak = 1465.910 ; gain = 0.957
INFO: [Designutils 20-5008] Incremental synthesis strategy off
INFO: [Synth 8-11241] undeclared symbol 'REGCCE', assumed default net type 'wire' [C:/Xilinx/Vivado/2022.2/data/verilog/src/unimacro/BRAM_SINGLE_MACRO.v:2170]
---------------------------------------------------------------------------------
Finished Constraint Validation : Time (s): cpu = 00:00:14 ; elapsed = 00:00:43 . Memory (MB): peak = 1465.910 ; gain = 669.227
---------------------------------------------------------------------------------
---------------------------------------------------------------------------------
Start Loading Part and Timing Information
---------------------------------------------------------------------------------
Loading part: xc7a35tcpg236-1
---------------------------------------------------------------------------------
Finished Loading Part and Timing Information : Time (s): cpu = 00:00:14 ; elapsed = 00:00:43 . Memory (MB): peak = 1465.910 ; gain = 669.227
---------------------------------------------------------------------------------
---------------------------------------------------------------------------------
Start Applying 'set_property' XDC Constraints
---------------------------------------------------------------------------------
Applied set_property KEEP_HIERARCHY = SOFT for inst. (constraint file  C:/Users/chait/OneDrive/Desktop/FPGA/Project/tanh/neuron_ipcheck/neuron_ipcheck.runs/MAC_0_synth_1/dont_touch.xdc, line 9).
---------------------------------------------------------------------------------
Finished applying 'set_property' XDC Constraints : Time (s): cpu = 00:00:14 ; elapsed = 00:00:43 . Memory (MB): peak = 1465.910 ; gain = 669.227
---------------------------------------------------------------------------------
INFO: [Synth 8-4490] FSM extraction disabled for register 'ap_CS_fsm_reg' through user attribute
INFO: [Synth 8-4490] FSM extraction disabled for register 'ap_CS_fsm_reg' through user attribute
---------------------------------------------------------------------------------
Finished RTL Optimization Phase 2 : Time (s): cpu = 00:00:15 ; elapsed = 00:00:46 . Memory (MB): peak = 1465.910 ; gain = 669.227
---------------------------------------------------------------------------------
INFO: [Synth 8-223] decloning instance 'inst/faddfsub_32ns_32ns_32_7_full_dsp_1_U1/MAC_faddfsub_32ns_32ns_32_7_full_dsp_1_ip_u/inst/i_synth/DELAY_DIVIDE_BY_ZERO' (delay__parameterized0) to 'inst/faddfsub_32ns_32ns_32_7_full_dsp_1_U1/MAC_faddfsub_32ns_32ns_32_7_full_dsp_1_ip_u/inst/i_synth/DELAY_ACCUM_OVERFLOW'
INFO: [Synth 8-223] decloning instance 'inst/faddfsub_32ns_32ns_32_7_full_dsp_1_U1/MAC_faddfsub_32ns_32ns_32_7_full_dsp_1_ip_u/inst/i_synth/DELAY_DIVIDE_BY_ZERO' (delay__parameterized0) to 'inst/faddfsub_32ns_32ns_32_7_full_dsp_1_U1/MAC_faddfsub_32ns_32ns_32_7_full_dsp_1_ip_u/inst/i_synth/DELAY_ACCUM_INPUT_OVERFLOW'
INFO: [Synth 8-223] decloning instance 'MAC_fmul_32ns_32ns_32_4_max_dsp_1:/MAC_fmul_32ns_32ns_32_4_max_dsp_1_ip_u/inst/i_synth/DELAY_DIVIDE_BY_ZERO' (delay__parameterized0) to 'MAC_fmul_32ns_32ns_32_4_max_dsp_1:/MAC_fmul_32ns_32ns_32_4_max_dsp_1_ip_u/inst/i_synth/DELAY_ACCUM_OVERFLOW'
INFO: [Synth 8-223] decloning instance 'MAC_fmul_32ns_32ns_32_4_max_dsp_1:/MAC_fmul_32ns_32ns_32_4_max_dsp_1_ip_u/inst/i_synth/DELAY_DIVIDE_BY_ZERO' (delay__parameterized0) to 'MAC_fmul_32ns_32ns_32_4_max_dsp_1:/MAC_fmul_32ns_32ns_32_4_max_dsp_1_ip_u/inst/i_synth/DELAY_ACCUM_INPUT_OVERFLOW'
INFO: [Synth 8-223] decloning instance 'inst/fcmp_32ns_32ns_1_2_no_dsp_1_U4/MAC_fcmp_32ns_32ns_1_2_no_dsp_1_ip_u/inst/i_synth/DELAY_DIVIDE_BY_ZERO' (delay__parameterized0) to 'inst/fcmp_32ns_32ns_1_2_no_dsp_1_U4/MAC_fcmp_32ns_32ns_1_2_no_dsp_1_ip_u/inst/i_synth/DELAY_OVERFLOW'
INFO: [Synth 8-223] decloning instance 'inst/fcmp_32ns_32ns_1_2_no_dsp_1_U4/MAC_fcmp_32ns_32ns_1_2_no_dsp_1_ip_u/inst/i_synth/DELAY_DIVIDE_BY_ZERO' (delay__parameterized0) to 'inst/fcmp_32ns_32ns_1_2_no_dsp_1_U4/MAC_fcmp_32ns_32ns_1_2_no_dsp_1_ip_u/inst/i_synth/DELAY_UNDERFLOW'
INFO: [Synth 8-223] decloning instance 'inst/fcmp_32ns_32ns_1_2_no_dsp_1_U4/MAC_fcmp_32ns_32ns_1_2_no_dsp_1_ip_u/inst/i_synth/DELAY_DIVIDE_BY_ZERO' (delay__parameterized0) to 'inst/fcmp_32ns_32ns_1_2_no_dsp_1_U4/MAC_fcmp_32ns_32ns_1_2_no_dsp_1_ip_u/inst/i_synth/DELAY_ACCUM_OVERFLOW'
INFO: [Synth 8-223] decloning instance 'inst/fcmp_32ns_32ns_1_2_no_dsp_1_U4/MAC_fcmp_32ns_32ns_1_2_no_dsp_1_ip_u/inst/i_synth/DELAY_DIVIDE_BY_ZERO' (delay__parameterized0) to 'inst/fcmp_32ns_32ns_1_2_no_dsp_1_U4/MAC_fcmp_32ns_32ns_1_2_no_dsp_1_ip_u/inst/i_synth/DELAY_ACCUM_INPUT_OVERFLOW'
---------------------------------------------------------------------------------
Start RTL Component Statistics 
---------------------------------------------------------------------------------
---------------------------------------------------------------------------------
Finished RTL Component Statistics 
---------------------------------------------------------------------------------
---------------------------------------------------------------------------------
Start Part Resource Summary
---------------------------------------------------------------------------------
Part Resources:
DSPs: 90 (col length:60)
BRAMs: 100 (col length: RAMB18 60 RAMB36 30)
---------------------------------------------------------------------------------
Finished Part Resource Summary
---------------------------------------------------------------------------------
---------------------------------------------------------------------------------
Start Cross Boundary and Area Optimization
---------------------------------------------------------------------------------
WARNING: [Synth 8-7080] Parallel synthesis criteria is not met
INFO: [Synth 8-3332] Sequential element (ADDSUB_OP.ADDSUB/DSP.OP/DSP48E1_BODY.NORM_RND/FULL_USAGE_DSP.LOD/dist_norm_reg[1]) is unused and will be removed from module floating_point_v7_1_15_viv.
INFO: [Synth 8-3332] Sequential element (ADDSUB_OP.ADDSUB/DSP.OP/DSP48E1_BODY.NORM_RND/FULL_USAGE_DSP.LOD/dist_norm_reg[0]) is unused and will be removed from module floating_point_v7_1_15_viv.
---------------------------------------------------------------------------------
Finished Cross Boundary and Area Optimization : Time (s): cpu = 00:00:16 ; elapsed = 00:00:53 . Memory (MB): peak = 1465.910 ; gain = 669.227
---------------------------------------------------------------------------------
---------------------------------------------------------------------------------
Start Applying XDC Timing Constraints
---------------------------------------------------------------------------------
---------------------------------------------------------------------------------
Finished Applying XDC Timing Constraints : Time (s): cpu = 00:00:20 ; elapsed = 00:01:06 . Memory (MB): peak = 1465.910 ; gain = 669.227
---------------------------------------------------------------------------------
---------------------------------------------------------------------------------
Start Timing Optimization
---------------------------------------------------------------------------------
---------------------------------------------------------------------------------
Finished Timing Optimization : Time (s): cpu = 00:00:21 ; elapsed = 00:01:07 . Memory (MB): peak = 1465.910 ; gain = 669.227
---------------------------------------------------------------------------------
---------------------------------------------------------------------------------
Start Technology Mapping
---------------------------------------------------------------------------------
---------------------------------------------------------------------------------
Finished Technology Mapping : Time (s): cpu = 00:00:21 ; elapsed = 00:01:09 . Memory (MB): peak = 1465.910 ; gain = 669.227
---------------------------------------------------------------------------------
---------------------------------------------------------------------------------
Start IO Insertion
---------------------------------------------------------------------------------
---------------------------------------------------------------------------------
Start Flattening Before IO Insertion
---------------------------------------------------------------------------------
---------------------------------------------------------------------------------
Finished Flattening Before IO Insertion
---------------------------------------------------------------------------------
---------------------------------------------------------------------------------
Start Final Netlist Cleanup
---------------------------------------------------------------------------------
---------------------------------------------------------------------------------
Finished Final Netlist Cleanup
---------------------------------------------------------------------------------
---------------------------------------------------------------------------------
Finished IO Insertion : Time (s): cpu = 00:00:23 ; elapsed = 00:01:16 . Memory (MB): peak = 1465.910 ; gain = 669.227
---------------------------------------------------------------------------------
---------------------------------------------------------------------------------
Start Renaming Generated Instances
---------------------------------------------------------------------------------
---------------------------------------------------------------------------------
Finished Renaming Generated Instances : Time (s): cpu = 00:00:23 ; elapsed = 00:01:16 . Memory (MB): peak = 1465.910 ; gain = 669.227
---------------------------------------------------------------------------------
---------------------------------------------------------------------------------
Start Rebuilding User Hierarchy
---------------------------------------------------------------------------------
---------------------------------------------------------------------------------
Finished Rebuilding User Hierarchy : Time (s): cpu = 00:00:24 ; elapsed = 00:01:16 . Memory (MB): peak = 1465.910 ; gain = 669.227
---------------------------------------------------------------------------------
---------------------------------------------------------------------------------
Start Renaming Generated Ports
---------------------------------------------------------------------------------
---------------------------------------------------------------------------------
Finished Renaming Generated Ports : Time (s): cpu = 00:00:24 ; elapsed = 00:01:16 . Memory (MB): peak = 1465.910 ; gain = 669.227
---------------------------------------------------------------------------------
---------------------------------------------------------------------------------
Start Handling Custom Attributes
---------------------------------------------------------------------------------
---------------------------------------------------------------------------------
Finished Handling Custom Attributes : Time (s): cpu = 00:00:24 ; elapsed = 00:01:16 . Memory (MB): peak = 1465.910 ; gain = 669.227
---------------------------------------------------------------------------------
---------------------------------------------------------------------------------
Start Renaming Generated Nets
---------------------------------------------------------------------------------
---------------------------------------------------------------------------------
Finished Renaming Generated Nets : Time (s): cpu = 00:00:24 ; elapsed = 00:01:16 . Memory (MB): peak = 1465.910 ; gain = 669.227
---------------------------------------------------------------------------------
---------------------------------------------------------------------------------
Start Writing Synthesis Report
---------------------------------------------------------------------------------

DSP Final Report (the ' indicates corresponding REG is set)
+-----------------------------------+-----------------+--------+--------+--------+--------+--------+------+------+------+------+-------+------+------+
|Module Name                        | DSP Mapping     | A Size | B Size | C Size | D Size | P Size | AREG | BREG | CREG | DREG | ADREG | MREG | PREG | 
+-----------------------------------+-----------------+--------+--------+--------+--------+--------+------+------+------+------+-------+------+------+
|dsp48e1_wrapper                    | Dynamic         | -      | -      | -      | -      | 40     | -    | -    | -    | -    | 1     | 0    | 0    | 
|dsp48e1_wrapper__parameterized0    | C+A'*B'         | 24     | 16     | 35     | -      | 35     | 1    | 1    | 1    | -    | -     | 0    | 0    | 
|dsp48e1_wrapper__parameterized1_13 | (A*B)'          | 24     | 17     | -      | -      | 41     | 0    | 0    | -    | -    | -     | 0    | 1    | 
|dsp48e1_wrapper__parameterized2_14 | PCIN>>17+(A*B)' | 0      | 7      | -      | -      | 31     | 0    | 0    | -    | -    | -     | 1    | 0    | 
|dsp48e1_wrapper__parameterized3_11 | PCIN+A:B+C      | 22     | 0      | -      | -      | 48     | 0    | 0    | -    | -    | -     | 0    | 0    | 
|dsp48e1_wrapper__parameterized1    | (A*B)'          | 24     | 17     | -      | -      | 41     | 0    | 0    | -    | -    | -     | 0    | 1    | 
|dsp48e1_wrapper__parameterized2    | PCIN>>17+(A*B)' | 0      | 7      | -      | -      | 31     | 0    | 0    | -    | -    | -     | 1    | 0    | 
|dsp48e1_wrapper__parameterized3    | PCIN+A:B+C      | 22     | 0      | -      | -      | 48     | 0    | 0    | -    | -    | -     | 0    | 0    | 
+-----------------------------------+-----------------+--------+--------+--------+--------+--------+------+------+------+------+-------+------+------+


Report BlackBoxes: 
+-+--------------+----------+
| |BlackBox name |Instances |
+-+--------------+----------+
+-+--------------+----------+

Report Cell Usage: 
+------+--------+------+
|      |Cell    |Count |
+------+--------+------+
|1     |CARRY4  |    15|
|2     |DSP48E1 |     8|
|7     |LUT1    |    13|
|8     |LUT2    |   145|
|9     |LUT3    |   136|
|10    |LUT4    |   140|
|11    |LUT5    |   223|
|12    |LUT6    |   166|
|13    |MUXCY   |   117|
|14    |XORCY   |    33|
|15    |FDE     |     3|
|16    |FDRE    |   810|
|17    |FDSE    |     8|
+------+--------+------+
---------------------------------------------------------------------------------
Finished Writing Synthesis Report : Time (s): cpu = 00:00:24 ; elapsed = 00:01:16 . Memory (MB): peak = 1465.910 ; gain = 669.227
---------------------------------------------------------------------------------
Synthesis finished with 0 errors, 0 critical warnings and 205 warnings.
Synthesis Optimization Runtime : Time (s): cpu = 00:00:12 ; elapsed = 00:01:11 . Memory (MB): peak = 1465.910 ; gain = 631.496
Synthesis Optimization Complete : Time (s): cpu = 00:00:24 ; elapsed = 00:01:16 . Memory (MB): peak = 1465.910 ; gain = 669.227
INFO: [Project 1-571] Translating synthesized netlist
Netlist sorting complete. Time (s): cpu = 00:00:00 ; elapsed = 00:00:00.104 . Memory (MB): peak = 1465.910 ; gain = 0.000
INFO: [Netlist 29-17] Analyzing 176 Unisim elements for replacement
INFO: [Netlist 29-28] Unisim Transformation completed in 0 CPU seconds
INFO: [Project 1-570] Preparing netlist for logic optimization
INFO: [Opt 31-138] Pushed 0 inverter(s) to 0 load pin(s).
Netlist sorting complete. Time (s): cpu = 00:00:00 ; elapsed = 00:00:00.002 . Memory (MB): peak = 1465.910 ; gain = 0.000
INFO: [Project 1-111] Unisim Transformation Summary:
  A total of 35 instances were transformed.
  (MUXCY,XORCY) => CARRY4: 32 instances
  FDE => FDRE: 3 instances

Synth Design complete, checksum: db7056e6
INFO: [Common 17-83] Releasing license: Synthesis
57 Infos, 102 Warnings, 0 Critical Warnings and 0 Errors encountered.
synth_design completed successfully
synth_design: Time (s): cpu = 00:00:25 ; elapsed = 00:01:25 . Memory (MB): peak = 1465.910 ; gain = 1045.316
INFO: [Common 17-1381] The checkpoint 'C:/Users/chait/OneDrive/Desktop/FPGA/Project/tanh/neuron_ipcheck/neuron_ipcheck.runs/MAC_0_synth_1/MAC_0.dcp' has been generated.
INFO: [Coretcl 2-1648] Added synthesis output to IP cache for IP MAC_0, cache-ID = 595873cfa605a65b
INFO: [Coretcl 2-1174] Renamed 166 cell refs.
INFO: [Common 17-1381] The checkpoint 'C:/Users/chait/OneDrive/Desktop/FPGA/Project/tanh/neuron_ipcheck/neuron_ipcheck.runs/MAC_0_synth_1/MAC_0.dcp' has been generated.
INFO: [runtcl-4] Executing : report_utilization -file MAC_0_utilization_synth.rpt -pb MAC_0_utilization_synth.pb
INFO: [Common 17-206] Exiting Vivado at Fri Nov  8 02:57:04 2024...
